[19:59:36] [main/INFO]: Environment: authHost='https://authserver.mojang.com', accountsHost='https://api.mojang.com', sessionHost='https://sessionserver.mojang.com', servicesHost='https://api.minecraftservices.com', name='PROD'
[19:59:37] [main/INFO]: Found new data pack file/bukkit, loading it automatically
[19:59:37] [main/INFO]: Reloading ResourceManager: Default, bukkit
[19:59:39] [Worker-Main-12/INFO]: Loaded 7 recipes
[19:59:45] [main/INFO]: [STDERR]: Warning: the fonts "Times" and "Times" are not available for the Java logical font "Serif", which may have unexpected appearance or behavior. Re-enable the "Times" font to remove this warning.
[19:59:45] [Server thread/INFO]: Starting minecraft server version 1.17.1
[19:59:45] [Server thread/INFO]: Loading properties
[19:59:45] [Server thread/INFO]: Default game type: CREATIVE
[19:59:45] [Server thread/INFO]: Generating keypair
[19:59:45] [Server thread/INFO]: Starting Minecraft server on *:25565
[19:59:45] [Server thread/INFO]: Using default channel type
[19:59:46] [Server thread/INFO]: This server is running CraftBukkit version 3212-Bukkit-2cdc6b1 (MC: 1.17.1) (Implementing API version 1.17.1-R0.1-SNAPSHOT)
[19:59:46] [Server thread/WARN]: Initializing Legacy Material Support. Unless you have legacy plugins and/or data this is a bug!
[19:59:53] [Server thread/WARN]: Legacy plugin RaspberryJuice v1.12.1 does not specify an api-version.
[19:59:53] [Server thread/INFO]: [RaspberryJuice] Loading RaspberryJuice v1.12.1
[19:59:53] [Server thread/WARN]: **** SERVER IS RUNNING IN OFFLINE/INSECURE MODE!
[19:59:53] [Server thread/WARN]: The server will make no attempt to authenticate usernames. Beware.
[19:59:53] [Server thread/WARN]: While this makes the game possible to play without internet access, it also opens up the ability for hackers to connect with any username they choose.
[19:59:53] [Server thread/WARN]: To change this, set "online-mode" to "true" in the server.properties file.
[19:59:53] [Server thread/INFO]: Preparing level "world"
[20:00:02] [Server thread/WARN]: Unable to find spawn biome
[20:00:04] [Server thread/WARN]: Unable to find spawn biome
[20:00:04] [Server thread/INFO]: Preparing start region for dimension minecraft:overworld
[20:00:05] [Worker-Main-12/INFO]: Preparing spawn area: 0%
[20:00:05] [Worker-Main-10/INFO]: Preparing spawn area: 0%
[20:00:07] [Worker-Main-13/INFO]: Preparing spawn area: 0%
[20:00:07] [Worker-Main-12/INFO]: Preparing spawn area: 0%
[20:00:07] [Worker-Main-12/INFO]: Preparing spawn area: 0%
[20:00:07] [Worker-Main-10/INFO]: Preparing spawn area: 0%
[20:00:07] [Worker-Main-8/INFO]: Preparing spawn area: 0%
[20:00:07] [Worker-Main-9/INFO]: Preparing spawn area: 0%
[20:00:08] [Worker-Main-13/INFO]: Preparing spawn area: 0%
[20:00:08] [Worker-Main-11/INFO]: Preparing spawn area: 1%
[20:00:09] [Worker-Main-13/INFO]: Preparing spawn area: 2%
[20:00:09] [Worker-Main-12/INFO]: Preparing spawn area: 2%
[20:00:10] [Worker-Main-11/INFO]: Preparing spawn area: 5%
[20:00:10] [Worker-Main-11/INFO]: Preparing spawn area: 5%
[20:00:11] [Worker-Main-8/INFO]: Preparing spawn area: 5%
[20:00:11] [Worker-Main-14/INFO]: Preparing spawn area: 5%
[20:00:12] [Worker-Main-8/INFO]: Preparing spawn area: 5%
[20:00:13] [Worker-Main-10/INFO]: Preparing spawn area: 10%
[20:00:13] [Worker-Main-12/INFO]: Preparing spawn area: 10%
[20:00:13] [Worker-Main-8/INFO]: Preparing spawn area: 10%
[20:00:14] [Worker-Main-12/INFO]: Preparing spawn area: 10%
[20:00:14] [Worker-Main-9/INFO]: Preparing spawn area: 10%
[20:00:15] [Worker-Main-14/INFO]: Preparing spawn area: 15%
[20:00:15] [Worker-Main-10/INFO]: Preparing spawn area: 17%
[20:00:16] [Worker-Main-12/INFO]: Preparing spawn area: 18%
[20:00:16] [Worker-Main-9/INFO]: Preparing spawn area: 19%
[20:00:17] [Worker-Main-8/INFO]: Preparing spawn area: 19%
[20:00:17] [Worker-Main-9/INFO]: Preparing spawn area: 21%
[20:00:18] [Worker-Main-14/INFO]: Preparing spawn area: 21%
[20:00:18] [Worker-Main-9/INFO]: Preparing spawn area: 23%
[20:00:19] [Worker-Main-13/INFO]: Preparing spawn area: 24%
[20:00:19] [Worker-Main-11/INFO]: Preparing spawn area: 25%
[20:00:20] [Worker-Main-10/INFO]: Preparing spawn area: 26%
[20:00:20] [Worker-Main-13/INFO]: Preparing spawn area: 26%
[20:00:21] [Worker-Main-12/INFO]: Preparing spawn area: 26%
[20:00:21] [Worker-Main-9/INFO]: Preparing spawn area: 26%
[20:00:22] [Worker-Main-8/INFO]: Preparing spawn area: 26%
[20:00:22] [Worker-Main-13/INFO]: Preparing spawn area: 32%
[20:00:23] [Worker-Main-11/INFO]: Preparing spawn area: 33%
[20:00:23] [Worker-Main-11/INFO]: Preparing spawn area: 35%
[20:00:24] [Worker-Main-9/INFO]: Preparing spawn area: 37%
[20:00:24] [Worker-Main-8/INFO]: Preparing spawn area: 39%
[20:00:25] [Worker-Main-10/INFO]: Preparing spawn area: 42%
[20:00:25] [Worker-Main-12/INFO]: Preparing spawn area: 44%
[20:00:26] [Worker-Main-11/INFO]: Preparing spawn area: 49%
[20:00:26] [Worker-Main-13/INFO]: Preparing spawn area: 54%
[20:00:27] [Worker-Main-11/INFO]: Preparing spawn area: 57%
[20:00:28] [Worker-Main-12/INFO]: Preparing spawn area: 59%
[20:00:28] [Worker-Main-8/INFO]: Preparing spawn area: 63%
[20:00:28] [Worker-Main-8/INFO]: Preparing spawn area: 68%
[20:00:29] [Worker-Main-8/INFO]: Preparing spawn area: 72%
[20:00:30] [Worker-Main-14/INFO]: Preparing spawn area: 77%
[20:00:30] [Worker-Main-13/INFO]: Preparing spawn area: 82%
[20:00:30] [Worker-Main-8/INFO]: Preparing spawn area: 86%
[20:00:31] [Worker-Main-11/INFO]: Preparing spawn area: 92%
[20:00:31] [Worker-Main-12/INFO]: Preparing spawn area: 96%
[20:00:32] [Server thread/INFO]: Time elapsed: 27883 ms
[20:00:32] [Server thread/INFO]: Preparing start region for dimension minecraft:the_nether
[20:00:32] [Worker-Main-10/INFO]: Preparing spawn area: 0%
[20:00:32] [Worker-Main-9/INFO]: Preparing spawn area: 0%
[20:00:33] [Worker-Main-8/INFO]: Preparing spawn area: 6%
[20:00:33] [Worker-Main-9/INFO]: Preparing spawn area: 12%
[20:00:34] [Worker-Main-8/INFO]: Preparing spawn area: 18%
[20:00:34] [Worker-Main-12/INFO]: Preparing spawn area: 20%
[20:00:35] [Worker-Main-11/INFO]: Preparing spawn area: 25%
[20:00:35] [Worker-Main-11/INFO]: Preparing spawn area: 34%
[20:00:36] [Worker-Main-8/INFO]: Preparing spawn area: 36%
[20:00:36] [Worker-Main-11/INFO]: Preparing spawn area: 44%
[20:00:37] [Worker-Main-9/INFO]: Preparing spawn area: 46%
[20:00:37] [Worker-Main-11/INFO]: Preparing spawn area: 55%
[20:00:38] [Worker-Main-10/INFO]: Preparing spawn area: 59%
[20:00:38] [Worker-Main-11/INFO]: Preparing spawn area: 59%
[20:00:39] [Worker-Main-10/INFO]: Preparing spawn area: 59%
[20:00:39] [Worker-Main-13/INFO]: Preparing spawn area: 71%
[20:00:40] [Worker-Main-8/INFO]: Preparing spawn area: 71%
[20:00:41] [Worker-Main-14/INFO]: Preparing spawn area: 71%
[20:00:41] [Worker-Main-10/INFO]: Preparing spawn area: 82%
[20:00:41] [Worker-Main-8/INFO]: Preparing spawn area: 90%
[20:00:42] [Server thread/INFO]: Time elapsed: 9987 ms
[20:00:42] [Server thread/INFO]: Preparing start region for dimension minecraft:the_end
[20:00:42] [Worker-Main-11/INFO]: Preparing spawn area: 0%
[20:00:42] [Worker-Main-13/INFO]: Preparing spawn area: 15%
[20:00:43] [Worker-Main-12/INFO]: Preparing spawn area: 47%
[20:00:43] [Worker-Main-8/INFO]: Preparing spawn area: 91%
[20:00:43] [Server thread/INFO]: Time elapsed: 1561 ms
[20:00:43] [Server thread/INFO]: [RaspberryJuice] Enabling RaspberryJuice v1.12.1
[20:00:43] [Server thread/INFO]: [RaspberryJuice] Using host:port - 0.0.0.0:4711
[20:00:43] [Server thread/INFO]: [RaspberryJuice] Using RELATIVE locations
[20:00:43] [Server thread/INFO]: [RaspberryJuice] Using RIGHT clicks for hits
[20:00:43] [Server thread/INFO]: [RaspberryJuice] ThreadListener Started
[20:00:43] [Server thread/INFO]: Server permissions file permissions.yml is empty, ignoring it
[20:00:43] [Server thread/INFO]: Done (50.119s)! For help, type "help"
[20:00:52] [Server thread/INFO]: [0;33;1m--------- [0;37;1mHelp: Index [0;33;1m---------------------------[m
[20:00:52] [Server thread/INFO]: [0;37;22mUse /help [n] to get page n of help.[m
[20:00:52] [Server thread/INFO]: [0;33;22mAliases: [0;37;1mLists command aliases[m
[20:00:52] [Server thread/INFO]: [0;33;22mBukkit: [0;37;1mAll commands for Bukkit[m
[20:00:52] [Server thread/INFO]: [0;33;22mMinecraft: [0;37;1mAll commands for Minecraft[m
[20:00:52] [Server thread/INFO]: [0;33;22m/advancement: [0;37;1mA Mojang provided command.[m
[20:00:52] [Server thread/INFO]: [0;33;22m/attribute: [0;37;1mA Mojang provided command.[m
[20:00:52] [Server thread/INFO]: [0;33;22m/ban: [0;37;1mA Mojang provided command.[m
[20:00:52] [Server thread/INFO]: [0;33;22m/ban-ip: [0;37;1mA Mojang provided command.[m
[20:00:52] [Server thread/INFO]: [0;33;22m/banlist: [0;37;1mA Mojang provided command.[m
[20:00:52] [Server thread/INFO]: [0;33;22m/bossbar: [0;37;1mA Mojang provided command.[m
[20:00:52] [Server thread/INFO]: [0;33;22m/clear: [0;37;1mA Mojang provided command.[m
[20:00:52] [Server thread/INFO]: [0;33;22m/clone: [0;37;1mA Mojang provided command.[m
[20:00:52] [Server thread/INFO]: [0;33;22m/data: [0;37;1mA Mojang provided command.[m
[20:00:52] [Server thread/INFO]: [0;33;22m/datapack: [0;37;1mA Mojang provided command.[m
[20:00:52] [Server thread/INFO]: [0;33;22m/debug: [0;37;1mA Mojang provided command.[m
[20:00:52] [Server thread/INFO]: [0;33;22m/defaultgamemode: [0;37;1mA Mojang provided command.[m
[20:00:52] [Server thread/INFO]: [0;33;22m/deop: [0;37;1mA Mojang provided command.[m
[20:00:52] [Server thread/INFO]: [0;33;22m/difficulty: [0;37;1mA Mojang provided command.[m
[20:00:52] [Server thread/INFO]: [0;33;22m/effect: [0;37;1mA Mojang provided command.[m
[20:00:52] [Server thread/INFO]: [0;33;22m/enchant: [0;37;1mA Mojang provided command.[m
[20:00:52] [Server thread/INFO]: [0;33;22m/execute: [0;37;1mA Mojang provided command.[m
[20:00:52] [Server thread/INFO]: [0;33;22m/experience: [0;37;1mA Mojang provided command.[m
[20:00:52] [Server thread/INFO]: [0;33;22m/fill: [0;37;1mA Mojang provided command.[m
[20:00:52] [Server thread/INFO]: [0;33;22m/forceload: [0;37;1mA Mojang provided command.[m
[20:00:52] [Server thread/INFO]: [0;33;22m/function: [0;37;1mA Mojang provided command.[m
[20:00:52] [Server thread/INFO]: [0;33;22m/gamemode: [0;37;1mA Mojang provided command.[m
[20:00:52] [Server thread/INFO]: [0;33;22m/gamerule: [0;37;1mA Mojang provided command.[m
[20:00:52] [Server thread/INFO]: [0;33;22m/give: [0;37;1mA Mojang provided command.[m
[20:00:52] [Server thread/INFO]: [0;33;22m/help: [0;37;1mShows the help menu[m
[20:00:52] [Server thread/INFO]: [0;33;22m/item: [0;37;1mA Mojang provided command.[m
[20:00:52] [Server thread/INFO]: [0;33;22m/kick: [0;37;1mA Mojang provided command.[m
[20:00:52] [Server thread/INFO]: [0;33;22m/kill: [0;37;1mA Mojang provided command.[m
[20:00:52] [Server thread/INFO]: [0;33;22m/list: [0;37;1mA Mojang provided command.[m
[20:00:52] [Server thread/INFO]: [0;33;22m/locate: [0;37;1mA Mojang provided command.[m
[20:00:52] [Server thread/INFO]: [0;33;22m/locatebiome: [0;37;1mA Mojang provided command.[m
[20:00:52] [Server thread/INFO]: [0;33;22m/loot: [0;37;1mA Mojang provided command.[m
[20:00:52] [Server thread/INFO]: [0;33;22m/me: [0;37;1mA Mojang provided command.[m
[20:00:52] [Server thread/INFO]: [0;33;22m/minecraft:help: [0;37;1mA Mojang provided command.[m
[20:00:52] [Server thread/INFO]: [0;33;22m/minecraft:reload: [0;37;1mA Mojang provided command.[m
[20:00:52] [Server thread/INFO]: [0;33;22m/msg: [0;37;1mA Mojang provided command.[m
[20:00:52] [Server thread/INFO]: [0;33;22m/op: [0;37;1mA Mojang provided command.[m
[20:00:52] [Server thread/INFO]: [0;33;22m/pardon: [0;37;1mA Mojang provided command.[m
[20:00:52] [Server thread/INFO]: [0;33;22m/pardon-ip: [0;37;1mA Mojang provided command.[m
[20:00:52] [Server thread/INFO]: [0;33;22m/particle: [0;37;1mA Mojang provided command.[m
[20:00:52] [Server thread/INFO]: [0;33;22m/perf: [0;37;1mA Mojang provided command.[m
[20:00:52] [Server thread/INFO]: [0;33;22m/playsound: [0;37;1mA Mojang provided command.[m
[20:00:52] [Server thread/INFO]: [0;33;22m/plugins: [0;37;1mGets a list of plugins running on the server[m
[20:00:52] [Server thread/INFO]: [0;33;22m/recipe: [0;37;1mA Mojang provided command.[m
[20:00:52] [Server thread/INFO]: [0;33;22m/reload: [0;37;1mReloads the server configuration and plugins[m
[20:00:52] [Server thread/INFO]: [0;33;22m/save-all: [0;37;1mA Mojang provided command.[m
[20:00:52] [Server thread/INFO]: [0;33;22m/save-off: [0;37;1mA Mojang provided command.[m
[20:00:52] [Server thread/INFO]: [0;33;22m/save-on: [0;37;1mA Mojang provided command.[m
[20:00:52] [Server thread/INFO]: [0;33;22m/say: [0;37;1mA Mojang provided command.[m
[20:00:52] [Server thread/INFO]: [0;33;22m/schedule: [0;37;1mA Mojang provided command.[m
[20:00:52] [Server thread/INFO]: [0;33;22m/scoreboard: [0;37;1mA Mojang provided command.[m
[20:00:52] [Server thread/INFO]: [0;33;22m/seed: [0;37;1mA Mojang provided command.[m
[20:00:52] [Server thread/INFO]: [0;33;22m/setblock: [0;37;1mA Mojang provided command.[m
[20:00:52] [Server thread/INFO]: [0;33;22m/setidletimeout: [0;37;1mA Mojang provided command.[m
[20:00:52] [Server thread/INFO]: [0;33;22m/setworldspawn: [0;37;1mA Mojang provided command.[m
[20:00:52] [Server thread/INFO]: [0;33;22m/spawnpoint: [0;37;1mA Mojang provided command.[m
[20:00:52] [Server thread/INFO]: [0;33;22m/spectate: [0;37;1mA Mojang provided command.[m
[20:00:52] [Server thread/INFO]: [0;33;22m/spreadplayers: [0;37;1mA Mojang provided command.[m
[20:00:52] [Server thread/INFO]: [0;33;22m/stop: [0;37;1mA Mojang provided command.[m
[20:00:52] [Server thread/INFO]: [0;33;22m/stopsound: [0;37;1mA Mojang provided command.[m
[20:00:52] [Server thread/INFO]: [0;33;22m/summon: [0;37;1mA Mojang provided command.[m
[20:00:52] [Server thread/INFO]: [0;33;22m/tag: [0;37;1mA Mojang provided command.[m
[20:00:52] [Server thread/INFO]: [0;33;22m/team: [0;37;1mA Mojang provided command.[m
[20:00:52] [Server thread/INFO]: [0;33;22m/teammsg: [0;37;1mA Mojang provided command.[m
[20:00:52] [Server thread/INFO]: [0;33;22m/teleport: [0;37;1mA Mojang provided command.[m
[20:00:52] [Server thread/INFO]: [0;33;22m/tell: [0;37;1mA Mojang provided command.[m
[20:00:52] [Server thread/INFO]: [0;33;22m/tellraw: [0;37;1mA Mojang provided command.[m
[20:00:52] [Server thread/INFO]: [0;33;22m/time: [0;37;1mA Mojang provided command.[m
[20:00:52] [Server thread/INFO]: [0;33;22m/timings: [0;37;1mRecords timings for all plugin events[m
[20:00:52] [Server thread/INFO]: [0;33;22m/title: [0;37;1mA Mojang provided command.[m
[20:00:52] [Server thread/INFO]: [0;33;22m/tm: [0;37;1mA Mojang provided command.[m
[20:00:52] [Server thread/INFO]: [0;33;22m/tp: [0;37;1mA Mojang provided command.[m
[20:00:52] [Server thread/INFO]: [0;33;22m/trigger: [0;37;1mA Mojang provided command.[m
[20:00:52] [Server thread/INFO]: [0;33;22m/version: [0;37;1mGets the version of this server including any plugins in use[m
[20:00:52] [Server thread/INFO]: [0;33;22m/w: [0;37;1mA Mojang provided command.[m
[20:00:52] [Server thread/INFO]: [0;33;22m/weather: [0;37;1mA Mojang provided command.[m
[20:00:52] [Server thread/INFO]: [0;33;22m/whitelist: [0;37;1mA Mojang provided command.[m
[20:00:52] [Server thread/INFO]: [0;33;22m/worldborder: [0;37;1mA Mojang provided command.[m
[20:00:52] [Server thread/INFO]: [0;33;22m/xp: [0;37;1mA Mojang provided command.[m
[20:01:44] [Server thread/INFO]: Welcome batago[m
[20:01:45] [Server thread/INFO]: batago[/127.0.0.1:60239] logged in with entity id 389 at ([world]38.5, 65.0, 103.5)
[20:02:40] [Thread-9/INFO]: [RaspberryJuice] Opened connection to/127.0.0.1:60241.
[20:02:40] [Thread-11/INFO]: [RaspberryJuice] Starting input thread
[20:02:40] [Thread-12/INFO]: [RaspberryJuice] Starting output thread!
[20:02:40] [Server thread/INFO]: please go to home x=58 y=6 z=-103 for 15s to fly[m
[20:02:40] [Server thread/INFO]: x:7y:-3z:7[m
[20:02:41] [Server thread/INFO]: please go to home x=58 y=6 z=-103 for 15s to fly[m
[20:02:41] [Server thread/INFO]: x:7y:-3z:7[m
[20:02:41] [Server thread/INFO]: please go to home x=58 y=6 z=-103 for 15s to fly[m
[20:02:41] [Server thread/INFO]: x:7y:-3z:7[m
[20:02:42] [Server thread/INFO]: please go to home x=58 y=6 z=-103 for 15s to fly[m
[20:02:42] [Server thread/INFO]: x:7y:-3z:7[m
[20:02:42] [Server thread/INFO]: please go to home x=58 y=6 z=-103 for 15s to fly[m
[20:02:42] [Server thread/INFO]: x:7y:-3z:7[m
[20:02:43] [Server thread/INFO]: please go to home x=58 y=6 z=-103 for 15s to fly[m
[20:02:43] [Server thread/INFO]: x:7y:-3z:7[m
[20:02:44] [Server thread/INFO]: please go to home x=58 y=6 z=-103 for 15s to fly[m
[20:02:44] [Server thread/INFO]: x:7y:-3z:7[m
[20:02:44] [Server thread/INFO]: please go to home x=58 y=6 z=-103 for 15s to fly[m
[20:02:44] [Server thread/INFO]: x:7y:-3z:7[m
[20:02:45] [Server thread/INFO]: please go to home x=58 y=6 z=-103 for 15s to fly[m
[20:02:45] [Server thread/INFO]: x:7y:-3z:7[m
[20:02:45] [Server thread/INFO]: please go to home x=58 y=6 z=-103 for 15s to fly[m
[20:02:45] [Server thread/INFO]: x:7y:-3z:7[m
[20:02:46] [Server thread/INFO]: please go to home x=58 y=6 z=-103 for 15s to fly[m
[20:02:46] [Server thread/INFO]: x:7y:-3z:7[m
[20:02:46] [Server thread/INFO]: please go to home x=58 y=6 z=-103 for 15s to fly[m
[20:02:46] [Server thread/INFO]: x:7y:-3z:7[m
[20:02:47] [Server thread/INFO]: please go to home x=58 y=6 z=-103 for 15s to fly[m
[20:02:47] [Server thread/INFO]: x:7y:-3z:8[m
[20:02:47] [Server thread/INFO]: please go to home x=58 y=6 z=-103 for 15s to fly[m
[20:02:47] [Server thread/INFO]: x:7y:-3z:9[m
[20:02:48] [Server thread/INFO]: please go to home x=58 y=6 z=-103 for 15s to fly[m
[20:02:48] [Server thread/INFO]: x:7y:-3z:9[m
[20:02:48] [Server thread/INFO]: please go to home x=58 y=6 z=-103 for 15s to fly[m
[20:02:48] [Server thread/INFO]: x:8y:-4z:10[m
[20:02:49] [Server thread/INFO]: please go to home x=58 y=6 z=-103 for 15s to fly[m
[20:02:49] [Server thread/INFO]: x:8y:-1z:10[m
[20:02:50] [Server thread/INFO]: please go to home x=58 y=6 z=-103 for 15s to fly[m
[20:02:50] [Server thread/INFO]: x:8y:3z:10[m
[20:02:50] [Server thread/INFO]: please go to home x=58 y=6 z=-103 for 15s to fly[m
[20:02:50] [Server thread/INFO]: x:8y:3z:10[m
[20:02:51] [Server thread/INFO]: please go to home x=58 y=6 z=-103 for 15s to fly[m
[20:02:51] [Server thread/INFO]: x:9y:3z:13[m
[20:02:51] [Server thread/INFO]: please go to home x=58 y=6 z=-103 for 15s to fly[m
[20:02:51] [Server thread/INFO]: x:10y:3z:15[m
[20:02:52] [Server thread/INFO]: please go to home x=58 y=6 z=-103 for 15s to fly[m
[20:02:52] [Server thread/INFO]: x:11y:3z:16[m
[20:02:52] [Server thread/INFO]: please go to home x=58 y=6 z=-103 for 15s to fly[m
[20:02:52] [Server thread/INFO]: x:11y:3z:16[m
[20:02:53] [Server thread/INFO]: please go to home x=58 y=6 z=-103 for 15s to fly[m
[20:02:53] [Server thread/INFO]: x:11y:3z:16[m
[20:02:53] [Server thread/INFO]: please go to home x=58 y=6 z=-103 for 15s to fly[m
[20:02:53] [Server thread/INFO]: x:11y:3z:16[m
[20:02:54] [Server thread/INFO]: please go to home x=58 y=6 z=-103 for 15s to fly[m
[20:02:54] [Server thread/INFO]: x:11y:3z:16[m
[20:02:55] [Server thread/INFO]: please go to home x=58 y=6 z=-103 for 15s to fly[m
[20:02:55] [Server thread/INFO]: x:11y:3z:16[m
[20:02:55] [Server thread/INFO]: please go to home x=58 y=6 z=-103 for 15s to fly[m
[20:02:55] [Server thread/INFO]: x:11y:3z:16[m
[20:02:56] [Server thread/INFO]: please go to home x=58 y=6 z=-103 for 15s to fly[m
[20:02:56] [Server thread/INFO]: x:11y:3z:16[m
[20:02:56] [Server thread/INFO]: please go to home x=58 y=6 z=-103 for 15s to fly[m
[20:02:56] [Server thread/INFO]: x:9y:3z:15[m
[20:02:57] [Server thread/INFO]: please go to home x=58 y=6 z=-103 for 15s to fly[m
[20:02:57] [Server thread/INFO]: x:5y:3z:14[m
[20:02:57] [Server thread/INFO]: please go to home x=58 y=6 z=-103 for 15s to fly[m
[20:02:57] [Server thread/INFO]: x:0y:3z:11[m
[20:02:58] [Server thread/INFO]: please go to home x=58 y=6 z=-103 for 15s to fly[m
[20:02:58] [Server thread/INFO]: x:-3y:3z:10[m
[20:02:58] [Server thread/INFO]: please go to home x=58 y=6 z=-103 for 15s to fly[m
[20:02:58] [Server thread/INFO]: x:-4y:3z:10[m
[20:02:59] [Server thread/INFO]: please go to home x=58 y=6 z=-103 for 15s to fly[m
[20:02:59] [Server thread/INFO]: x:-4y:3z:10[m
[20:02:59] [Server thread/INFO]: please go to home x=58 y=6 z=-103 for 15s to fly[m
[20:02:59] [Server thread/INFO]: x:-4y:3z:10[m
[20:03:00] [Server thread/INFO]: please go to home x=58 y=6 z=-103 for 15s to fly[m
[20:03:00] [Server thread/INFO]: x:-4y:3z:10[m
[20:03:01] [Server thread/INFO]: please go to home x=58 y=6 z=-103 for 15s to fly[m
[20:03:01] [Server thread/INFO]: x:-4y:3z:10[m
[20:03:01] [Server thread/INFO]: please go to home x=58 y=6 z=-103 for 15s to fly[m
[20:03:01] [Server thread/INFO]: x:-4y:3z:10[m
[20:03:02] [Server thread/INFO]: please go to home x=58 y=6 z=-103 for 15s to fly[m
[20:03:02] [Server thread/INFO]: x:-3y:3z:8[m
[20:03:02] [Server thread/INFO]: please go to home x=58 y=6 z=-103 for 15s to fly[m
[20:03:02] [Server thread/INFO]: x:1y:3z:6[m
[20:03:03] [Server thread/INFO]: please go to home x=58 y=6 z=-103 for 15s to fly[m
[20:03:03] [Server thread/INFO]: x:5y:3z:3[m
[20:03:03] [Server thread/INFO]: please go to home x=58 y=6 z=-103 for 15s to fly[m
[20:03:03] [Server thread/INFO]: x:10y:3z:-1[m
[20:03:04] [Server thread/INFO]: please go to home x=58 y=6 z=-103 for 15s to fly[m
[20:03:04] [Server thread/INFO]: x:15y:3z:-4[m
[20:03:04] [Server thread/INFO]: please go to home x=58 y=6 z=-103 for 15s to fly[m
[20:03:04] [Server thread/INFO]: x:19y:3z:-7[m
[20:03:05] [Server thread/INFO]: please go to home x=58 y=6 z=-103 for 15s to fly[m
[20:03:05] [Server thread/INFO]: x:21y:3z:-9[m
[20:03:06] [Server thread/INFO]: please go to home x=58 y=6 z=-103 for 15s to fly[m
[20:03:06] [Server thread/INFO]: x:24y:3z:-11[m
[20:03:06] [Server thread/INFO]: please go to home x=58 y=6 z=-103 for 15s to fly[m
[20:03:06] [Server thread/INFO]: x:29y:3z:-14[m
[20:03:07] [Server thread/INFO]: please go to home x=58 y=6 z=-103 for 15s to fly[m
[20:03:07] [Server thread/INFO]: x:34y:3z:-18[m
[20:03:07] [Server thread/INFO]: please go to home x=58 y=6 z=-103 for 15s to fly[m
[20:03:07] [Server thread/INFO]: x:38y:5z:-21[m
[20:03:08] [Server thread/INFO]: please go to home x=58 y=6 z=-103 for 15s to fly[m
[20:03:08] [Server thread/INFO]: x:43y:7z:-25[m
[20:03:08] [Server thread/INFO]: please go to home x=58 y=6 z=-103 for 15s to fly[m
[20:03:08] [Server thread/INFO]: x:48y:8z:-28[m
[20:03:09] [Server thread/INFO]: please go to home x=58 y=6 z=-103 for 15s to fly[m
[20:03:09] [Server thread/INFO]: x:53y:9z:-32[m
[20:03:09] [Server thread/INFO]: please go to home x=58 y=6 z=-103 for 15s to fly[m
[20:03:09] [Server thread/INFO]: x:58y:9z:-35[m
[20:03:10] [Server thread/INFO]: please go to home x=58 y=6 z=-103 for 15s to fly[m
[20:03:10] [Server thread/INFO]: x:61y:9z:-37[m
[20:03:10] [Server thread/INFO]: please go to home x=58 y=6 z=-103 for 15s to fly[m
[20:03:10] [Server thread/INFO]: x:60y:9z:-37[m
[20:03:11] [Server thread/INFO]: please go to home x=58 y=6 z=-103 for 15s to fly[m
[20:03:11] [Server thread/INFO]: x:59y:9z:-37[m
[20:03:12] [Server thread/INFO]: please go to home x=58 y=6 z=-103 for 15s to fly[m
[20:03:12] [Server thread/INFO]: x:59y:9z:-36[m
[20:03:12] [Server thread/INFO]: please go to home x=58 y=6 z=-103 for 15s to fly[m
[20:03:12] [Server thread/INFO]: x:57y:9z:-35[m
[20:03:13] [Server thread/INFO]: please go to home x=58 y=6 z=-103 for 15s to fly[m
[20:03:13] [Server thread/INFO]: x:57y:9z:-35[m
[20:03:13] [Server thread/INFO]: please go to home x=58 y=6 z=-103 for 15s to fly[m
[20:03:13] [Server thread/INFO]: x:57y:9z:-35[m
[20:03:14] [Server thread/INFO]: please go to home x=58 y=6 z=-103 for 15s to fly[m
[20:03:14] [Server thread/INFO]: x:57y:9z:-35[m
[20:03:14] [Server thread/INFO]: please go to home x=58 y=6 z=-103 for 15s to fly[m
[20:03:14] [Server thread/INFO]: x:56y:9z:-34[m
[20:03:15] [Server thread/INFO]: please go to home x=58 y=6 z=-103 for 15s to fly[m
[20:03:15] [Server thread/INFO]: x:56y:9z:-34[m
[20:03:15] [Server thread/INFO]: please go to home x=58 y=6 z=-103 for 15s to fly[m
[20:03:15] [Server thread/INFO]: x:56y:9z:-34[m
[20:03:16] [Server thread/INFO]: please go to home x=58 y=6 z=-103 for 15s to fly[m
[20:03:16] [Server thread/INFO]: x:57y:9z:-35[m
[20:03:17] [Server thread/INFO]: please go to home x=58 y=6 z=-103 for 15s to fly[m
[20:03:17] [Server thread/INFO]: x:57y:9z:-35[m
[20:03:17] [Server thread/INFO]: please go to home x=58 y=6 z=-103 for 15s to fly[m
[20:03:17] [Server thread/INFO]: x:57y:9z:-35[m
[20:03:18] [Server thread/INFO]: please go to home x=58 y=6 z=-103 for 15s to fly[m
[20:03:18] [Server thread/INFO]: x:58y:9z:-36[m
[20:03:18] [Server thread/INFO]: please go to home x=58 y=6 z=-103 for 15s to fly[m
[20:03:18] [Server thread/INFO]: x:58y:9z:-36[m
[20:03:19] [Server thread/INFO]: please go to home x=58 y=6 z=-103 for 15s to fly[m
[20:03:19] [Server thread/INFO]: x:58y:9z:-36[m
[20:03:19] [Server thread/INFO]: please go to home x=58 y=6 z=-103 for 15s to fly[m
[20:03:19] [Server thread/INFO]: x:58y:9z:-36[m
[20:03:20] [Server thread/INFO]: please go to home x=58 y=6 z=-103 for 15s to fly[m
[20:03:20] [Server thread/INFO]: x:58y:9z:-36[m
[20:03:20] [Server thread/INFO]: please go to home x=58 y=6 z=-103 for 15s to fly[m
[20:03:20] [Server thread/INFO]: x:58y:9z:-36[m
[20:03:21] [Server thread/INFO]: please go to home x=58 y=6 z=-103 for 15s to fly[m
[20:03:21] [Server thread/INFO]: x:58y:9z:-36[m
[20:03:21] [Server thread/INFO]: please go to home x=58 y=6 z=-103 for 15s to fly[m
[20:03:21] [Server thread/INFO]: x:58y:9z:-36[m
[20:03:22] [Server thread/INFO]: please go to home x=58 y=6 z=-103 for 15s to fly[m
[20:03:22] [Server thread/INFO]: x:58y:9z:-36[m
[20:03:23] [Server thread/INFO]: please go to home x=58 y=6 z=-103 for 15s to fly[m
[20:03:23] [Server thread/INFO]: x:58y:9z:-36[m
[20:03:23] [Server thread/INFO]: please go to home x=58 y=6 z=-103 for 15s to fly[m
[20:03:23] [Server thread/INFO]: x:58y:8z:-36[m
[20:03:24] [Server thread/INFO]: please go to home x=58 y=6 z=-103 for 15s to fly[m
[20:03:24] [Server thread/INFO]: x:58y:6z:-36[m
[20:03:24] [Server thread/INFO]: please go to home x=58 y=6 z=-103 for 15s to fly[m
[20:03:24] [Server thread/INFO]: x:58y:6z:-36[m
[20:03:25] [Server thread/INFO]: please go to home x=58 y=6 z=-103 for 15s to fly[m
[20:03:25] [Server thread/INFO]: x:58y:6z:-36[m
[20:03:25] [Server thread/INFO]: please go to home x=58 y=6 z=-103 for 15s to fly[m
[20:03:25] [Server thread/INFO]: x:58y:6z:-36[m
[20:03:26] [Server thread/INFO]: please go to home x=58 y=6 z=-103 for 15s to fly[m
[20:03:26] [Server thread/INFO]: x:58y:6z:-36[m
[20:03:26] [Server thread/INFO]: please go to home x=58 y=6 z=-103 for 15s to fly[m
[20:03:26] [Server thread/INFO]: x:58y:6z:-36[m
[20:03:27] [Server thread/INFO]: please go to home x=58 y=6 z=-103 for 15s to fly[m
[20:03:27] [Server thread/INFO]: x:58y:6z:-36[m
[20:03:28] [Server thread/INFO]: please go to home x=58 y=6 z=-103 for 15s to fly[m
[20:03:28] [Server thread/INFO]: x:58y:6z:-36[m
[20:03:28] [Server thread/INFO]: please go to home x=58 y=6 z=-103 for 15s to fly[m
[20:03:28] [Server thread/INFO]: x:58y:6z:-36[m
[20:03:29] [Server thread/INFO]: please go to home x=58 y=6 z=-103 for 15s to fly[m
[20:03:29] [Server thread/INFO]: x:58y:6z:-36[m
[20:03:29] [Server thread/INFO]: please go to home x=58 y=6 z=-103 for 15s to fly[m
[20:03:29] [Server thread/INFO]: x:58y:6z:-36[m
[20:03:30] [Server thread/INFO]: please go to home x=58 y=6 z=-103 for 15s to fly[m
[20:03:30] [Server thread/INFO]: x:58y:6z:-36[m
[20:03:30] [Server thread/INFO]: please go to home x=58 y=6 z=-103 for 15s to fly[m
[20:03:30] [Server thread/INFO]: x:61y:6z:-37[m
[20:03:31] [Server thread/INFO]: please go to home x=58 y=6 z=-103 for 15s to fly[m
[20:03:31] [Server thread/INFO]: x:63y:6z:-37[m
[20:03:31] [Server thread/INFO]: please go to home x=58 y=6 z=-103 for 15s to fly[m
[20:03:31] [Server thread/INFO]: x:63y:6z:-37[m
[20:03:32] [Server thread/INFO]: please go to home x=58 y=6 z=-103 for 15s to fly[m
[20:03:32] [Server thread/INFO]: x:63y:6z:-37[m
[20:03:32] [Server thread/INFO]: please go to home x=58 y=6 z=-103 for 15s to fly[m
[20:03:32] [Server thread/INFO]: x:63y:6z:-37[m
[20:03:33] [Server thread/INFO]: please go to home x=58 y=6 z=-103 for 15s to fly[m
[20:03:33] [Server thread/INFO]: x:63y:6z:-37[m
[20:03:34] [Server thread/INFO]: please go to home x=58 y=6 z=-103 for 15s to fly[m
[20:03:34] [Server thread/INFO]: x:63y:6z:-37[m
[20:03:34] [Server thread/INFO]: please go to home x=58 y=6 z=-103 for 15s to fly[m
[20:03:34] [Server thread/INFO]: x:63y:6z:-37[m
[20:03:35] [Server thread/INFO]: please go to home x=58 y=6 z=-103 for 15s to fly[m
[20:03:35] [Server thread/INFO]: x:63y:6z:-37[m
[20:03:35] [Server thread/INFO]: please go to home x=58 y=6 z=-103 for 15s to fly[m
[20:03:35] [Server thread/INFO]: x:63y:6z:-37[m
[20:03:36] [Server thread/INFO]: please go to home x=58 y=6 z=-103 for 15s to fly[m
[20:03:36] [Server thread/INFO]: x:63y:6z:-37[m
[20:03:36] [Server thread/INFO]: please go to home x=58 y=6 z=-103 for 15s to fly[m
[20:03:36] [Server thread/INFO]: x:62y:6z:-37[m
[20:03:37] [Server thread/INFO]: please go to home x=58 y=6 z=-103 for 15s to fly[m
[20:03:37] [Server thread/INFO]: x:64y:6z:-37[m
[20:03:37] [Server thread/INFO]: please go to home x=58 y=6 z=-103 for 15s to fly[m
[20:03:37] [Server thread/INFO]: x:66y:10z:-37[m
[20:03:38] [Server thread/INFO]: please go to home x=58 y=6 z=-103 for 15s to fly[m
[20:03:38] [Server thread/INFO]: x:69y:11z:-38[m
[20:03:39] [Server thread/INFO]: please go to home x=58 y=6 z=-103 for 15s to fly[m
[20:03:39] [Server thread/INFO]: x:71y:12z:-38[m
[20:03:39] [Server thread/INFO]: please go to home x=58 y=6 z=-103 for 15s to fly[m
[20:03:39] [Server thread/INFO]: x:75y:12z:-39[m
[20:03:40] [Server thread/INFO]: please go to home x=58 y=6 z=-103 for 15s to fly[m
[20:03:40] [Server thread/INFO]: x:75y:12z:-39[m
[20:03:40] [Server thread/INFO]: please go to home x=58 y=6 z=-103 for 15s to fly[m
[20:03:40] [Server thread/INFO]: x:78y:14z:-39[m
[20:03:41] [Server thread/INFO]: please go to home x=58 y=6 z=-103 for 15s to fly[m
[20:03:41] [Server thread/INFO]: x:84y:14z:-40[m
[20:03:41] [Server thread/INFO]: please go to home x=58 y=6 z=-103 for 15s to fly[m
[20:03:41] [Server thread/INFO]: x:89y:17z:-40[m
[20:03:42] [Server thread/INFO]: please go to home x=58 y=6 z=-103 for 15s to fly[m
[20:03:42] [Server thread/INFO]: x:95y:20z:-41[m
[20:03:42] [Server thread/INFO]: please go to home x=58 y=6 z=-103 for 15s to fly[m
[20:03:42] [Server thread/INFO]: x:101y:21z:-42[m
[20:03:43] [Server thread/INFO]: please go to home x=58 y=6 z=-103 for 15s to fly[m
[20:03:43] [Server thread/INFO]: x:107y:25z:-42[m
[20:03:43] [Server thread/INFO]: please go to home x=58 y=6 z=-103 for 15s to fly[m
[20:03:43] [Server thread/INFO]: x:113y:29z:-43[m
[20:03:44] [Server thread/INFO]: please go to home x=58 y=6 z=-103 for 15s to fly[m
[20:03:44] [Server thread/INFO]: x:119y:29z:-43[m
[20:03:45] [Server thread/INFO]: please go to home x=58 y=6 z=-103 for 15s to fly[m
[20:03:45] [Server thread/INFO]: x:125y:29z:-43[m
[20:03:45] [Server thread/INFO]: please go to home x=58 y=6 z=-103 for 15s to fly[m
[20:03:45] [Server thread/INFO]: x:131y:29z:-43[m
[20:03:46] [Server thread/INFO]: please go to home x=58 y=6 z=-103 for 15s to fly[m
[20:03:46] [Server thread/INFO]: x:137y:30z:-44[m
[20:03:46] [Server thread/INFO]: please go to home x=58 y=6 z=-103 for 15s to fly[m
[20:03:46] [Server thread/INFO]: x:142y:30z:-44[m
[20:03:47] [Server thread/INFO]: please go to home x=58 y=6 z=-103 for 15s to fly[m
[20:03:47] [Server thread/INFO]: x:145y:34z:-44[m
[20:03:47] [Server thread/INFO]: please go to home x=58 y=6 z=-103 for 15s to fly[m
[20:03:47] [Server thread/INFO]: x:149y:37z:-44[m
[20:03:48] [Server thread/INFO]: please go to home x=58 y=6 z=-103 for 15s to fly[m
[20:03:48] [Server thread/INFO]: x:153y:38z:-44[m
[20:03:48] [Server thread/INFO]: please go to home x=58 y=6 z=-103 for 15s to fly[m
[20:03:48] [Server thread/INFO]: x:156y:38z:-45[m
[20:03:49] [Server thread/INFO]: please go to home x=58 y=6 z=-103 for 15s to fly[m
[20:03:49] [Server thread/INFO]: x:161y:38z:-45[m
[20:03:50] [Server thread/INFO]: please go to home x=58 y=6 z=-103 for 15s to fly[m
[20:03:50] [Server thread/INFO]: x:167y:38z:-45[m
[20:03:50] [Server thread/INFO]: please go to home x=58 y=6 z=-103 for 15s to fly[m
[20:03:50] [Server thread/INFO]: x:173y:38z:-45[m
[20:03:51] [Server thread/INFO]: please go to home x=58 y=6 z=-103 for 15s to fly[m
[20:03:51] [Server thread/INFO]: x:179y:38z:-45[m
[20:03:51] [Server thread/INFO]: please go to home x=58 y=6 z=-103 for 15s to fly[m
[20:03:51] [Server thread/INFO]: x:185y:38z:-46[m
[20:03:52] [Server thread/INFO]: please go to home x=58 y=6 z=-103 for 15s to fly[m
[20:03:52] [Server thread/INFO]: x:191y:38z:-46[m
[20:03:52] [Server thread/INFO]: please go to home x=58 y=6 z=-103 for 15s to fly[m
[20:03:52] [Server thread/INFO]: x:197y:38z:-46[m
[20:03:53] [Server thread/INFO]: please go to home x=58 y=6 z=-103 for 15s to fly[m
[20:03:53] [Server thread/INFO]: x:203y:39z:-46[m
[20:03:53] [Server thread/INFO]: please go to home x=58 y=6 z=-103 for 15s to fly[m
[20:03:53] [Server thread/INFO]: x:209y:41z:-47[m
[20:03:54] [Server thread/INFO]: please go to home x=58 y=6 z=-103 for 15s to fly[m
[20:03:54] [Server thread/INFO]: x:211y:43z:-47[m
[20:03:54] [Server thread/INFO]: please go to home x=58 y=6 z=-103 for 15s to fly[m
[20:03:54] [Server thread/INFO]: x:215y:43z:-48[m
[20:03:55] [Server thread/INFO]: please go to home x=58 y=6 z=-103 for 15s to fly[m
[20:03:55] [Server thread/INFO]: x:220y:43z:-48[m
[20:03:56] [Server thread/INFO]: please go to home x=58 y=6 z=-103 for 15s to fly[m
[20:03:56] [Server thread/INFO]: x:226y:45z:-48[m
[20:03:56] [Server thread/INFO]: please go to home x=58 y=6 z=-103 for 15s to fly[m
[20:03:56] [Server thread/INFO]: x:232y:46z:-49[m
[20:03:57] [Server thread/INFO]: please go to home x=58 y=6 z=-103 for 15s to fly[m
[20:03:57] [Server thread/INFO]: x:238y:46z:-49[m
[20:03:57] [Server thread/INFO]: please go to home x=58 y=6 z=-103 for 15s to fly[m
[20:03:57] [Server thread/INFO]: x:244y:46z:-49[m
[20:03:58] [Server thread/INFO]: please go to home x=58 y=6 z=-103 for 15s to fly[m
[20:03:58] [Server thread/INFO]: x:250y:46z:-49[m
[20:03:58] [Server thread/INFO]: please go to home x=58 y=6 z=-103 for 15s to fly[m
[20:03:58] [Server thread/INFO]: x:256y:46z:-49[m
[20:03:59] [Server thread/INFO]: please go to home x=58 y=6 z=-103 for 15s to fly[m
[20:03:59] [Server thread/INFO]: x:262y:49z:-48[m
[20:03:59] [Server thread/INFO]: please go to home x=58 y=6 z=-103 for 15s to fly[m
[20:03:59] [Server thread/INFO]: x:263y:49z:-48[m
[20:04:00] [Server thread/INFO]: please go to home x=58 y=6 z=-103 for 15s to fly[m
[20:04:00] [Server thread/INFO]: x:264y:51z:-47[m
[20:04:01] [Server thread/INFO]: please go to home x=58 y=6 z=-103 for 15s to fly[m
[20:04:01] [Server thread/INFO]: x:268y:52z:-46[m
[20:04:01] [Server thread/INFO]: please go to home x=58 y=6 z=-103 for 15s to fly[m
[20:04:01] [Server thread/INFO]: x:273y:52z:-45[m
[20:04:02] [Server thread/INFO]: please go to home x=58 y=6 z=-103 for 15s to fly[m
[20:04:02] [Server thread/INFO]: x:276y:52z:-45[m
[20:04:02] [Server thread/INFO]: please go to home x=58 y=6 z=-103 for 15s to fly[m
[20:04:02] [Server thread/INFO]: x:277y:52z:-44[m
[20:04:03] [Server thread/INFO]: please go to home x=58 y=6 z=-103 for 15s to fly[m
[20:04:03] [Server thread/INFO]: x:276y:52z:-43[m
[20:04:03] [Server thread/INFO]: please go to home x=58 y=6 z=-103 for 15s to fly[m
[20:04:03] [Server thread/INFO]: x:272y:52z:-40[m
[20:04:04] [Server thread/INFO]: please go to home x=58 y=6 z=-103 for 15s to fly[m
[20:04:04] [Server thread/INFO]: x:267y:52z:-38[m
[20:04:04] [Server thread/INFO]: please go to home x=58 y=6 z=-103 for 15s to fly[m
[20:04:04] [Server thread/INFO]: x:262y:49z:-37[m
[20:04:05] [Server thread/INFO]: please go to home x=58 y=6 z=-103 for 15s to fly[m
[20:04:05] [Server thread/INFO]: x:256y:46z:-36[m
[20:04:05] [Server thread/INFO]: please go to home x=58 y=6 z=-103 for 15s to fly[m
[20:04:05] [Server thread/INFO]: x:251y:46z:-37[m
[20:04:06] [Server thread/INFO]: please go to home x=58 y=6 z=-103 for 15s to fly[m
[20:04:06] [Server thread/INFO]: x:247y:46z:-40[m
[20:04:07] [Server thread/INFO]: please go to home x=58 y=6 z=-103 for 15s to fly[m
[20:04:07] [Server thread/INFO]: x:244y:46z:-45[m
[20:04:07] [Server thread/INFO]: please go to home x=58 y=6 z=-103 for 15s to fly[m
[20:04:07] [Server thread/INFO]: x:243y:46z:-50[m
[20:04:08] [Server thread/INFO]: please go to home x=58 y=6 z=-103 for 15s to fly[m
[20:04:08] [Server thread/INFO]: x:244y:46z:-56[m
[20:04:08] [Server thread/INFO]: please go to home x=58 y=6 z=-103 for 15s to fly[m
[20:04:08] [Server thread/INFO]: x:245y:46z:-61[m
[20:04:09] [Server thread/INFO]: please go to home x=58 y=6 z=-103 for 15s to fly[m
[20:04:09] [Server thread/INFO]: x:247y:46z:-67[m
[20:04:09] [Server thread/INFO]: please go to home x=58 y=6 z=-103 for 15s to fly[m
[20:04:09] [Server thread/INFO]: x:249y:46z:-73[m
[20:04:10] [Server thread/INFO]: please go to home x=58 y=6 z=-103 for 15s to fly[m
[20:04:10] [Server thread/INFO]: x:250y:46z:-79[m
[20:04:10] [Server thread/INFO]: please go to home x=58 y=6 z=-103 for 15s to fly[m
[20:04:10] [Server thread/INFO]: x:251y:46z:-85[m
[20:04:11] [Server thread/INFO]: please go to home x=58 y=6 z=-103 for 15s to fly[m
[20:04:11] [Server thread/INFO]: x:252y:46z:-90[m
[20:04:12] [Server thread/INFO]: please go to home x=58 y=6 z=-103 for 15s to fly[m
[20:04:12] [Server thread/INFO]: x:253y:46z:-96[m
[20:04:12] [Server thread/INFO]: please go to home x=58 y=6 z=-103 for 15s to fly[m
[20:04:12] [Server thread/INFO]: x:253y:46z:-102[m
[20:04:13] [Server thread/INFO]: please go to home x=58 y=6 z=-103 for 15s to fly[m
[20:04:13] [Server thread/INFO]: x:254y:44z:-108[m
[20:04:13] [Server thread/INFO]: please go to home x=58 y=6 z=-103 for 15s to fly[m
[20:04:13] [Server thread/INFO]: x:254y:40z:-111[m
[20:04:14] [Server thread/INFO]: please go to home x=58 y=6 z=-103 for 15s to fly[m
[20:04:14] [Server thread/INFO]: x:254y:36z:-112[m
[20:04:14] [Server thread/INFO]: please go to home x=58 y=6 z=-103 for 15s to fly[m
[20:04:14] [Server thread/INFO]: x:254y:33z:-112[m
[20:04:15] [Server thread/INFO]: please go to home x=58 y=6 z=-103 for 15s to fly[m
[20:04:15] [Server thread/INFO]: x:254y:33z:-109[m
[20:04:15] [Server thread/INFO]: please go to home x=58 y=6 z=-103 for 15s to fly[m
[20:04:15] [Server thread/INFO]: x:254y:33z:-107[m
[20:04:16] [Server thread/INFO]: please go to home x=58 y=6 z=-103 for 15s to fly[m
[20:04:16] [Server thread/INFO]: x:254y:33z:-107[m
[20:04:16] [Server thread/INFO]: please go to home x=58 y=6 z=-103 for 15s to fly[m
[20:04:16] [Server thread/INFO]: x:254y:33z:-106[m
[20:04:17] [Server thread/INFO]: please go to home x=58 y=6 z=-103 for 15s to fly[m
[20:04:17] [Server thread/INFO]: x:254y:33z:-106[m
[20:04:18] [Server thread/INFO]: please go to home x=58 y=6 z=-103 for 15s to fly[m
[20:04:18] [Server thread/INFO]: x:254y:33z:-105[m
[20:04:18] [Server thread/INFO]: please go to home x=58 y=6 z=-103 for 15s to fly[m
[20:04:18] [Server thread/INFO]: x:254y:33z:-103[m
[20:04:19] [Server thread/INFO]: please go to home x=58 y=6 z=-103 for 15s to fly[m
[20:04:19] [Server thread/INFO]: x:253y:33z:-102[m
[20:04:19] [Server thread/INFO]: please go to home x=58 y=6 z=-103 for 15s to fly[m
[20:04:19] [Server thread/INFO]: x:253y:33z:-101[m
[20:04:20] [Server thread/INFO]: please go to home x=58 y=6 z=-103 for 15s to fly[m
[20:04:20] [Server thread/INFO]: x:253y:33z:-100[m
[20:04:20] [Server thread/INFO]: please go to home x=58 y=6 z=-103 for 15s to fly[m
[20:04:20] [Server thread/INFO]: x:253y:33z:-100[m
[20:04:21] [Server thread/INFO]: please go to home x=58 y=6 z=-103 for 15s to fly[m
[20:04:21] [Server thread/INFO]: x:253y:33z:-100[m
[20:04:21] [Server thread/INFO]: please go to home x=58 y=6 z=-103 for 15s to fly[m
[20:04:21] [Server thread/INFO]: x:254y:33z:-101[m
[20:04:22] [Server thread/INFO]: please go to home x=58 y=6 z=-103 for 15s to fly[m
[20:04:22] [Server thread/INFO]: x:253y:33z:-102[m
[20:04:23] [Server thread/INFO]: please go to home x=58 y=6 z=-103 for 15s to fly[m
[20:04:23] [Server thread/INFO]: x:250y:33z:-104[m
[20:04:23] [Server thread/INFO]: please go to home x=58 y=6 z=-103 for 15s to fly[m
[20:04:23] [Server thread/INFO]: x:248y:33z:-105[m
[20:04:24] [Server thread/INFO]: please go to home x=58 y=6 z=-103 for 15s to fly[m
[20:04:24] [Server thread/INFO]: x:247y:37z:-105[m
[20:04:24] [Server thread/INFO]: please go to home x=58 y=6 z=-103 for 15s to fly[m
[20:04:24] [Server thread/INFO]: x:246y:40z:-106[m
[20:04:25] [Server thread/INFO]: please go to home x=58 y=6 z=-103 for 15s to fly[m
[20:04:25] [Server thread/INFO]: x:242y:42z:-107[m
[20:04:25] [Server thread/INFO]: please go to home x=58 y=6 z=-103 for 15s to fly[m
[20:04:25] [Server thread/INFO]: x:237y:43z:-109[m
[20:04:26] [Server thread/INFO]: please go to home x=58 y=6 z=-103 for 15s to fly[m
[20:04:26] [Server thread/INFO]: x:232y:43z:-111[m
[20:04:26] [Server thread/INFO]: please go to home x=58 y=6 z=-103 for 15s to fly[m
[20:04:26] [Server thread/INFO]: x:226y:43z:-113[m
[20:04:27] [Server thread/INFO]: please go to home x=58 y=6 z=-103 for 15s to fly[m
[20:04:27] [Server thread/INFO]: x:220y:43z:-114[m
[20:04:27] [Server thread/INFO]: please go to home x=58 y=6 z=-103 for 15s to fly[m
[20:04:27] [Server thread/INFO]: x:214y:43z:-115[m
[20:04:28] [Server thread/INFO]: please go to home x=58 y=6 z=-103 for 15s to fly[m
[20:04:28] [Server thread/INFO]: x:208y:43z:-116[m
[20:04:29] [Server thread/INFO]: please go to home x=58 y=6 z=-103 for 15s to fly[m
[20:04:29] [Server thread/INFO]: x:202y:43z:-116[m
[20:04:29] [Server thread/INFO]: please go to home x=58 y=6 z=-103 for 15s to fly[m
[20:04:29] [Server thread/INFO]: x:196y:43z:-116[m
[20:04:30] [Server thread/INFO]: please go to home x=58 y=6 z=-103 for 15s to fly[m
[20:04:30] [Server thread/INFO]: x:190y:43z:-117[m
[20:04:30] [Server thread/INFO]: please go to home x=58 y=6 z=-103 for 15s to fly[m
[20:04:30] [Server thread/INFO]: x:185y:45z:-117[m
[20:04:31] [Server thread/INFO]: please go to home x=58 y=6 z=-103 for 15s to fly[m
[20:04:31] [Server thread/INFO]: x:179y:46z:-117[m
[20:04:31] [Server thread/INFO]: please go to home x=58 y=6 z=-103 for 15s to fly[m
[20:04:31] [Server thread/INFO]: x:173y:46z:-119[m
[20:04:32] [Server thread/INFO]: please go to home x=58 y=6 z=-103 for 15s to fly[m
[20:04:32] [Server thread/INFO]: x:167y:50z:-119[m
[20:04:32] [Server thread/INFO]: please go to home x=58 y=6 z=-103 for 15s to fly[m
[20:04:32] [Server thread/INFO]: x:161y:50z:-120[m
[20:04:33] [Server thread/INFO]: please go to home x=58 y=6 z=-103 for 15s to fly[m
[20:04:33] [Server thread/INFO]: x:161y:51z:-120[m
[20:04:34] [Server thread/INFO]: please go to home x=58 y=6 z=-103 for 15s to fly[m
[20:04:34] [Server thread/INFO]: x:158y:52z:-121[m
[20:04:34] [Server thread/INFO]: please go to home x=58 y=6 z=-103 for 15s to fly[m
[20:04:34] [Server thread/INFO]: x:153y:52z:-121[m
[20:04:35] [Server thread/INFO]: please go to home x=58 y=6 z=-103 for 15s to fly[m
[20:04:35] [Server thread/INFO]: x:148y:52z:-121[m
[20:04:35] [Server thread/INFO]: please go to home x=58 y=6 z=-103 for 15s to fly[m
[20:04:35] [Server thread/INFO]: x:142y:52z:-122[m
[20:04:36] [Server thread/INFO]: please go to home x=58 y=6 z=-103 for 15s to fly[m
[20:04:36] [Server thread/INFO]: x:136y:48z:-122[m
[20:04:36] [Server thread/INFO]: please go to home x=58 y=6 z=-103 for 15s to fly[m
[20:04:36] [Server thread/INFO]: x:130y:44z:-123[m
[20:04:37] [Server thread/INFO]: please go to home x=58 y=6 z=-103 for 15s to fly[m
[20:04:37] [Server thread/INFO]: x:125y:40z:-123[m
[20:04:37] [Server thread/INFO]: please go to home x=58 y=6 z=-103 for 15s to fly[m
[20:04:37] [Server thread/INFO]: x:122y:36z:-123[m
[20:04:38] [Server thread/INFO]: please go to home x=58 y=6 z=-103 for 15s to fly[m
[20:04:38] [Server thread/INFO]: x:118y:31z:-124[m
[20:04:38] [Server thread/INFO]: please go to home x=58 y=6 z=-103 for 15s to fly[m
[20:04:38] [Server thread/INFO]: x:112y:27z:-124[m
[20:04:39] [Server thread/INFO]: please go to home x=58 y=6 z=-103 for 15s to fly[m
[20:04:39] [Server thread/INFO]: x:106y:23z:-124[m
[20:04:40] [Server thread/INFO]: please go to home x=58 y=6 z=-103 for 15s to fly[m
[20:04:40] [Server thread/INFO]: x:101y:19z:-125[m
[20:04:40] [Server thread/INFO]: please go to home x=58 y=6 z=-103 for 15s to fly[m
[20:04:40] [Server thread/INFO]: x:95y:18z:-125[m
[20:04:41] [Server thread/INFO]: please go to home x=58 y=6 z=-103 for 15s to fly[m
[20:04:41] [Server thread/INFO]: x:89y:14z:-126[m
[20:04:41] [Server thread/INFO]: please go to home x=58 y=6 z=-103 for 15s to fly[m
[20:04:41] [Server thread/INFO]: x:84y:12z:-126[m
[20:04:42] [Server thread/INFO]: please go to home x=58 y=6 z=-103 for 15s to fly[m
[20:04:42] [Server thread/INFO]: x:81y:12z:-126[m
[20:04:42] [Server thread/INFO]: please go to home x=58 y=6 z=-103 for 15s to fly[m
[20:04:42] [Server thread/INFO]: x:78y:11z:-126[m
[20:04:43] [Server thread/INFO]: please go to home x=58 y=6 z=-103 for 15s to fly[m
[20:04:43] [Server thread/INFO]: x:72y:11z:-127[m
[20:04:43] [Server thread/INFO]: please go to home x=58 y=6 z=-103 for 15s to fly[m
[20:04:43] [Server thread/INFO]: x:67y:11z:-127[m
[20:04:44] [Server thread/INFO]: please go to home x=58 y=6 z=-103 for 15s to fly[m
[20:04:44] [Server thread/INFO]: x:61y:11z:-128[m
[20:04:44] [Server thread/INFO]: please go to home x=58 y=6 z=-103 for 15s to fly[m
[20:04:44] [Server thread/INFO]: x:55y:11z:-128[m
[20:04:45] [Server thread/INFO]: please go to home x=58 y=6 z=-103 for 15s to fly[m
[20:04:45] [Server thread/INFO]: x:50y:11z:-128[m
[20:04:46] [Server thread/INFO]: please go to home x=58 y=6 z=-103 for 15s to fly[m
[20:04:46] [Server thread/INFO]: x:44y:11z:-129[m
[20:04:46] [Server thread/INFO]: please go to home x=58 y=6 z=-103 for 15s to fly[m
[20:04:46] [Server thread/INFO]: x:42y:11z:-129[m
[20:04:47] [Server thread/INFO]: please go to home x=58 y=6 z=-103 for 15s to fly[m
[20:04:47] [Server thread/INFO]: x:45y:11z:-129[m
[20:04:47] [Server thread/INFO]: please go to home x=58 y=6 z=-103 for 15s to fly[m
[20:04:47] [Server thread/INFO]: x:50y:11z:-128[m
[20:04:48] [Server thread/INFO]: please go to home x=58 y=6 z=-103 for 15s to fly[m
[20:04:48] [Server thread/INFO]: x:56y:11z:-128[m
[20:04:48] [Server thread/INFO]: please go to home x=58 y=6 z=-103 for 15s to fly[m
[20:04:48] [Server thread/INFO]: x:58y:11z:-128[m
[20:04:49] [Server thread/INFO]: please go to home x=58 y=6 z=-103 for 15s to fly[m
[20:04:49] [Server thread/INFO]: x:59y:11z:-128[m
[20:04:49] [Server thread/INFO]: please go to home x=58 y=6 z=-103 for 15s to fly[m
[20:04:49] [Server thread/INFO]: x:60y:11z:-128[m
[20:04:50] [Server thread/INFO]: please go to home x=58 y=6 z=-103 for 15s to fly[m
[20:04:50] [Server thread/INFO]: x:59y:11z:-129[m
[20:04:51] [Server thread/INFO]: please go to home x=58 y=6 z=-103 for 15s to fly[m
[20:04:51] [Server thread/INFO]: x:58y:11z:-131[m
[20:04:51] [Server thread/INFO]: please go to home x=58 y=6 z=-103 for 15s to fly[m
[20:04:51] [Server thread/INFO]: x:58y:11z:-133[m
[20:04:52] [Server thread/INFO]: please go to home x=58 y=6 z=-103 for 15s to fly[m
[20:04:52] [Server thread/INFO]: x:55y:11z:-136[m
[20:04:52] [Server thread/INFO]: please go to home x=58 y=6 z=-103 for 15s to fly[m
[20:04:52] [Server thread/INFO]: x:53y:10z:-138[m
[20:04:53] [Server thread/INFO]: please go to home x=58 y=6 z=-103 for 15s to fly[m
[20:04:53] [Server thread/INFO]: x:53y:8z:-138[m
[20:04:53] [Server thread/INFO]: please go to home x=58 y=6 z=-103 for 15s to fly[m
[20:04:53] [Server thread/INFO]: x:50y:8z:-140[m
[20:04:54] [Server thread/INFO]: please go to home x=58 y=6 z=-103 for 15s to fly[m
[20:04:54] [Server thread/INFO]: x:47y:8z:-142[m
[20:04:54] [Server thread/INFO]: please go to home x=58 y=6 z=-103 for 15s to fly[m
[20:04:54] [Server thread/INFO]: x:45y:8z:-143[m
[20:04:55] [Server thread/INFO]: please go to home x=58 y=6 z=-103 for 15s to fly[m
[20:04:55] [Server thread/INFO]: x:44y:8z:-143[m
[20:04:55] [Server thread/INFO]: please go to home x=58 y=6 z=-103 for 15s to fly[m
[20:04:55] [Server thread/INFO]: x:47y:8z:-144[m
[20:04:56] [Server thread/INFO]: please go to home x=58 y=6 z=-103 for 15s to fly[m
[20:04:56] [Server thread/INFO]: x:51y:8z:-144[m
[20:04:57] [Server thread/INFO]: please go to home x=58 y=6 z=-103 for 15s to fly[m
[20:04:57] [Server thread/INFO]: x:53y:8z:-145[m
[20:04:57] [Server thread/INFO]: please go to home x=58 y=6 z=-103 for 15s to fly[m
[20:04:57] [Server thread/INFO]: x:53y:8z:-143[m
[20:04:58] [Server thread/INFO]: please go to home x=58 y=6 z=-103 for 15s to fly[m
[20:04:58] [Server thread/INFO]: x:55y:8z:-141[m
[20:04:58] [Server thread/INFO]: please go to home x=58 y=6 z=-103 for 15s to fly[m
[20:04:58] [Server thread/INFO]: x:58y:8z:-140[m
[20:04:59] [Server thread/INFO]: please go to home x=58 y=6 z=-103 for 15s to fly[m
[20:04:59] [Server thread/INFO]: x:59y:8z:-140[m
[20:04:59] [Server thread/INFO]: please go to home x=58 y=6 z=-103 for 15s to fly[m
[20:04:59] [Server thread/INFO]: x:60y:8z:-140[m
[20:05:00] [Server thread/INFO]: please go to home x=58 y=6 z=-103 for 15s to fly[m
[20:05:00] [Server thread/INFO]: x:61y:8z:-142[m
[20:05:00] [Server thread/INFO]: please go to home x=58 y=6 z=-103 for 15s to fly[m
[20:05:00] [Server thread/INFO]: x:62y:8z:-144[m
[20:05:01] [Server thread/INFO]: please go to home x=58 y=6 z=-103 for 15s to fly[m
[20:05:01] [Server thread/INFO]: x:62y:8z:-144[m
[20:05:02] [Server thread/INFO]: please go to home x=58 y=6 z=-103 for 15s to fly[m
[20:05:02] [Server thread/INFO]: x:61y:8z:-141[m
[20:05:02] [Server thread/INFO]: please go to home x=58 y=6 z=-103 for 15s to fly[m
[20:05:02] [Server thread/INFO]: x:59y:8z:-137[m
[20:05:03] [Server thread/INFO]: please go to home x=58 y=6 z=-103 for 15s to fly[m
[20:05:03] [Server thread/INFO]: x:57y:8z:-134[m
[20:05:03] [Server thread/INFO]: please go to home x=58 y=6 z=-103 for 15s to fly[m
[20:05:03] [Server thread/INFO]: x:56y:8z:-133[m
[20:05:04] [Server thread/INFO]: please go to home x=58 y=6 z=-103 for 15s to fly[m
[20:05:04] [Server thread/INFO]: x:55y:8z:-131[m
[20:05:04] [Server thread/INFO]: please go to home x=58 y=6 z=-103 for 15s to fly[m
[20:05:04] [Server thread/INFO]: x:51y:8z:-128[m
[20:05:05] [Server thread/INFO]: please go to home x=58 y=6 z=-103 for 15s to fly[m
[20:05:05] [Server thread/INFO]: x:47y:8z:-124[m
[20:05:05] [Server thread/INFO]: please go to home x=58 y=6 z=-103 for 15s to fly[m
[20:05:05] [Server thread/INFO]: x:43y:8z:-121[m
[20:05:06] [Server thread/INFO]: please go to home x=58 y=6 z=-103 for 15s to fly[m
[20:05:06] [Server thread/INFO]: x:39y:8z:-118[m
[20:05:06] [Server thread/INFO]: please go to home x=58 y=6 z=-103 for 15s to fly[m
[20:05:06] [Server thread/INFO]: x:38y:8z:-117[m
[20:05:07] [Server thread/INFO]: please go to home x=58 y=6 z=-103 for 15s to fly[m
[20:05:07] [Server thread/INFO]: x:36y:8z:-116[m
[20:05:08] [Server thread/INFO]: please go to home x=58 y=6 z=-103 for 15s to fly[m
[20:05:08] [Server thread/INFO]: x:31y:8z:-114[m
[20:05:08] [Server thread/INFO]: please go to home x=58 y=6 z=-103 for 15s to fly[m
[20:05:08] [Server thread/INFO]: x:27y:8z:-112[m
[20:05:09] [Server thread/INFO]: please go to home x=58 y=6 z=-103 for 15s to fly[m
[20:05:09] [Server thread/INFO]: x:25y:8z:-111[m
[20:05:09] [Server thread/INFO]: please go to home x=58 y=6 z=-103 for 15s to fly[m
[20:05:09] [Server thread/INFO]: x:21y:8z:-111[m
[20:05:10] [Server thread/INFO]: please go to home x=58 y=6 z=-103 for 15s to fly[m
[20:05:10] [Server thread/INFO]: x:18y:8z:-110[m
[20:05:10] [Server thread/INFO]: please go to home x=58 y=6 z=-103 for 15s to fly[m
[20:05:10] [Server thread/INFO]: x:16y:8z:-110[m
[20:05:11] [Server thread/INFO]: please go to home x=58 y=6 z=-103 for 15s to fly[m
[20:05:11] [Server thread/INFO]: x:14y:8z:-110[m
[20:05:11] [Server thread/INFO]: please go to home x=58 y=6 z=-103 for 15s to fly[m
[20:05:11] [Server thread/INFO]: x:10y:8z:-109[m
[20:05:12] [Server thread/INFO]: please go to home x=58 y=6 z=-103 for 15s to fly[m
[20:05:12] [Server thread/INFO]: x:7y:8z:-109[m
[20:05:13] [Server thread/INFO]: please go to home x=58 y=6 z=-103 for 15s to fly[m
[20:05:13] [Server thread/INFO]: x:7y:8z:-109[m
[20:05:13] [Server thread/INFO]: please go to home x=58 y=6 z=-103 for 15s to fly[m
[20:05:13] [Server thread/INFO]: x:8y:8z:-109[m
[20:05:14] [Server thread/INFO]: please go to home x=58 y=6 z=-103 for 15s to fly[m
[20:05:14] [Server thread/INFO]: x:12y:8z:-109[m
[20:05:14] [Server thread/INFO]: please go to home x=58 y=6 z=-103 for 15s to fly[m
[20:05:14] [Server thread/INFO]: x:17y:8z:-109[m
[20:05:15] [Server thread/INFO]: please go to home x=58 y=6 z=-103 for 15s to fly[m
[20:05:15] [Server thread/INFO]: x:23y:8z:-109[m
[20:05:15] [Server thread/INFO]: please go to home x=58 y=6 z=-103 for 15s to fly[m
[20:05:15] [Server thread/INFO]: x:29y:8z:-109[m
[20:05:16] [Server thread/INFO]: please go to home x=58 y=6 z=-103 for 15s to fly[m
[20:05:16] [Server thread/INFO]: x:35y:8z:-109[m
[20:05:16] [Server thread/INFO]: please go to home x=58 y=6 z=-103 for 15s to fly[m
[20:05:16] [Server thread/INFO]: x:41y:8z:-109[m
[20:05:17] [Server thread/INFO]: please go to home x=58 y=6 z=-103 for 15s to fly[m
[20:05:17] [Server thread/INFO]: x:43y:8z:-109[m
[20:05:17] [Server thread/INFO]: please go to home x=58 y=6 z=-103 for 15s to fly[m
[20:05:17] [Server thread/INFO]: x:43y:8z:-109[m
[20:05:18] [Server thread/INFO]: please go to home x=58 y=6 z=-103 for 15s to fly[m
[20:05:18] [Server thread/INFO]: x:43y:9z:-109[m
[20:05:19] [Server thread/INFO]: please go to home x=58 y=6 z=-103 for 15s to fly[m
[20:05:19] [Server thread/INFO]: x:44y:12z:-109[m
[20:05:19] [Server thread/INFO]: please go to home x=58 y=6 z=-103 for 15s to fly[m
[20:05:19] [Server thread/INFO]: x:46y:12z:-109[m
[20:05:20] [Server thread/INFO]: please go to home x=58 y=6 z=-103 for 15s to fly[m
[20:05:20] [Server thread/INFO]: x:46y:12z:-109[m
[20:05:20] [Server thread/INFO]: please go to home x=58 y=6 z=-103 for 15s to fly[m
[20:05:20] [Server thread/INFO]: x:46y:12z:-109[m
[20:05:21] [Server thread/INFO]: please go to home x=58 y=6 z=-103 for 15s to fly[m
[20:05:21] [Server thread/INFO]: x:46y:15z:-109[m
[20:05:21] [Server thread/INFO]: please go to home x=58 y=6 z=-103 for 15s to fly[m
[20:05:21] [Server thread/INFO]: x:46y:19z:-109[m
[20:05:22] [Server thread/INFO]: please go to home x=58 y=6 z=-103 for 15s to fly[m
[20:05:22] [Server thread/INFO]: x:46y:19z:-109[m
[20:05:22] [Server thread/INFO]: please go to home x=58 y=6 z=-103 for 15s to fly[m
[20:05:22] [Server thread/INFO]: x:49y:19z:-108[m
[20:05:23] [Server thread/INFO]: please go to home x=58 y=6 z=-103 for 15s to fly[m
[20:05:23] [Server thread/INFO]: x:54y:19z:-108[m
[20:05:24] [Server thread/INFO]: please go to home x=58 y=6 z=-103 for 15s to fly[m
[20:05:24] [Server thread/INFO]: x:58y:19z:-107[m
[20:05:24] [Server thread/INFO]: please go to home x=58 y=6 z=-103 for 15s to fly[m
[20:05:24] [Server thread/INFO]: x:63y:19z:-106[m
[20:05:25] [Server thread/INFO]: please go to home x=58 y=6 z=-103 for 15s to fly[m
[20:05:25] [Server thread/INFO]: x:64y:19z:-107[m
[20:05:25] [Server thread/INFO]: please go to home x=58 y=6 z=-103 for 15s to fly[m
[20:05:25] [Server thread/INFO]: x:65y:19z:-108[m
[20:05:26] [Server thread/INFO]: please go to home x=58 y=6 z=-103 for 15s to fly[m
[20:05:26] [Server thread/INFO]: x:64y:19z:-106[m
[20:05:26] [Server thread/INFO]: please go to home x=58 y=6 z=-103 for 15s to fly[m
[20:05:26] [Server thread/INFO]: x:64y:22z:-104[m
[20:05:27] [Server thread/INFO]: please go to home x=58 y=6 z=-103 for 15s to fly[m
[20:05:27] [Server thread/INFO]: x:63y:23z:-102[m
[20:05:27] [Server thread/INFO]: please go to home x=58 y=6 z=-103 for 15s to fly[m
[20:05:27] [Server thread/INFO]: x:63y:23z:-101[m
[20:05:28] [Server thread/INFO]: please go to home x=58 y=6 z=-103 for 15s to fly[m
[20:05:28] [Server thread/INFO]: x:63y:23z:-101[m
[20:05:28] [Server thread/INFO]: please go to home x=58 y=6 z=-103 for 15s to fly[m
[20:05:28] [Server thread/INFO]: x:63y:23z:-101[m
[20:05:29] [Server thread/INFO]: please go to home x=58 y=6 z=-103 for 15s to fly[m
[20:05:29] [Server thread/INFO]: x:63y:23z:-101[m
[20:05:30] [Server thread/INFO]: please go to home x=58 y=6 z=-103 for 15s to fly[m
[20:05:30] [Server thread/INFO]: x:63y:24z:-101[m
[20:05:30] [Server thread/INFO]: please go to home x=58 y=6 z=-103 for 15s to fly[m
[20:05:30] [Server thread/INFO]: x:63y:25z:-101[m
[20:05:31] [Server thread/INFO]: please go to home x=58 y=6 z=-103 for 15s to fly[m
[20:05:31] [Server thread/INFO]: x:63y:23z:-101[m
[20:05:31] [Server thread/INFO]: please go to home x=58 y=6 z=-103 for 15s to fly[m
[20:05:31] [Server thread/INFO]: x:63y:23z:-101[m
[20:05:32] [Server thread/INFO]: please go to home x=58 y=6 z=-103 for 15s to fly[m
[20:05:32] [Server thread/INFO]: x:63y:23z:-101[m
[20:05:32] [Server thread/INFO]: please go to home x=58 y=6 z=-103 for 15s to fly[m
[20:05:32] [Server thread/INFO]: x:63y:22z:-103[m
[20:05:33] [Server thread/INFO]: please go to home x=58 y=6 z=-103 for 15s to fly[m
[20:05:33] [Server thread/INFO]: x:63y:21z:-103[m
[20:05:33] [Server thread/INFO]: please go to home x=58 y=6 z=-103 for 15s to fly[m
[20:05:33] [Server thread/INFO]: x:63y:22z:-103[m
[20:05:34] [Server thread/INFO]: please go to home x=58 y=6 z=-103 for 15s to fly[m
[20:05:34] [Server thread/INFO]: x:63y:22z:-103[m
[20:05:35] [Server thread/INFO]: please go to home x=58 y=6 z=-103 for 15s to fly[m
[20:05:35] [Server thread/INFO]: x:63y:22z:-102[m
[20:05:35] [Server thread/INFO]: please go to home x=58 y=6 z=-103 for 15s to fly[m
[20:05:35] [Server thread/INFO]: x:63y:22z:-101[m
[20:05:36] [Server thread/INFO]: please go to home x=58 y=6 z=-103 for 15s to fly[m
[20:05:36] [Server thread/INFO]: x:63y:22z:-101[m
[20:05:36] [Server thread/INFO]: please go to home x=58 y=6 z=-103 for 15s to fly[m
[20:05:36] [Server thread/INFO]: x:63y:22z:-99[m
[20:05:37] [Server thread/INFO]: please go to home x=58 y=6 z=-103 for 15s to fly[m
[20:05:37] [Server thread/INFO]: x:63y:22z:-99[m
[20:05:37] [Server thread/INFO]: please go to home x=58 y=6 z=-103 for 15s to fly[m
[20:05:37] [Server thread/INFO]: x:63y:22z:-100[m
[20:05:38] [Server thread/INFO]: please go to home x=58 y=6 z=-103 for 15s to fly[m
[20:05:38] [Server thread/INFO]: x:63y:22z:-101[m
[20:05:38] [Server thread/INFO]: please go to home x=58 y=6 z=-103 for 15s to fly[m
[20:05:38] [Server thread/INFO]: x:63y:22z:-101[m
[20:05:39] [Server thread/INFO]: please go to home x=58 y=6 z=-103 for 15s to fly[m
[20:05:39] [Server thread/INFO]: x:63y:22z:-101[m
[20:05:39] [Server thread/INFO]: please go to home x=58 y=6 z=-103 for 15s to fly[m
[20:05:39] [Server thread/INFO]: x:63y:22z:-102[m
[20:05:40] [Server thread/INFO]: please go to home x=58 y=6 z=-103 for 15s to fly[m
[20:05:40] [Server thread/INFO]: x:63y:22z:-102[m
[20:05:41] [Server thread/INFO]: please go to home x=58 y=6 z=-103 for 15s to fly[m
[20:05:41] [Server thread/INFO]: x:63y:21z:-103[m
[20:05:41] [Server thread/INFO]: please go to home x=58 y=6 z=-103 for 15s to fly[m
[20:05:41] [Server thread/INFO]: x:63y:21z:-103[m
[20:05:42] [Server thread/INFO]: please go to home x=58 y=6 z=-103 for 15s to fly[m
[20:05:42] [Server thread/INFO]: x:63y:21z:-103[m
[20:05:42] [Server thread/INFO]: please go to home x=58 y=6 z=-103 for 15s to fly[m
[20:05:42] [Server thread/INFO]: x:63y:21z:-103[m
[20:05:43] [Server thread/INFO]: please go to home x=58 y=6 z=-103 for 15s to fly[m
[20:05:43] [Server thread/INFO]: x:62y:22z:-103[m
[20:05:43] [Server thread/INFO]: please go to home x=58 y=6 z=-103 for 15s to fly[m
[20:05:43] [Server thread/INFO]: x:61y:24z:-103[m
[20:05:45] [Server thread/INFO]: please go to home x=58 y=6 z=-103 for 15s to fly[m
[20:05:45] [Server thread/INFO]: x:54y:25z:-103[m
[20:05:46] [Server thread/INFO]: please go to home x=58 y=6 z=-103 for 15s to fly[m
[20:05:46] [Server thread/INFO]: x:53y:25z:-103[m
[20:05:47] [Server thread/INFO]: please go to home x=58 y=6 z=-103 for 15s to fly[m
[20:05:47] [Server thread/INFO]: x:52y:25z:-103[m
[20:05:47] [Server thread/INFO]: please go to home x=58 y=6 z=-103 for 15s to fly[m
[20:05:47] [Server thread/INFO]: x:50y:24z:-103[m
[20:05:48] [Server thread/INFO]: please go to home x=58 y=6 z=-103 for 15s to fly[m
[20:05:48] [Server thread/INFO]: x:49y:23z:-103[m
[20:05:48] [Server thread/INFO]: please go to home x=58 y=6 z=-103 for 15s to fly[m
[20:05:48] [Server thread/INFO]: x:49y:23z:-103[m
[20:05:49] [Server thread/INFO]: please go to home x=58 y=6 z=-103 for 15s to fly[m
[20:05:49] [Server thread/INFO]: x:49y:23z:-103[m
[20:05:49] [Server thread/INFO]: please go to home x=58 y=6 z=-103 for 15s to fly[m
[20:05:49] [Server thread/INFO]: x:49y:24z:-103[m
[20:05:50] [Server thread/INFO]: please go to home x=58 y=6 z=-103 for 15s to fly[m
[20:05:50] [Server thread/INFO]: x:50y:24z:-103[m
[20:05:50] [Server thread/INFO]: please go to home x=58 y=6 z=-103 for 15s to fly[m
[20:05:50] [Server thread/INFO]: x:50y:24z:-103[m
[20:05:51] [Server thread/INFO]: please go to home x=58 y=6 z=-103 for 15s to fly[m
[20:05:51] [Server thread/INFO]: x:50y:24z:-103[m
[20:05:51] [Server thread/INFO]: please go to home x=58 y=6 z=-103 for 15s to fly[m
[20:05:51] [Server thread/INFO]: x:51y:24z:-103[m
[20:05:52] [Server thread/INFO]: please go to home x=58 y=6 z=-103 for 15s to fly[m
[20:05:52] [Server thread/INFO]: x:51y:24z:-103[m
[20:05:53] [Server thread/INFO]: please go to home x=58 y=6 z=-103 for 15s to fly[m
[20:05:53] [Server thread/INFO]: x:51y:24z:-103[m
[20:05:53] [Server thread/INFO]: please go to home x=58 y=6 z=-103 for 15s to fly[m
[20:05:53] [Server thread/INFO]: x:51y:24z:-103[m
[20:05:54] [Server thread/INFO]: please go to home x=58 y=6 z=-103 for 15s to fly[m
[20:05:54] [Server thread/INFO]: x:52y:25z:-103[m
[20:05:54] [Server thread/INFO]: please go to home x=58 y=6 z=-103 for 15s to fly[m
[20:05:54] [Server thread/INFO]: x:53y:25z:-103[m
[20:05:55] [Server thread/INFO]: please go to home x=58 y=6 z=-103 for 15s to fly[m
[20:05:55] [Server thread/INFO]: x:54y:25z:-103[m
[20:05:55] [Server thread/INFO]: please go to home x=58 y=6 z=-103 for 15s to fly[m
[20:05:55] [Server thread/INFO]: x:55y:25z:-103[m
[20:05:56] [Server thread/INFO]: please go to home x=58 y=6 z=-103 for 15s to fly[m
[20:05:56] [Server thread/INFO]: x:56y:25z:-103[m
[20:05:56] [Server thread/INFO]: please go to home x=58 y=6 z=-103 for 15s to fly[m
[20:05:56] [Server thread/INFO]: x:56y:25z:-103[m
[20:05:57] [Server thread/INFO]: please go to home x=58 y=6 z=-103 for 15s to fly[m
[20:05:57] [Server thread/INFO]: x:57y:25z:-103[m
[20:05:58] [Server thread/INFO]: please go to home x=58 y=6 z=-103 for 15s to fly[m
[20:05:58] [Server thread/INFO]: x:57y:25z:-103[m
[20:05:58] [Server thread/INFO]: please go to home x=58 y=6 z=-103 for 15s to fly[m
[20:05:58] [Server thread/INFO]: x:57y:25z:-103[m
[20:05:59] [Server thread/INFO]: please go to home x=58 y=6 z=-103 for 15s to fly[m
[20:05:59] [Server thread/INFO]: x:58y:24z:-103[m
[20:05:59] [Server thread/INFO]: please go to home x=58 y=6 z=-103 for 15s to fly[m
[20:05:59] [Server thread/INFO]: x:58y:24z:-103[m
[20:06:00] [Server thread/INFO]: please go to home x=58 y=6 z=-103 for 15s to fly[m
[20:06:00] [Server thread/INFO]: x:58y:24z:-103[m
[20:06:00] [Server thread/INFO]: please go to home x=58 y=6 z=-103 for 15s to fly[m
[20:06:00] [Server thread/INFO]: x:58y:24z:-103[m
[20:06:01] [Server thread/INFO]: please go to home x=58 y=6 z=-103 for 15s to fly[m
[20:06:01] [Server thread/INFO]: x:58y:23z:-103[m
[20:06:01] [Server thread/INFO]: please go to home x=58 y=6 z=-103 for 15s to fly[m
[20:06:01] [Server thread/INFO]: x:58y:22z:-103[m
[20:06:02] [Server thread/INFO]: please go to home x=58 y=6 z=-103 for 15s to fly[m
[20:06:02] [Server thread/INFO]: x:58y:20z:-103[m
[20:06:02] [Server thread/INFO]: please go to home x=58 y=6 z=-103 for 15s to fly[m
[20:06:02] [Server thread/INFO]: x:58y:20z:-103[m
[20:06:03] [Server thread/INFO]: please go to home x=58 y=6 z=-103 for 15s to fly[m
[20:06:03] [Server thread/INFO]: x:58y:19z:-103[m
[20:06:04] [Server thread/INFO]: please go to home x=58 y=6 z=-103 for 15s to fly[m
[20:06:04] [Server thread/INFO]: x:58y:18z:-103[m
[20:06:04] [Server thread/INFO]: please go to home x=58 y=6 z=-103 for 15s to fly[m
[20:06:04] [Server thread/INFO]: x:58y:16z:-103[m
[20:06:05] [Server thread/INFO]: please go to home x=58 y=6 z=-103 for 15s to fly[m
[20:06:05] [Server thread/INFO]: x:58y:14z:-103[m
[20:06:05] [Server thread/INFO]: please go to home x=58 y=6 z=-103 for 15s to fly[m
[20:06:05] [Server thread/INFO]: x:58y:12z:-103[m
[20:06:06] [Server thread/INFO]: please go to home x=58 y=6 z=-103 for 15s to fly[m
[20:06:06] [Server thread/INFO]: x:58y:10z:-103[m
[20:06:06] [Server thread/INFO]: please go to home x=58 y=6 z=-103 for 15s to fly[m
[20:06:06] [Server thread/INFO]: x:58y:6z:-103[m
[20:06:06] [Server thread/INFO]: welcome home,count down30[m
[20:06:07] [Server thread/INFO]: please go to home x=58 y=6 z=-103 for 15s to fly[m
[20:06:07] [Server thread/INFO]: x:58y:5z:-103[m
[20:06:07] [Server thread/INFO]: please go to home x=58 y=6 z=-103 for 15s to fly[m
[20:06:07] [Server thread/INFO]: x:58y:5z:-103[m
[20:06:08] [Server thread/INFO]: please go to home x=58 y=6 z=-103 for 15s to fly[m
[20:06:08] [Server thread/INFO]: x:58y:5z:-103[m
[20:06:09] [Server thread/INFO]: please go to home x=58 y=6 z=-103 for 15s to fly[m
[20:06:09] [Server thread/INFO]: x:58y:5z:-103[m
[20:06:09] [Server thread/INFO]: please go to home x=58 y=6 z=-103 for 15s to fly[m
[20:06:09] [Server thread/INFO]: x:58y:6z:-104[m
[20:06:10] [Server thread/INFO]: please go to home x=58 y=6 z=-103 for 15s to fly[m
[20:06:10] [Server thread/INFO]: x:58y:6z:-104[m
[20:06:10] [Server thread/INFO]: please go to home x=58 y=6 z=-103 for 15s to fly[m
[20:06:10] [Server thread/INFO]: x:58y:6z:-104[m
[20:06:11] [Server thread/INFO]: please go to home x=58 y=6 z=-103 for 15s to fly[m
[20:06:11] [Server thread/INFO]: x:58y:6z:-104[m
[20:06:11] [Server thread/INFO]: please go to home x=58 y=6 z=-103 for 15s to fly[m
[20:06:11] [Server thread/INFO]: x:58y:5z:-103[m
[20:06:12] [Server thread/INFO]: please go to home x=58 y=6 z=-103 for 15s to fly[m
[20:06:12] [Server thread/INFO]: x:58y:6z:-103[m
[20:06:12] [Server thread/INFO]: welcome home,count down30[m
[20:06:12] [Server thread/INFO]: please go to home x=58 y=6 z=-103 for 15s to fly[m
[20:06:12] [Server thread/INFO]: x:58y:8z:-103[m
[20:06:13] [Server thread/INFO]: please go to home x=58 y=6 z=-103 for 15s to fly[m
[20:06:13] [Server thread/INFO]: x:58y:8z:-103[m
[20:06:13] [Server thread/INFO]: please go to home x=58 y=6 z=-103 for 15s to fly[m
[20:06:13] [Server thread/INFO]: x:58y:8z:-103[m
[20:06:14] [Server thread/INFO]: please go to home x=58 y=6 z=-103 for 15s to fly[m
[20:06:14] [Server thread/INFO]: x:58y:7z:-103[m
[20:06:15] [Server thread/INFO]: please go to home x=58 y=6 z=-103 for 15s to fly[m
[20:06:15] [Server thread/INFO]: x:58y:7z:-103[m
[20:06:15] [Server thread/INFO]: please go to home x=58 y=6 z=-103 for 15s to fly[m
[20:06:15] [Server thread/INFO]: x:58y:7z:-103[m
[20:06:16] [Server thread/INFO]: please go to home x=58 y=6 z=-103 for 15s to fly[m
[20:06:16] [Server thread/INFO]: x:58y:7z:-102[m
[20:06:16] [Server thread/INFO]: please go to home x=58 y=6 z=-103 for 15s to fly[m
[20:06:16] [Server thread/INFO]: x:58y:7z:-102[m
[20:06:17] [Server thread/INFO]: please go to home x=58 y=6 z=-103 for 15s to fly[m
[20:06:17] [Server thread/INFO]: x:58y:8z:-104[m
[20:06:17] [Server thread/INFO]: please go to home x=58 y=6 z=-103 for 15s to fly[m
[20:06:17] [Server thread/INFO]: x:58y:8z:-105[m
[20:06:18] [Server thread/INFO]: please go to home x=58 y=6 z=-103 for 15s to fly[m
[20:06:18] [Server thread/INFO]: x:58y:8z:-103[m
[20:06:18] [Server thread/INFO]: please go to home x=58 y=6 z=-103 for 15s to fly[m
[20:06:18] [Server thread/INFO]: x:58y:10z:-103[m
[20:06:19] [Server thread/INFO]: please go to home x=58 y=6 z=-103 for 15s to fly[m
[20:06:19] [Server thread/INFO]: x:58y:10z:-103[m
[20:06:20] [Server thread/INFO]: please go to home x=58 y=6 z=-103 for 15s to fly[m
[20:06:20] [Server thread/INFO]: x:58y:10z:-103[m
[20:06:20] [Server thread/INFO]: please go to home x=58 y=6 z=-103 for 15s to fly[m
[20:06:20] [Server thread/INFO]: x:58y:11z:-103[m
[20:06:21] [Server thread/INFO]: please go to home x=58 y=6 z=-103 for 15s to fly[m
[20:06:21] [Server thread/INFO]: x:58y:11z:-103[m
[20:06:21] [Server thread/INFO]: please go to home x=58 y=6 z=-103 for 15s to fly[m
[20:06:21] [Server thread/INFO]: x:58y:10z:-103[m
[20:06:22] [Server thread/INFO]: please go to home x=58 y=6 z=-103 for 15s to fly[m
[20:06:22] [Server thread/INFO]: x:58y:10z:-103[m
[20:06:22] [Server thread/INFO]: please go to home x=58 y=6 z=-103 for 15s to fly[m
[20:06:22] [Server thread/INFO]: x:58y:9z:-103[m
[20:06:23] [Server thread/INFO]: please go to home x=58 y=6 z=-103 for 15s to fly[m
[20:06:23] [Server thread/INFO]: x:58y:8z:-103[m
[20:06:23] [Server thread/INFO]: please go to home x=58 y=6 z=-103 for 15s to fly[m
[20:06:23] [Server thread/INFO]: x:58y:7z:-103[m
[20:06:24] [Server thread/INFO]: please go to home x=58 y=6 z=-103 for 15s to fly[m
[20:06:24] [Server thread/INFO]: x:58y:7z:-103[m
[20:06:24] [Server thread/INFO]: please go to home x=58 y=6 z=-103 for 15s to fly[m
[20:06:24] [Server thread/INFO]: x:58y:7z:-103[m
[20:06:25] [Server thread/INFO]: please go to home x=58 y=6 z=-103 for 15s to fly[m
[20:06:25] [Server thread/INFO]: x:58y:7z:-103[m
[20:06:26] [Server thread/INFO]: please go to home x=58 y=6 z=-103 for 15s to fly[m
[20:06:26] [Server thread/INFO]: x:58y:7z:-103[m
[20:06:26] [Server thread/INFO]: please go to home x=58 y=6 z=-103 for 15s to fly[m
[20:06:26] [Server thread/INFO]: x:58y:7z:-103[m
[20:06:27] [Server thread/INFO]: please go to home x=58 y=6 z=-103 for 15s to fly[m
[20:06:27] [Server thread/INFO]: x:58y:7z:-103[m
[20:06:27] [Server thread/INFO]: please go to home x=58 y=6 z=-103 for 15s to fly[m
[20:06:27] [Server thread/INFO]: x:58y:7z:-103[m
[20:06:28] [Server thread/INFO]: please go to home x=58 y=6 z=-103 for 15s to fly[m
[20:06:28] [Server thread/INFO]: x:58y:7z:-103[m
[20:06:28] [Server thread/INFO]: please go to home x=58 y=6 z=-103 for 15s to fly[m
[20:06:28] [Server thread/INFO]: x:58y:6z:-103[m
[20:06:28] [Server thread/INFO]: welcome home,count down30[m
[20:06:29] [Server thread/INFO]: please go to home x=58 y=6 z=-103 for 15s to fly[m
[20:06:29] [Server thread/INFO]: x:58y:6z:-103[m
[20:06:29] [Server thread/INFO]: welcome home,count down29[m
[20:06:29] [Server thread/INFO]: please go to home x=58 y=6 z=-103 for 15s to fly[m
[20:06:29] [Server thread/INFO]: x:58y:6z:-103[m
[20:06:29] [Server thread/INFO]: welcome home,count down28[m
[20:06:30] [Server thread/INFO]: please go to home x=58 y=6 z=-103 for 15s to fly[m
[20:06:30] [Server thread/INFO]: x:58y:6z:-103[m
[20:06:30] [Server thread/INFO]: welcome home,count down27[m
[20:06:31] [Server thread/INFO]: please go to home x=58 y=6 z=-103 for 15s to fly[m
[20:06:31] [Server thread/INFO]: x:58y:6z:-103[m
[20:06:31] [Server thread/INFO]: welcome home,count down26[m
[20:06:31] [Server thread/INFO]: please go to home x=58 y=6 z=-103 for 15s to fly[m
[20:06:31] [Server thread/INFO]: x:58y:6z:-103[m
[20:06:31] [Server thread/INFO]: welcome home,count down25[m
[20:06:32] [Server thread/INFO]: please go to home x=58 y=6 z=-103 for 15s to fly[m
[20:06:32] [Server thread/INFO]: x:58y:6z:-103[m
[20:06:32] [Server thread/INFO]: welcome home,count down24[m
[20:06:32] [Server thread/INFO]: please go to home x=58 y=6 z=-103 for 15s to fly[m
[20:06:32] [Server thread/INFO]: x:58y:6z:-103[m
[20:06:32] [Server thread/INFO]: welcome home,count down23[m
[20:06:33] [Server thread/INFO]: please go to home x=58 y=6 z=-103 for 15s to fly[m
[20:06:33] [Server thread/INFO]: x:58y:6z:-103[m
[20:06:33] [Server thread/INFO]: welcome home,count down22[m
[20:06:33] [Server thread/INFO]: please go to home x=58 y=6 z=-103 for 15s to fly[m
[20:06:33] [Server thread/INFO]: x:58y:6z:-103[m
[20:06:33] [Server thread/INFO]: welcome home,count down21[m
[20:06:34] [Server thread/INFO]: please go to home x=58 y=6 z=-103 for 15s to fly[m
[20:06:34] [Server thread/INFO]: x:58y:6z:-103[m
[20:06:34] [Server thread/INFO]: welcome home,count down20[m
[20:06:34] [Server thread/INFO]: please go to home x=58 y=6 z=-103 for 15s to fly[m
[20:06:34] [Server thread/INFO]: x:58y:6z:-103[m
[20:06:34] [Server thread/INFO]: welcome home,count down19[m
[20:06:35] [Server thread/INFO]: please go to home x=58 y=6 z=-103 for 15s to fly[m
[20:06:35] [Server thread/INFO]: x:58y:6z:-103[m
[20:06:35] [Server thread/INFO]: welcome home,count down18[m
[20:06:35] [Server thread/INFO]: please go to home x=58 y=6 z=-103 for 15s to fly[m
[20:06:35] [Server thread/INFO]: x:58y:6z:-103[m
[20:06:35] [Server thread/INFO]: welcome home,count down17[m
[20:06:36] [Server thread/INFO]: please go to home x=58 y=6 z=-103 for 15s to fly[m
[20:06:36] [Server thread/INFO]: x:58y:6z:-103[m
[20:06:36] [Server thread/INFO]: welcome home,count down16[m
[20:06:37] [Server thread/INFO]: please go to home x=58 y=6 z=-103 for 15s to fly[m
[20:06:37] [Server thread/INFO]: x:58y:6z:-103[m
[20:06:37] [Server thread/INFO]: welcome home,count down15[m
[20:06:37] [Server thread/INFO]: please go to home x=58 y=6 z=-103 for 15s to fly[m
[20:06:37] [Server thread/INFO]: x:58y:6z:-103[m
[20:06:37] [Server thread/INFO]: welcome home,count down14[m
[20:06:38] [Server thread/INFO]: please go to home x=58 y=6 z=-103 for 15s to fly[m
[20:06:38] [Server thread/INFO]: x:58y:6z:-103[m
[20:06:38] [Server thread/INFO]: welcome home,count down13[m
[20:06:38] [Server thread/INFO]: please go to home x=58 y=6 z=-103 for 15s to fly[m
[20:06:38] [Server thread/INFO]: x:58y:6z:-103[m
[20:06:38] [Server thread/INFO]: welcome home,count down12[m
[20:06:39] [Server thread/INFO]: please go to home x=58 y=6 z=-103 for 15s to fly[m
[20:06:39] [Server thread/INFO]: x:58y:6z:-103[m
[20:06:39] [Server thread/INFO]: welcome home,count down11[m
[20:06:39] [Server thread/INFO]: please go to home x=58 y=6 z=-103 for 15s to fly[m
[20:06:39] [Server thread/INFO]: x:58y:6z:-103[m
[20:06:39] [Server thread/INFO]: welcome home,count down10[m
[20:06:40] [Server thread/INFO]: please go to home x=58 y=6 z=-103 for 15s to fly[m
[20:06:40] [Server thread/INFO]: x:58y:6z:-103[m
[20:06:40] [Server thread/INFO]: welcome home,count down9[m
[20:06:40] [Server thread/INFO]: please go to home x=58 y=6 z=-103 for 15s to fly[m
[20:06:40] [Server thread/INFO]: x:58y:6z:-103[m
[20:06:40] [Server thread/INFO]: welcome home,count down8[m
[20:06:41] [Server thread/INFO]: please go to home x=58 y=6 z=-103 for 15s to fly[m
[20:06:41] [Server thread/INFO]: x:58y:6z:-103[m
[20:06:41] [Server thread/INFO]: welcome home,count down7[m
[20:06:42] [Server thread/INFO]: please go to home x=58 y=6 z=-103 for 15s to fly[m
[20:06:42] [Server thread/INFO]: x:58y:6z:-103[m
[20:06:42] [Server thread/INFO]: welcome home,count down6[m
[20:06:42] [Server thread/INFO]: please go to home x=58 y=6 z=-103 for 15s to fly[m
[20:06:42] [Server thread/INFO]: x:58y:6z:-103[m
[20:06:42] [Server thread/INFO]: welcome home,count down5[m
[20:06:43] [Server thread/INFO]: please go to home x=58 y=6 z=-103 for 15s to fly[m
[20:06:43] [Server thread/INFO]: x:58y:6z:-103[m
[20:06:43] [Server thread/INFO]: welcome home,count down4[m
[20:06:43] [Server thread/INFO]: please go to home x=58 y=6 z=-103 for 15s to fly[m
[20:06:43] [Server thread/INFO]: x:58y:6z:-103[m
[20:06:43] [Server thread/INFO]: welcome home,count down3[m
[20:06:44] [Server thread/INFO]: please go to home x=58 y=6 z=-103 for 15s to fly[m
[20:06:44] [Server thread/INFO]: x:58y:6z:-103[m
[20:06:44] [Server thread/INFO]: welcome home,count down2[m
[20:06:44] [Server thread/INFO]: please go to home x=58 y=6 z=-103 for 15s to fly[m
[20:06:44] [Server thread/INFO]: x:58y:6z:-103[m
[20:06:44] [Server thread/INFO]: welcome home,count down1[m
[20:06:45] [Server thread/INFO]: please go to home x=58 y=6 z=-103 for 15s to fly[m
[20:06:45] [Server thread/INFO]: x:58y:26z:-103[m
[20:06:45] [Server thread/INFO]: please go to home x=58 y=6 z=-103 for 15s to fly[m
[20:06:45] [Server thread/INFO]: x:58y:26z:-103[m
[20:06:46] [Server thread/INFO]: please go to home x=58 y=6 z=-103 for 15s to fly[m
[20:06:46] [Server thread/INFO]: x:58y:26z:-103[m
[20:06:46] [Server thread/INFO]: please go to home x=58 y=6 z=-103 for 15s to fly[m
[20:06:46] [Server thread/INFO]: x:58y:26z:-103[m
[20:06:47] [Server thread/INFO]: please go to home x=58 y=6 z=-103 for 15s to fly[m
[20:06:47] [Server thread/INFO]: x:58y:26z:-103[m
[20:06:48] [Server thread/INFO]: please go to home x=58 y=6 z=-103 for 15s to fly[m
[20:06:48] [Server thread/INFO]: x:58y:26z:-103[m
[20:06:48] [Server thread/INFO]: please go to home x=58 y=6 z=-103 for 15s to fly[m
[20:06:48] [Server thread/INFO]: x:58y:26z:-103[m
[20:06:49] [Server thread/INFO]: please go to home x=58 y=6 z=-103 for 15s to fly[m
[20:06:49] [Server thread/INFO]: x:58y:26z:-103[m
[20:06:49] [Server thread/INFO]: please go to home x=58 y=6 z=-103 for 15s to fly[m
[20:06:49] [Server thread/INFO]: x:58y:26z:-103[m
[20:06:50] [Server thread/INFO]: please go to home x=58 y=6 z=-103 for 15s to fly[m
[20:06:50] [Server thread/INFO]: x:58y:26z:-103[m
[20:06:50] [Server thread/INFO]: please go to home x=58 y=6 z=-103 for 15s to fly[m
[20:06:50] [Server thread/INFO]: x:58y:26z:-103[m
[20:06:51] [Server thread/INFO]: please go to home x=58 y=6 z=-103 for 15s to fly[m
[20:06:51] [Server thread/INFO]: x:58y:26z:-103[m
[20:06:51] [Server thread/INFO]: batago lost connection: Disconnected
[20:06:51] [Server thread/INFO]: batago left the game
[20:06:51] [Server thread/INFO]: please go to home x=58 y=6 z=-103 for 15s to fly[m
[20:06:51] [Server thread/INFO]: x:58y:26z:-103[m
[20:06:52] [Server thread/INFO]: please go to home x=58 y=6 z=-103 for 15s to fly[m
[20:06:52] [Server thread/INFO]: x:58y:26z:-103[m
[20:06:53] [Server thread/INFO]: please go to home x=58 y=6 z=-103 for 15s to fly[m
[20:06:53] [Server thread/INFO]: x:58y:26z:-103[m
[20:06:53] [Server thread/INFO]: please go to home x=58 y=6 z=-103 for 15s to fly[m
[20:06:53] [Server thread/INFO]: x:58y:26z:-103[m
[20:06:54] [Server thread/INFO]: please go to home x=58 y=6 z=-103 for 15s to fly[m
[20:06:54] [Server thread/INFO]: x:58y:26z:-103[m
[20:06:54] [Server thread/INFO]: please go to home x=58 y=6 z=-103 for 15s to fly[m
[20:06:54] [Server thread/INFO]: x:58y:26z:-103[m
[20:06:55] [Server thread/INFO]: please go to home x=58 y=6 z=-103 for 15s to fly[m
[20:06:55] [Server thread/INFO]: x:58y:26z:-103[m
[20:06:55] [Server thread/INFO]: please go to home x=58 y=6 z=-103 for 15s to fly[m
[20:06:55] [Server thread/INFO]: x:58y:26z:-103[m
[20:06:56] [Server thread/INFO]: please go to home x=58 y=6 z=-103 for 15s to fly[m
[20:06:56] [Server thread/INFO]: x:58y:26z:-103[m
[20:06:56] [Server thread/INFO]: please go to home x=58 y=6 z=-103 for 15s to fly[m
[20:06:56] [Server thread/INFO]: x:58y:26z:-103[m
[20:06:57] [Server thread/INFO]: please go to home x=58 y=6 z=-103 for 15s to fly[m
[20:06:57] [Server thread/INFO]: x:58y:26z:-103[m
[20:06:57] [Server thread/INFO]: please go to home x=58 y=6 z=-103 for 15s to fly[m
[20:06:57] [Server thread/INFO]: x:58y:26z:-103[m
[20:06:58] [Server thread/INFO]: please go to home x=58 y=6 z=-103 for 15s to fly[m
[20:06:58] [Server thread/INFO]: x:58y:26z:-103[m
[20:06:59] [Server thread/INFO]: please go to home x=58 y=6 z=-103 for 15s to fly[m
[20:06:59] [Server thread/INFO]: x:58y:26z:-103[m
[20:06:59] [Server thread/INFO]: please go to home x=58 y=6 z=-103 for 15s to fly[m
[20:06:59] [Server thread/INFO]: x:58y:26z:-103[m
[20:07:00] [Server thread/INFO]: please go to home x=58 y=6 z=-103 for 15s to fly[m
[20:07:00] [Server thread/INFO]: x:58y:26z:-103[m
[20:07:00] [Server thread/INFO]: please go to home x=58 y=6 z=-103 for 15s to fly[m
[20:07:00] [Server thread/INFO]: x:58y:26z:-103[m
[20:07:01] [Server thread/INFO]: please go to home x=58 y=6 z=-103 for 15s to fly[m
[20:07:01] [Server thread/INFO]: x:58y:26z:-103[m
[20:07:01] [Server thread/INFO]: please go to home x=58 y=6 z=-103 for 15s to fly[m
[20:07:01] [Server thread/INFO]: x:58y:26z:-103[m
[20:07:02] [Server thread/INFO]: please go to home x=58 y=6 z=-103 for 15s to fly[m
[20:07:02] [Server thread/INFO]: x:58y:26z:-103[m
[20:07:02] [Server thread/INFO]: please go to home x=58 y=6 z=-103 for 15s to fly[m
[20:07:02] [Server thread/INFO]: x:58y:26z:-103[m
[20:07:03] [Server thread/INFO]: please go to home x=58 y=6 z=-103 for 15s to fly[m
[20:07:03] [Server thread/INFO]: x:58y:26z:-103[m
[20:07:04] [Server thread/INFO]: please go to home x=58 y=6 z=-103 for 15s to fly[m
[20:07:04] [Server thread/INFO]: x:58y:26z:-103[m
[20:07:04] [Server thread/INFO]: please go to home x=58 y=6 z=-103 for 15s to fly[m
[20:07:04] [Server thread/INFO]: x:58y:26z:-103[m
[20:07:05] [Server thread/INFO]: please go to home x=58 y=6 z=-103 for 15s to fly[m
[20:07:05] [Server thread/INFO]: x:58y:26z:-103[m
[20:07:05] [Server thread/INFO]: please go to home x=58 y=6 z=-103 for 15s to fly[m
[20:07:05] [Server thread/INFO]: x:58y:26z:-103[m
[20:07:06] [Server thread/INFO]: please go to home x=58 y=6 z=-103 for 15s to fly[m
[20:07:06] [Server thread/INFO]: x:58y:26z:-103[m
[20:07:06] [Server thread/INFO]: please go to home x=58 y=6 z=-103 for 15s to fly[m
[20:07:06] [Server thread/INFO]: x:58y:26z:-103[m
[20:07:06] [Server thread/INFO]: [RaspberryJuice] Closed connection to/127.0.0.1:60241.
