[09:20:42] [org.jackhuang.hmcl.Launcher.main/INFO] *** HMCL 3.1.59 ***
[09:20:46] [org.jackhuang.hmcl.event.EventBus.fireEvent/INFO] ProfileLoadingEvent [source=org.jackhuang.hmcl.setting.Settings@328acf38, profiles=[Profile [gameDir=.minecraft, name=Default], Profile [gameDir=C:\Users\Notebook\AppData\Roaming\.minecraft, name=Home]]] gets fired
[09:20:46] [org.jackhuang.hmcl.event.EventBus.fireEvent/INFO] ProfileChangedEvent [source=org.jackhuang.hmcl.setting.Settings@328acf38, profile=Profile [gameDir=.minecraft, name=Default]] gets fired
[09:20:46] [org.jackhuang.hmcl.task.TaskExecutor.executeTask/FINE] Executing task: org.jackhuang.hmcl.game.GameRepository.refreshVersionsAsync(GameRepository.java:81)
[09:20:46] [org.jackhuang.hmcl.task.TaskExecutor.executeTask/FINE] Executing task: org.jackhuang.hmcl.ui.Controllers.initialize(Controllers.java:105)
[09:20:46] [org.jackhuang.hmcl.event.EventBus.fireEvent/INFO] RefreshingVersionsEvent [source=HMCLGameRepository [versions=null, baseDirectory=.minecraft]] gets fired
[09:20:46] [org.jackhuang.hmcl.task.TaskExecutor.executeTask/FINE] Executing task: org.jackhuang.hmcl.Launcher.start(Launcher.java:54)
[09:20:46] [org.jackhuang.hmcl.task.TaskExecutor.executeTask/FINE] Executing task: class org.jackhuang.hmcl.upgrade.UpdateChecker$1
[09:20:47] [org.jackhuang.hmcl.event.EventBus.fireEvent/INFO] LoadedOneVersionEvent [source=HMCLGameRepository [versions=null, baseDirectory=.minecraft], version=Version [id=1.12]] gets fired
[09:20:47] [org.jackhuang.hmcl.event.EventBus.fireEvent/INFO] RefreshedVersionsEvent [source=HMCLGameRepository [versions=[1.12], baseDirectory=.minecraft]] gets fired
[09:20:48] [org.jackhuang.hmcl.task.TaskExecutor.executeTask/FINER] Task finished: org.jackhuang.hmcl.game.GameRepository.refreshVersionsAsync(GameRepository.java:81)
[09:20:48] [org.jackhuang.hmcl.task.TaskExecutor.executeTask/FINER] Task finished: org.jackhuang.hmcl.ui.Controllers.initialize(Controllers.java:105)
[09:20:49] [org.jackhuang.hmcl.task.TaskExecutor.executeTask/FINE] Task failed: class org.jackhuang.hmcl.upgrade.UpdateChecker$1
java.net.UnknownHostException: huangyuhui.duapp.com
	at java.net.AbstractPlainSocketImpl.connect(Unknown Source)
	at java.net.PlainSocketImpl.connect(Unknown Source)
	at java.net.SocksSocketImpl.connect(Unknown Source)
	at java.net.Socket.connect(Unknown Source)
	at sun.security.ssl.SSLSocketImpl.connect(Unknown Source)
	at sun.net.NetworkClient.doConnect(Unknown Source)
	at sun.net.www.http.HttpClient.openServer(Unknown Source)
	at sun.net.www.http.HttpClient.openServer(Unknown Source)
	at sun.net.www.protocol.https.HttpsClient.<init>(Unknown Source)
	at sun.net.www.protocol.https.HttpsClient.New(Unknown Source)
	at sun.net.www.protocol.https.AbstractDelegateHttpsURLConnection.getNewHttpClient(Unknown Source)
	at sun.net.www.protocol.http.HttpURLConnection.plainConnect0(Unknown Source)
	at sun.net.www.protocol.http.HttpURLConnection.plainConnect(Unknown Source)
	at sun.net.www.protocol.https.AbstractDelegateHttpsURLConnection.connect(Unknown Source)
	at sun.net.www.protocol.http.HttpURLConnection.getInputStream0(Unknown Source)
	at sun.net.www.protocol.http.HttpURLConnection.getInputStream(Unknown Source)
	at sun.net.www.protocol.https.HttpsURLConnectionImpl.getInputStream(Unknown Source)
	at org.jackhuang.hmcl.util.NetworkUtils.doGet(NetworkUtils.java:63)
	at org.jackhuang.hmcl.upgrade.UpdateChecker$1.execute(UpdateChecker.java:74)
	at org.jackhuang.hmcl.util.ExceptionalRunnable.lambda$toCallable$0(ExceptionalRunnable.java:32)
	at java.util.concurrent.FutureTask.run(Unknown Source)
	at java.util.concurrent.ThreadPoolExecutor.runWorker(Unknown Source)
	at java.util.concurrent.ThreadPoolExecutor$Worker.run(Unknown Source)
	at java.lang.Thread.run(Unknown Source)
[09:20:59] [org.jackhuang.hmcl.ui.construct.StackContainerPane.push/INFO] StackContainerPane@4509f301 [TaskExecutorDialogPane@2c933c9e]
[09:20:59] [org.jackhuang.hmcl.task.TaskExecutor.executeTask/FINE] Executing task: org.jackhuang.hmcl.game.LauncherHelper.launch0(LauncherHelper.java:127)
[09:20:59] [org.jackhuang.hmcl.task.TaskExecutor.executeTask/FINE] Executing task: org.jackhuang.hmcl.game.LauncherHelper$$Lambda$443/859284970@62fd14ba
[09:20:59] [org.jackhuang.hmcl.task.TaskExecutor.executeTask/FINE] Executing task: org.jackhuang.hmcl.game.LauncherHelper.launch0(LauncherHelper.java:111)
[09:20:59] [org.jackhuang.hmcl.task.TaskExecutor.executeTask/FINE] Executing task: org.jackhuang.hmcl.game.LauncherHelper.launch0(LauncherHelper.java:110)
[09:20:59] [org.jackhuang.hmcl.task.TaskExecutor.executeTask/FINE] Executing task: 登录方式
[09:20:59] [org.jackhuang.hmcl.task.TaskExecutor.executeTask/FINE] Executing task: org.jackhuang.hmcl.game.LauncherHelper.launch0(LauncherHelper.java:95)
[09:20:59] [org.jackhuang.hmcl.task.TaskExecutor.executeTask/FINE] Executing task: class org.jackhuang.hmcl.mod.CurseCompletionTask
[09:20:59] [org.jackhuang.hmcl.task.TaskExecutor.executeTask/FINE] Executing task: org.jackhuang.hmcl.game.LauncherHelper.launch0(LauncherHelper.java:93)
[09:20:59] [org.jackhuang.hmcl.task.TaskExecutor.executeTask/FINE] Executing task: org.jackhuang.hmcl.game.LauncherHelper$$Lambda$437/404373410@1d8e7171
[09:20:59] [org.jackhuang.hmcl.task.TaskExecutor.executeTask/FINE] Executing task: org.jackhuang.hmcl.game.LauncherHelper.launch0(LauncherHelper.java:86)
[09:20:59] [org.jackhuang.hmcl.task.TaskExecutor.executeTask/FINER] Task finished: org.jackhuang.hmcl.game.LauncherHelper.launch0(LauncherHelper.java:86)
[09:20:59] [org.jackhuang.hmcl.task.TaskExecutor.executeTask/FINE] Executing task: class org.jackhuang.hmcl.download.game.GameAssetDownloadTask
[09:20:59] [org.jackhuang.hmcl.task.TaskExecutor.executeTask/FINE] Executing task: class org.jackhuang.hmcl.download.game.GameLibrariesTask
[09:20:59] [org.jackhuang.hmcl.task.TaskExecutor.executeTask/FINE] Executing task: class org.jackhuang.hmcl.download.game.GameLoggingDownloadTask
[09:20:59] [org.jackhuang.hmcl.task.TaskExecutor.executeTask/FINER] Task finished: class org.jackhuang.hmcl.download.game.GameLoggingDownloadTask
[09:20:59] [org.jackhuang.hmcl.task.TaskExecutor.executeTask/FINE] Executing task: class org.jackhuang.hmcl.download.game.GameAssetRefreshTask
[09:20:59] [org.jackhuang.hmcl.task.TaskExecutor.executeTask/FINER] Task finished: class org.jackhuang.hmcl.download.game.GameLibrariesTask
[09:20:59] [org.jackhuang.hmcl.task.TaskExecutor.executeTask/FINER] Task finished: 下载资源
[09:21:07] [org.jackhuang.hmcl.task.TaskExecutor.executeTask/FINER] Task finished: 检查资源文件完整性
[09:21:07] [org.jackhuang.hmcl.task.TaskExecutor.executeTask/FINER] Task finished: org.jackhuang.hmcl.game.LauncherHelper$$Lambda$437/404373410@1d8e7171
[09:21:07] [org.jackhuang.hmcl.task.TaskExecutor.executeTask/FINE] Executing task: org.jackhuang.hmcl.game.LauncherHelper.launch0(LauncherHelper.java:93)
[09:21:07] [org.jackhuang.hmcl.task.TaskExecutor.executeTask/FINER] Task finished: org.jackhuang.hmcl.game.LauncherHelper.launch0(LauncherHelper.java:93)
[09:21:07] [org.jackhuang.hmcl.task.TaskExecutor.executeTask/FINER] Task finished: org.jackhuang.hmcl.game.LauncherHelper.launch0(LauncherHelper.java:93)
[09:21:07] [org.jackhuang.hmcl.task.TaskExecutor.executeTask/FINE] Executing task: class org.jackhuang.hmcl.mod.CurseCompletionTask
[09:21:07] [org.jackhuang.hmcl.task.TaskExecutor.executeTask/FINER] Task finished: 下载Curse整合包相关文件
[09:21:07] [org.jackhuang.hmcl.task.TaskExecutor.executeTask/FINER] Task finished: class org.jackhuang.hmcl.mod.CurseCompletionTask
[09:21:07] [org.jackhuang.hmcl.task.TaskExecutor.executeTask/FINE] Executing task: org.jackhuang.hmcl.game.LauncherHelper.launch0(LauncherHelper.java:95)
[09:21:07] [org.jackhuang.hmcl.task.TaskExecutor.executeTask/FINER] Task finished: org.jackhuang.hmcl.game.LauncherHelper.launch0(LauncherHelper.java:95)
[09:21:07] [org.jackhuang.hmcl.task.TaskExecutor.executeTask/FINER] Task finished: org.jackhuang.hmcl.game.LauncherHelper.launch0(LauncherHelper.java:95)
[09:21:07] [org.jackhuang.hmcl.task.TaskExecutor.executeTask/FINE] Executing task: 登录方式
[09:21:07] [org.jackhuang.hmcl.task.TaskExecutor.executeTask/FINER] Task finished: 登录方式
[09:21:07] [org.jackhuang.hmcl.task.TaskExecutor.executeTask/FINER] Task finished: 登录方式
[09:21:07] [org.jackhuang.hmcl.task.TaskExecutor.executeTask/FINE] Executing task: org.jackhuang.hmcl.game.LauncherHelper.launch0(LauncherHelper.java:110)
[09:21:07] [org.jackhuang.hmcl.task.TaskExecutor.executeTask/FINER] Task finished: org.jackhuang.hmcl.game.LauncherHelper.launch0(LauncherHelper.java:110)
[09:21:07] [org.jackhuang.hmcl.task.TaskExecutor.executeTask/FINER] Task finished: org.jackhuang.hmcl.game.LauncherHelper.launch0(LauncherHelper.java:110)
[09:21:07] [org.jackhuang.hmcl.task.TaskExecutor.executeTask/FINE] Executing task: org.jackhuang.hmcl.game.LauncherHelper.launch0(LauncherHelper.java:111)
[09:21:07] [org.jackhuang.hmcl.task.TaskExecutor.executeTask/FINER] Task finished: org.jackhuang.hmcl.game.LauncherHelper.launch0(LauncherHelper.java:111)
[09:21:07] [org.jackhuang.hmcl.task.TaskExecutor.executeTask/FINER] Task finished: org.jackhuang.hmcl.game.LauncherHelper.launch0(LauncherHelper.java:111)
[09:21:07] [org.jackhuang.hmcl.task.TaskExecutor.executeTask/FINE] Executing task: 启动游戏
[09:21:07] [org.jackhuang.hmcl.task.TaskExecutor.executeTask/FINER] Task finished: 启动游戏
[09:21:07] [org.jackhuang.hmcl.task.TaskExecutor.executeTask/FINER] Task finished: org.jackhuang.hmcl.game.LauncherHelper$$Lambda$443/859284970@62fd14ba
[09:21:07] [org.jackhuang.hmcl.task.TaskExecutor.executeTask/FINE] Executing task: org.jackhuang.hmcl.game.LauncherHelper.launch0(LauncherHelper.java:127)
[09:21:07] [org.jackhuang.hmcl.task.TaskExecutor.executeTask/FINER] Task finished: org.jackhuang.hmcl.game.LauncherHelper.launch0(LauncherHelper.java:127)
[09:21:07] [org.jackhuang.hmcl.task.TaskExecutor.executeTask/FINER] Task finished: org.jackhuang.hmcl.game.LauncherHelper.launch0(LauncherHelper.java:127)
[09:21:11] [org.jackhuang.hmcl.ui.construct.StackContainerPane.pop/INFO] StackContainerPane@4509f301 [], removed: true, object: TaskExecutorDialogPane@2c933c9e
[09:27:51] [org.jackhuang.hmcl.event.EventBus.fireEvent/INFO] ProcessStoppedEvent [source=org.jackhuang.hmcl.launch.ExitWaiter@6d8a6e04, process=ManagedProcess[commands=[C:\Program Files\Java\jre1.8.0_161\bin\java, -Dminecraft.launcher.version=3.1.59, -Dminecraft.launcher.brand=HMCL, -Dminecraft.client.jar=.minecraft\versions\1.12\1.12.jar, -Dlog4j.configurationFile=C:\Users\Notebook\Desktop\minecraft_m3_win\roamingmc\assets\log_configs\client-1.12.xml, -XX:+UnlockExperimentalVMOptions, -XX:+UseG1GC, -XX:G1NewSizePercent=20, -XX:G1ReservePercent=20, -XX:MaxGCPauseMillis=50, -XX:G1HeapRegionSize=16M, -XX:-UseAdaptiveSizePolicy, -XX:-OmitStackTraceInFastThrow, -Xmn128m, -Xmx4096m, -Dfml.ignoreInvalidMinecraftCertificates=true, -Dfml.ignorePatchDiscrepancies=true, -XX:HeapDumpPath=MojangTricksIntelDriversForPerformance_javaw.exe_minecraft.exe.heapdump, -Djava.library.path=C:\Users\Notebook\AppData\Local\Temp\minecraft2603100231279004974, -Dminecraft.launcher.brand=${launcher_name}, -Dminecraft.launcher.version=${launcher_version}, -cp, C:\Users\Notebook\Desktop\minecraft_m3_win\roamingmc\libraries\com\mojang\patchy\1.1\patchy-1.1.jar;C:\Users\Notebook\Desktop\minecraft_m3_win\roamingmc\libraries\oshi-project\oshi-core\1.1\oshi-core-1.1.jar;C:\Users\Notebook\Desktop\minecraft_m3_win\roamingmc\libraries\net\java\dev\jna\jna\4.4.0\jna-4.4.0.jar;C:\Users\Notebook\Desktop\minecraft_m3_win\roamingmc\libraries\net\java\dev\jna\platform\3.4.0\platform-3.4.0.jar;C:\Users\Notebook\Desktop\minecraft_m3_win\roamingmc\libraries\com\ibm\icu\icu4j-core-mojang\51.2\icu4j-core-mojang-51.2.jar;C:\Users\Notebook\Desktop\minecraft_m3_win\roamingmc\libraries\net\sf\jopt-simple\jopt-simple\5.0.3\jopt-simple-5.0.3.jar;C:\Users\Notebook\Desktop\minecraft_m3_win\roamingmc\libraries\com\paulscode\codecjorbis\20101023\codecjorbis-20101023.jar;C:\Users\Notebook\Desktop\minecraft_m3_win\roamingmc\libraries\com\paulscode\codecwav\20101023\codecwav-20101023.jar;C:\Users\Notebook\Desktop\minecraft_m3_win\roamingmc\libraries\com\paulscode\libraryjavasound\20101123\libraryjavasound-20101123.jar;C:\Users\Notebook\Desktop\minecraft_m3_win\roamingmc\libraries\com\paulscode\librarylwjglopenal\20100824\librarylwjglopenal-20100824.jar;C:\Users\Notebook\Desktop\minecraft_m3_win\roamingmc\libraries\com\paulscode\soundsystem\20120107\soundsystem-20120107.jar;C:\Users\Notebook\Desktop\minecraft_m3_win\roamingmc\libraries\io\netty\netty-all\4.1.9.Final\netty-all-4.1.9.Final.jar;C:\Users\Notebook\Desktop\minecraft_m3_win\roamingmc\libraries\com\google\guava\guava\21.0\guava-21.0.jar;C:\Users\Notebook\Desktop\minecraft_m3_win\roamingmc\libraries\org\apache\commons\commons-lang3\3.5\commons-lang3-3.5.jar;C:\Users\Notebook\Desktop\minecraft_m3_win\roamingmc\libraries\commons-io\commons-io\2.5\commons-io-2.5.jar;C:\Users\Notebook\Desktop\minecraft_m3_win\roamingmc\libraries\commons-codec\commons-codec\1.10\commons-codec-1.10.jar;C:\Users\Notebook\Desktop\minecraft_m3_win\roamingmc\libraries\net\java\jinput\jinput\2.0.5\jinput-2.0.5.jar;C:\Users\Notebook\Desktop\minecraft_m3_win\roamingmc\libraries\net\java\jutils\jutils\1.0.0\jutils-1.0.0.jar;C:\Users\Notebook\Desktop\minecraft_m3_win\roamingmc\libraries\com\google\code\gson\gson\2.8.0\gson-2.8.0.jar;C:\Users\Notebook\Desktop\minecraft_m3_win\roamingmc\libraries\com\mojang\authlib\1.5.25\authlib-1.5.25.jar;C:\Users\Notebook\Desktop\minecraft_m3_win\roamingmc\libraries\com\mojang\realms\1.10.17\realms-1.10.17.jar;C:\Users\Notebook\Desktop\minecraft_m3_win\roamingmc\libraries\org\apache\commons\commons-compress\1.8.1\commons-compress-1.8.1.jar;C:\Users\Notebook\Desktop\minecraft_m3_win\roamingmc\libraries\org\apache\httpcomponents\httpclient\4.3.3\httpclient-4.3.3.jar;C:\Users\Notebook\Desktop\minecraft_m3_win\roamingmc\libraries\commons-logging\commons-logging\1.1.3\commons-logging-1.1.3.jar;C:\Users\Notebook\Desktop\minecraft_m3_win\roamingmc\libraries\org\apache\httpcomponents\httpcore\4.3.2\httpcore-4.3.2.jar;C:\Users\Notebook\Desktop\minecraft_m3_win\roamingmc\libraries\it\unimi\dsi\fastutil\7.1.0\fastutil-7.1.0.jar;C:\Users\Notebook\Desktop\minecraft_m3_win\roamingmc\libraries\org\apache\logging\log4j\log4j-api\2.8.1\log4j-api-2.8.1.jar;C:\Users\Notebook\Desktop\minecraft_m3_win\roamingmc\libraries\org\apache\logging\log4j\log4j-core\2.8.1\log4j-core-2.8.1.jar;C:\Users\Notebook\Desktop\minecraft_m3_win\roamingmc\libraries\org\lwjgl\lwjgl\lwjgl\2.9.4-nightly-20150209\lwjgl-2.9.4-nightly-20150209.jar;C:\Users\Notebook\Desktop\minecraft_m3_win\roamingmc\libraries\org\lwjgl\lwjgl\lwjgl_util\2.9.4-nightly-20150209\lwjgl_util-2.9.4-nightly-20150209.jar;C:\Users\Notebook\Desktop\minecraft_m3_win\roamingmc\libraries\com\mojang\text2speech\1.10.3\text2speech-1.10.3.jar;C:\Users\Notebook\Desktop\minecraft_m3_win\.minecraft\versions\1.12\1.12.jar, net.minecraft.client.main.Main, --username, xkn, --version, HMCL 3.1.59, --gameDir, C:\Users\Notebook\Desktop\minecraft_m3_win\.minecraft, --assetsDir, C:\Users\Notebook\Desktop\minecraft_m3_win\roamingmc\assets, --assetIndex, 1.12, --uuid, ee5e531414a1b4d6d4ed5934bf6fa5de, --accessToken, ee5e531414a1b4d6d4ed5934bf6fa5de, --userType, legacy, --versionType, release, --height, 480, --width, 854], isRunning=true]] gets fired
[09:27:51] [org.jackhuang.hmcl.Launcher.stopWithoutPlatform/INFO] Stopping application without JavaFX Toolkit.
	at java.lang.Thread.getStackTrace(Unknown Source)
	at org.jackhuang.hmcl.Launcher.stopWithoutPlatform(Launcher.java:99)
	at org.jackhuang.hmcl.game.LauncherHelper.lambda$checkExit$16(LauncherHelper.java:245)
	at com.sun.javafx.application.PlatformImpl.lambda$null$172(PlatformImpl.java:295)
	at java.security.AccessController.doPrivileged(Native Method)
	at com.sun.javafx.application.PlatformImpl.lambda$runLater$173(PlatformImpl.java:294)
	at com.sun.glass.ui.InvokeLaterDispatcher$Future.run(InvokeLaterDispatcher.java:95)
	at com.sun.glass.ui.win.WinApplication._runLoop(Native Method)
	at com.sun.glass.ui.win.WinApplication.lambda$null$147(WinApplication.java:177)
	at java.lang.Thread.run(Unknown Source)

[09:27:51] [org.jackhuang.hmcl.task.Schedulers.shutdown/INFO] Shutting down executor services.
