[16:55:51] [Render thread/INFO]: Environment: authHost='https://authserver.mojang.com', accountsHost='https://api.mojang.com', sessionHost='https://sessionserver.mojang.com', servicesHost='https://api.minecraftservices.com', name='PROD'
[16:55:57] [Render thread/ERROR]: Failed to verify authentication
com.mojang.authlib.exceptions.AuthenticationUnavailableException: null
	at com.mojang.authlib.yggdrasil.YggdrasilSocialInteractionsService.checkPrivileges(YggdrasilSocialInteractionsService.java:97) ~[authlib-2.1.28.jar:?]
	at com.mojang.authlib.yggdrasil.YggdrasilSocialInteractionsService.<init>(YggdrasilSocialInteractionsService.java:40) ~[authlib-2.1.28.jar:?]
	at com.mojang.authlib.yggdrasil.YggdrasilAuthenticationService.createSocialInteractionsService(YggdrasilAuthenticationService.java:152) ~[authlib-2.1.28.jar:?]
	at djz.a(SourceFile:625) [1.16.5.jar:?]
	at djz.<init>(SourceFile:409) [1.16.5.jar:?]
	at net.minecraft.client.main.Main.main(SourceFile:177) [1.16.5.jar:?]
[16:55:57] [Render thread/INFO]: Setting user: xkn
[16:55:57] [Render thread/INFO]: Backend library: LWJGL version 3.2.2 build 10
[16:56:02] [Render thread/INFO]: Narrator library for x64 successfully loaded
[16:56:03] [Render thread/INFO]: Reloading ResourceManager: Default
[16:56:04] [Realms Notification Availability checker #1/INFO]: Could not authorize you against Realms server: Invalid session id
[16:56:13] [Render thread/INFO]: OpenAL initialized.
[16:56:13] [Render thread/INFO]: Sound engine started
[16:56:14] [Render thread/INFO]: Created: 1024x1024x4 minecraft:textures/atlas/blocks.png-atlas
[16:56:14] [Render thread/INFO]: Created: 256x128x4 minecraft:textures/atlas/signs.png-atlas
[16:56:14] [Render thread/INFO]: Created: 1024x512x4 minecraft:textures/atlas/banner_patterns.png-atlas
[16:56:14] [Render thread/INFO]: Created: 1024x512x4 minecraft:textures/atlas/shield_patterns.png-atlas
[16:56:14] [Render thread/INFO]: Created: 256x256x4 minecraft:textures/atlas/chest.png-atlas
[16:56:14] [Render thread/INFO]: Created: 512x256x4 minecraft:textures/atlas/beds.png-atlas
[16:56:14] [Render thread/INFO]: Created: 512x256x4 minecraft:textures/atlas/shulker_boxes.png-atlas
[16:56:16] [Render thread/INFO]: Created: 256x256x0 minecraft:textures/atlas/particles.png-atlas
[16:56:16] [Render thread/INFO]: Created: 256x256x0 minecraft:textures/atlas/paintings.png-atlas
[16:56:16] [Render thread/INFO]: Created: 256x128x0 minecraft:textures/atlas/mob_effects.png-atlas
[16:56:25] [Render thread/INFO]: Connecting to 192.168.3.199, 25565
[16:56:28] [Render thread/INFO]: Environment: authHost='https://authserver.mojang.com', accountsHost='https://api.mojang.com', sessionHost='https://sessionserver.mojang.com', servicesHost='https://api.minecraftservices.com', name='PROD'
[16:56:30] [Render thread/INFO]: [CHAT] Welcome xkn
[16:56:30] [Render thread/INFO]: [CHAT] xkn joined the game
[16:56:31] [Render thread/INFO]: Loaded 0 advancements
[16:56:57] [Render thread/INFO]: [CHAT] Welcome moss_from_mars
[16:56:57] [Render thread/INFO]: [CHAT] moss_from_mars joined the game
[16:56:57] [Render thread/INFO]: [CHAT] moss_from_mars达成了目标[天空即为极限]
[16:57:17] [Render thread/INFO]: [CHAT] please goto home x=-30 y=-6 z=-40 for 15s to fly
[16:57:17] [Render thread/INFO]: [CHAT] x:0y:0z:0
[16:57:18] [Render thread/INFO]: [CHAT] please goto home x=-30 y=-6 z=-40 for 15s to fly
[16:57:18] [Render thread/INFO]: [CHAT] x:0y:0z:0
[16:57:18] [Render thread/INFO]: [CHAT] please goto home x=-30 y=-6 z=-40 for 15s to fly
[16:57:18] [Render thread/INFO]: [CHAT] x:0y:0z:0
[16:57:19] [Render thread/INFO]: [CHAT] please goto home x=-30 y=-6 z=-40 for 15s to fly
[16:57:19] [Render thread/INFO]: [CHAT] x:0y:0z:0
[16:57:19] [Render thread/INFO]: [CHAT] please goto home x=-30 y=-6 z=-40 for 15s to fly
[16:57:19] [Render thread/INFO]: [CHAT] x:0y:0z:0
[16:57:20] [Render thread/INFO]: [CHAT] please goto home x=-30 y=-6 z=-40 for 15s to fly
[16:57:20] [Render thread/INFO]: [CHAT] x:0y:0z:0
[16:57:21] [Render thread/INFO]: [CHAT] please goto home x=-30 y=-6 z=-40 for 15s to fly
[16:57:21] [Render thread/INFO]: [CHAT] x:0y:0z:0
[16:57:21] [Render thread/INFO]: [CHAT] please goto home x=-30 y=-6 z=-40 for 15s to fly
[16:57:21] [Render thread/INFO]: [CHAT] x:0y:0z:0
[16:57:22] [Render thread/INFO]: [CHAT] please goto home x=-30 y=-6 z=-40 for 15s to fly
[16:57:22] [Render thread/INFO]: [CHAT] x:0y:0z:0
[16:57:22] [Render thread/INFO]: [CHAT] please goto home x=-30 y=-6 z=-40 for 15s to fly
[16:57:22] [Render thread/INFO]: [CHAT] x:0y:0z:0
[16:57:23] [Render thread/INFO]: [CHAT] please goto home x=-30 y=-6 z=-40 for 15s to fly
[16:57:23] [Render thread/INFO]: [CHAT] x:0y:0z:0
[16:57:23] [Render thread/INFO]: [CHAT] please goto home x=-30 y=-6 z=-40 for 15s to fly
[16:57:23] [Render thread/INFO]: [CHAT] x:0y:0z:0
[16:57:24] [Render thread/INFO]: [CHAT] please goto home x=-30 y=-6 z=-40 for 15s to fly
[16:57:24] [Render thread/INFO]: [CHAT] x:1y:0z:2
[16:57:24] [Render thread/INFO]: [CHAT] please goto home x=-30 y=-6 z=-40 for 15s to fly
[16:57:24] [Render thread/INFO]: [CHAT] x:1y:0z:5
[16:57:25] [Render thread/INFO]: [CHAT] please goto home x=-30 y=-6 z=-40 for 15s to fly
[16:57:25] [Render thread/INFO]: [CHAT] x:2y:0z:7
[16:57:25] [Render thread/INFO]: [CHAT] please goto home x=-30 y=-6 z=-40 for 15s to fly
[16:57:25] [Render thread/INFO]: [CHAT] x:2y:0z:9
[16:57:26] [Render thread/INFO]: [CHAT] please goto home x=-30 y=-6 z=-40 for 15s to fly
[16:57:26] [Render thread/INFO]: [CHAT] x:2y:0z:9
[16:57:27] [Render thread/INFO]: [CHAT] please goto home x=-30 y=-6 z=-40 for 15s to fly
[16:57:27] [Render thread/INFO]: [CHAT] x:2y:0z:9
[16:57:27] [Render thread/INFO]: [CHAT] please goto home x=-30 y=-6 z=-40 for 15s to fly
[16:57:27] [Render thread/INFO]: [CHAT] x:4y:0z:9
[16:57:28] [Render thread/INFO]: [CHAT] please goto home x=-30 y=-6 z=-40 for 15s to fly
[16:57:28] [Render thread/INFO]: [CHAT] x:6y:0z:8
[16:57:28] [Render thread/INFO]: [CHAT] please goto home x=-30 y=-6 z=-40 for 15s to fly
[16:57:28] [Render thread/INFO]: [CHAT] x:8y:0z:7
[16:57:29] [Render thread/INFO]: [CHAT] please goto home x=-30 y=-6 z=-40 for 15s to fly
[16:57:29] [Render thread/INFO]: [CHAT] x:9y:0z:5
[16:57:29] [Render thread/INFO]: [CHAT] please goto home x=-30 y=-6 z=-40 for 15s to fly
[16:57:29] [Render thread/INFO]: [CHAT] x:9y:0z:2
[16:57:30] [Render thread/INFO]: [CHAT] please goto home x=-30 y=-6 z=-40 for 15s to fly
[16:57:30] [Render thread/INFO]: [CHAT] x:9y:0z:0
[16:57:30] [Render thread/INFO]: [CHAT] please goto home x=-30 y=-6 z=-40 for 15s to fly
[16:57:30] [Render thread/INFO]: [CHAT] x:9y:0z:-2
[16:57:31] [Render thread/INFO]: [CHAT] please goto home x=-30 y=-6 z=-40 for 15s to fly
[16:57:31] [Render thread/INFO]: [CHAT] x:8y:0z:-3
[16:57:32] [Render thread/INFO]: [CHAT] please goto home x=-30 y=-6 z=-40 for 15s to fly
[16:57:32] [Render thread/INFO]: [CHAT] x:6y:0z:-2
[16:57:32] [Render thread/INFO]: [CHAT] please goto home x=-30 y=-6 z=-40 for 15s to fly
[16:57:32] [Render thread/INFO]: [CHAT] x:4y:0z:-1
[16:57:33] [Render thread/INFO]: [CHAT] please goto home x=-30 y=-6 z=-40 for 15s to fly
[16:57:33] [Render thread/INFO]: [CHAT] x:3y:0z:1
[16:57:33] [Render thread/INFO]: [CHAT] please goto home x=-30 y=-6 z=-40 for 15s to fly
[16:57:33] [Render thread/INFO]: [CHAT] x:2y:0z:4
[16:57:34] [Render thread/INFO]: [CHAT] please goto home x=-30 y=-6 z=-40 for 15s to fly
[16:57:34] [Render thread/INFO]: [CHAT] x:1y:0z:6
[16:57:34] [Render thread/INFO]: [CHAT] please goto home x=-30 y=-6 z=-40 for 15s to fly
[16:57:34] [Render thread/INFO]: [CHAT] x:0y:0z:8
[16:57:35] [Render thread/INFO]: [CHAT] please goto home x=-30 y=-6 z=-40 for 15s to fly
[16:57:35] [Render thread/INFO]: [CHAT] x:0y:0z:9
[16:57:35] [Render thread/INFO]: [CHAT] please goto home x=-30 y=-6 z=-40 for 15s to fly
[16:57:36] [Render thread/INFO]: [CHAT] x:0y:0z:9
[16:57:36] [Render thread/INFO]: [CHAT] please goto home x=-30 y=-6 z=-40 for 15s to fly
[16:57:36] [Render thread/INFO]: [CHAT] x:0y:0z:9
[16:57:37] [Render thread/INFO]: [CHAT] please goto home x=-30 y=-6 z=-40 for 15s to fly
[16:57:37] [Render thread/INFO]: [CHAT] x:0y:0z:9
[16:57:37] [Render thread/INFO]: [CHAT] please goto home x=-30 y=-6 z=-40 for 15s to fly
[16:57:37] [Render thread/INFO]: [CHAT] x:0y:0z:9
[16:57:38] [Render thread/INFO]: [CHAT] please goto home x=-30 y=-6 z=-40 for 15s to fly
[16:57:38] [Render thread/INFO]: [CHAT] x:0y:0z:9
[16:57:38] [Render thread/INFO]: [CHAT] please goto home x=-30 y=-6 z=-40 for 15s to fly
[16:57:38] [Render thread/INFO]: [CHAT] x:0y:0z:9
[16:57:39] [Render thread/INFO]: [CHAT] please goto home x=-30 y=-6 z=-40 for 15s to fly
[16:57:39] [Render thread/INFO]: [CHAT] x:0y:0z:9
[16:57:39] [Render thread/INFO]: [CHAT] please goto home x=-30 y=-6 z=-40 for 15s to fly
[16:57:39] [Render thread/INFO]: [CHAT] x:0y:0z:9
[16:57:40] [Render thread/INFO]: [CHAT] please goto home x=-30 y=-6 z=-40 for 15s to fly
[16:57:40] [Render thread/INFO]: [CHAT] x:0y:0z:9
[16:57:41] [Render thread/INFO]: [CHAT] please goto home x=-30 y=-6 z=-40 for 15s to fly
[16:57:41] [Render thread/INFO]: [CHAT] x:0y:1z:9
[16:57:41] [Render thread/INFO]: [CHAT] please goto home x=-30 y=-6 z=-40 for 15s to fly
[16:57:41] [Render thread/INFO]: [CHAT] x:0y:0z:9
[16:57:42] [Render thread/INFO]: [CHAT] please goto home x=-30 y=-6 z=-40 for 15s to fly
[16:57:42] [Render thread/INFO]: [CHAT] x:0y:0z:9
[16:57:42] [Render thread/INFO]: [CHAT] please goto home x=-30 y=-6 z=-40 for 15s to fly
[16:57:42] [Render thread/INFO]: [CHAT] x:0y:0z:9
[16:57:43] [Render thread/INFO]: [CHAT] please goto home x=-30 y=-6 z=-40 for 15s to fly
[16:57:43] [Render thread/INFO]: [CHAT] x:0y:0z:9
[16:57:43] [Render thread/INFO]: [CHAT] please goto home x=-30 y=-6 z=-40 for 15s to fly
[16:57:43] [Render thread/INFO]: [CHAT] x:0y:0z:9
[16:57:44] [Render thread/INFO]: [CHAT] please goto home x=-30 y=-6 z=-40 for 15s to fly
[16:57:44] [Render thread/INFO]: [CHAT] x:0y:0z:9
[16:57:44] [Render thread/INFO]: [CHAT] please goto home x=-30 y=-6 z=-40 for 15s to fly
[16:57:44] [Render thread/INFO]: [CHAT] x:0y:0z:9
[16:57:45] [Render thread/INFO]: [CHAT] please goto home x=-30 y=-6 z=-40 for 15s to fly
[16:57:45] [Render thread/INFO]: [CHAT] x:0y:0z:9
[16:57:45] [Render thread/INFO]: [CHAT] please goto home x=-30 y=-6 z=-40 for 15s to fly
[16:57:46] [Render thread/INFO]: [CHAT] x:0y:0z:9
[16:57:46] [Render thread/INFO]: [CHAT] please goto home x=-30 y=-6 z=-40 for 15s to fly
[16:57:46] [Render thread/INFO]: [CHAT] x:0y:0z:9
[16:57:47] [Render thread/INFO]: [CHAT] please goto home x=-30 y=-6 z=-40 for 15s to fly
[16:57:47] [Render thread/INFO]: [CHAT] x:0y:0z:9
[16:57:47] [Render thread/INFO]: [CHAT] please goto home x=-30 y=-6 z=-40 for 15s to fly
[16:57:47] [Render thread/INFO]: [CHAT] x:0y:0z:9
[16:57:48] [Render thread/INFO]: [CHAT] please goto home x=-30 y=-6 z=-40 for 15s to fly
[16:57:48] [Render thread/INFO]: [CHAT] x:0y:0z:9
[16:57:48] [Render thread/INFO]: [CHAT] please goto home x=-30 y=-6 z=-40 for 15s to fly
[16:57:48] [Render thread/INFO]: [CHAT] x:1y:0z:7
[16:57:49] [Render thread/INFO]: [CHAT] please goto home x=-30 y=-6 z=-40 for 15s to fly
[16:57:49] [Render thread/INFO]: [CHAT] x:3y:0z:5
[16:57:49] [Render thread/INFO]: [CHAT] please goto home x=-30 y=-6 z=-40 for 15s to fly
[16:57:49] [Render thread/INFO]: [CHAT] x:3y:0z:3
[16:57:50] [Render thread/INFO]: [CHAT] please goto home x=-30 y=-6 z=-40 for 15s to fly
[16:57:50] [Render thread/INFO]: [CHAT] x:3y:0z:0
[16:57:50] [Render thread/INFO]: [CHAT] please goto home x=-30 y=-6 z=-40 for 15s to fly
[16:57:50] [Render thread/INFO]: [CHAT] x:4y:0z:-2
[16:57:51] [Render thread/INFO]: [CHAT] please goto home x=-30 y=-6 z=-40 for 15s to fly
[16:57:51] [Render thread/INFO]: [CHAT] x:4y:0z:-2
[16:57:52] [Render thread/INFO]: [CHAT] please goto home x=-30 y=-6 z=-40 for 15s to fly
[16:57:52] [Render thread/INFO]: [CHAT] x:4y:0z:-2
[16:57:52] [Render thread/INFO]: [CHAT] please goto home x=-30 y=-6 z=-40 for 15s to fly
[16:57:52] [Render thread/INFO]: [CHAT] x:4y:0z:-2
[16:57:53] [Render thread/INFO]: [CHAT] please goto home x=-30 y=-6 z=-40 for 15s to fly
[16:57:53] [Render thread/INFO]: [CHAT] x:4y:0z:-2
[16:57:53] [Render thread/INFO]: [CHAT] please goto home x=-30 y=-6 z=-40 for 15s to fly
[16:57:53] [Render thread/INFO]: [CHAT] x:3y:0z:-2
[16:57:54] [Render thread/INFO]: [CHAT] please goto home x=-30 y=-6 z=-40 for 15s to fly
[16:57:54] [Render thread/INFO]: [CHAT] x:2y:0z:-2
[16:57:54] [Render thread/INFO]: [CHAT] please goto home x=-30 y=-6 z=-40 for 15s to fly
[16:57:54] [Render thread/INFO]: [CHAT] x:0y:0z:-2
[16:57:55] [Render thread/INFO]: [CHAT] please goto home x=-30 y=-6 z=-40 for 15s to fly
[16:57:55] [Render thread/INFO]: [CHAT] x:-2y:0z:-2
[16:57:55] [Render thread/INFO]: [CHAT] please goto home x=-30 y=-6 z=-40 for 15s to fly
[16:57:55] [Render thread/INFO]: [CHAT] x:-2y:0z:-2
[16:57:56] [Render thread/INFO]: [CHAT] please goto home x=-30 y=-6 z=-40 for 15s to fly
[16:57:56] [Render thread/INFO]: [CHAT] x:-2y:0z:-2
[16:57:57] [Render thread/INFO]: [CHAT] please goto home x=-30 y=-6 z=-40 for 15s to fly
[16:57:57] [Render thread/INFO]: [CHAT] x:-2y:0z:-2
[16:57:57] [Render thread/INFO]: [CHAT] please goto home x=-30 y=-6 z=-40 for 15s to fly
[16:57:57] [Render thread/INFO]: [CHAT] x:-2y:0z:-2
[16:57:58] [Render thread/INFO]: [CHAT] please goto home x=-30 y=-6 z=-40 for 15s to fly
[16:57:58] [Render thread/INFO]: [CHAT] x:-2y:0z:-2
[16:57:58] [Render thread/INFO]: [CHAT] please goto home x=-30 y=-6 z=-40 for 15s to fly
[16:57:58] [Render thread/INFO]: [CHAT] x:-2y:0z:-2
[16:57:59] [Render thread/INFO]: [CHAT] please goto home x=-30 y=-6 z=-40 for 15s to fly
[16:57:59] [Render thread/INFO]: [CHAT] x:-2y:0z:-2
[16:57:59] [Render thread/INFO]: [CHAT] please goto home x=-30 y=-6 z=-40 for 15s to fly
[16:57:59] [Render thread/INFO]: [CHAT] x:-2y:0z:-2
[16:58:00] [Render thread/INFO]: [CHAT] please goto home x=-30 y=-6 z=-40 for 15s to fly
[16:58:00] [Render thread/INFO]: [CHAT] x:-2y:0z:-2
[16:58:01] [Render thread/INFO]: [CHAT] please goto home x=-30 y=-6 z=-40 for 15s to fly
[16:58:01] [Render thread/INFO]: [CHAT] x:-2y:0z:-2
[16:58:01] [Render thread/INFO]: [CHAT] please goto home x=-30 y=-6 z=-40 for 15s to fly
[16:58:01] [Render thread/INFO]: [CHAT] x:-2y:0z:-2
[16:58:02] [Render thread/INFO]: [CHAT] please goto home x=-30 y=-6 z=-40 for 15s to fly
[16:58:02] [Render thread/INFO]: [CHAT] x:-2y:0z:-2
[16:58:02] [Render thread/INFO]: [CHAT] please goto home x=-30 y=-6 z=-40 for 15s to fly
[16:58:02] [Render thread/INFO]: [CHAT] x:-2y:0z:-2
[16:58:03] [Render thread/INFO]: [CHAT] please goto home x=-30 y=-6 z=-40 for 15s to fly
[16:58:03] [Render thread/INFO]: [CHAT] x:-2y:0z:-2
[16:58:03] [Render thread/INFO]: [CHAT] please goto home x=-30 y=-6 z=-40 for 15s to fly
[16:58:03] [Render thread/INFO]: [CHAT] x:-2y:0z:-2
[16:58:04] [Render thread/INFO]: [CHAT] please goto home x=-30 y=-6 z=-40 for 15s to fly
[16:58:04] [Render thread/INFO]: [CHAT] x:-2y:0z:-2
[16:58:04] [Render thread/INFO]: [CHAT] please goto home x=-30 y=-6 z=-40 for 15s to fly
[16:58:04] [Render thread/INFO]: [CHAT] x:-2y:0z:-2
[16:58:05] [Render thread/INFO]: [CHAT] please goto home x=-30 y=-6 z=-40 for 15s to fly
[16:58:05] [Render thread/INFO]: [CHAT] x:-2y:0z:-2
[16:58:06] [Render thread/INFO]: [CHAT] please goto home x=-30 y=-6 z=-40 for 15s to fly
[16:58:06] [Render thread/INFO]: [CHAT] x:-2y:0z:-2
[16:58:06] [Render thread/INFO]: [CHAT] please goto home x=-30 y=-6 z=-40 for 15s to fly
[16:58:06] [Render thread/INFO]: [CHAT] x:-2y:0z:-2
[16:58:07] [Render thread/INFO]: [CHAT] please goto home x=-30 y=-6 z=-40 for 15s to fly
[16:58:07] [Render thread/INFO]: [CHAT] x:-2y:0z:-2
[16:58:07] [Render thread/INFO]: [CHAT] please goto home x=-30 y=-6 z=-40 for 15s to fly
[16:58:07] [Render thread/INFO]: [CHAT] x:-2y:0z:-2
[16:58:08] [Render thread/INFO]: [CHAT] please goto home x=-30 y=-6 z=-40 for 15s to fly
[16:58:08] [Render thread/INFO]: [CHAT] x:-2y:0z:-2
[16:58:08] [Render thread/INFO]: [CHAT] please goto home x=-30 y=-6 z=-40 for 15s to fly
[16:58:09] [Render thread/INFO]: [CHAT] x:-2y:0z:-2
[16:58:09] [Render thread/INFO]: [CHAT] please goto home x=-30 y=-6 z=-40 for 15s to fly
[16:58:09] [Render thread/INFO]: [CHAT] x:-2y:0z:-2
[16:58:10] [Render thread/INFO]: [CHAT] please goto home x=-30 y=-6 z=-40 for 15s to fly
[16:58:10] [Render thread/INFO]: [CHAT] x:-2y:0z:-2
[16:58:10] [Render thread/INFO]: [CHAT] please goto home x=-30 y=-6 z=-40 for 15s to fly
[16:58:10] [Render thread/INFO]: [CHAT] x:-2y:0z:-2
[16:58:11] [Render thread/INFO]: [CHAT] please goto home x=-30 y=-6 z=-40 for 15s to fly
[16:58:11] [Render thread/INFO]: [CHAT] x:-2y:0z:-2
[16:58:11] [Render thread/INFO]: [CHAT] please goto home x=-30 y=-6 z=-40 for 15s to fly
[16:58:11] [Render thread/INFO]: [CHAT] x:-2y:0z:-2
[16:58:12] [Render thread/INFO]: [CHAT] please goto home x=-30 y=-6 z=-40 for 15s to fly
[16:58:12] [Render thread/INFO]: [CHAT] x:-2y:0z:-2
[16:58:12] [Render thread/INFO]: [CHAT] please goto home x=-30 y=-6 z=-40 for 15s to fly
[16:58:12] [Render thread/INFO]: [CHAT] x:-2y:0z:-2
[16:58:13] [Render thread/INFO]: [CHAT] please goto home x=-30 y=-6 z=-40 for 15s to fly
[16:58:13] [Render thread/INFO]: [CHAT] x:-2y:0z:-2
[16:58:13] [Render thread/INFO]: [CHAT] please goto home x=-30 y=-6 z=-40 for 15s to fly
[16:58:14] [Render thread/INFO]: [CHAT] x:-2y:0z:-2
[16:58:14] [Render thread/INFO]: [CHAT] please goto home x=-30 y=-6 z=-40 for 15s to fly
[16:58:14] [Render thread/INFO]: [CHAT] x:-2y:0z:-2
[16:58:15] [Render thread/INFO]: [CHAT] please goto home x=-30 y=-6 z=-40 for 15s to fly
[16:58:15] [Render thread/INFO]: [CHAT] x:-2y:0z:-2
[16:58:15] [Render thread/INFO]: [CHAT] please goto home x=-30 y=-6 z=-40 for 15s to fly
[16:58:15] [Render thread/INFO]: [CHAT] x:-2y:0z:-2
[16:58:16] [Render thread/INFO]: [CHAT] please goto home x=-30 y=-6 z=-40 for 15s to fly
[16:58:16] [Render thread/INFO]: [CHAT] x:-2y:0z:-2
[16:58:16] [Render thread/INFO]: [CHAT] please goto home x=-30 y=-6 z=-40 for 15s to fly
[16:58:16] [Render thread/INFO]: [CHAT] x:-2y:0z:-2
[16:58:17] [Render thread/INFO]: [CHAT] please goto home x=-30 y=-6 z=-40 for 15s to fly
[16:58:17] [Render thread/INFO]: [CHAT] x:-2y:0z:-2
[16:58:17] [Render thread/INFO]: [CHAT] please goto home x=-30 y=-6 z=-40 for 15s to fly
[16:58:17] [Render thread/INFO]: [CHAT] x:-2y:0z:-2
[16:58:18] [Render thread/INFO]: [CHAT] please goto home x=-30 y=-6 z=-40 for 15s to fly
[16:58:18] [Render thread/INFO]: [CHAT] x:-2y:0z:-2
[16:58:19] [Render thread/INFO]: [CHAT] please goto home x=-30 y=-6 z=-40 for 15s to fly
[16:58:19] [Render thread/INFO]: [CHAT] x:-2y:0z:-2
[16:58:19] [Render thread/INFO]: [CHAT] please goto home x=-30 y=-6 z=-40 for 15s to fly
[16:58:19] [Render thread/INFO]: [CHAT] x:-2y:0z:-2
[16:58:20] [Render thread/INFO]: [CHAT] please goto home x=-30 y=-6 z=-40 for 15s to fly
[16:58:20] [Render thread/INFO]: [CHAT] x:-2y:0z:-2
[16:58:20] [Render thread/INFO]: [CHAT] please goto home x=-30 y=-6 z=-40 for 15s to fly
[16:58:20] [Render thread/INFO]: [CHAT] x:-2y:0z:-2
[16:58:21] [Render thread/INFO]: [CHAT] please goto home x=-30 y=-6 z=-40 for 15s to fly
[16:58:21] [Render thread/INFO]: [CHAT] x:-2y:0z:-2
[16:58:21] [Render thread/INFO]: [CHAT] please goto home x=-30 y=-6 z=-40 for 15s to fly
[16:58:21] [Render thread/INFO]: [CHAT] x:-2y:0z:-2
[16:58:22] [Render thread/INFO]: [CHAT] please goto home x=-30 y=-6 z=-40 for 15s to fly
[16:58:22] [Render thread/INFO]: [CHAT] x:-2y:0z:-2
[16:58:22] [Render thread/INFO]: [CHAT] please goto home x=-30 y=-6 z=-40 for 15s to fly
[16:58:22] [Render thread/INFO]: [CHAT] x:-2y:0z:-2
[16:58:23] [Render thread/INFO]: [CHAT] please goto home x=-30 y=-6 z=-40 for 15s to fly
[16:58:23] [Render thread/INFO]: [CHAT] x:-2y:0z:-2
[16:58:24] [Render thread/INFO]: [CHAT] please goto home x=-30 y=-6 z=-40 for 15s to fly
[16:58:24] [Render thread/INFO]: [CHAT] x:-2y:0z:-2
