[17:01:03] [Render thread/INFO]: Environment: authHost='https://authserver.mojang.com', accountsHost='https://api.mojang.com', sessionHost='https://sessionserver.mojang.com', servicesHost='https://api.minecraftservices.com', name='PROD'
[17:01:05] [Render thread/ERROR]: Failed to verify authentication
com.mojang.authlib.exceptions.AuthenticationUnavailableException: null
	at com.mojang.authlib.yggdrasil.YggdrasilSocialInteractionsService.checkPrivileges(YggdrasilSocialInteractionsService.java:97) ~[authlib-2.1.28.jar:?]
	at com.mojang.authlib.yggdrasil.YggdrasilSocialInteractionsService.<init>(YggdrasilSocialInteractionsService.java:40) ~[authlib-2.1.28.jar:?]
	at com.mojang.authlib.yggdrasil.YggdrasilAuthenticationService.createSocialInteractionsService(YggdrasilAuthenticationService.java:152) ~[authlib-2.1.28.jar:?]
	at djz.a(SourceFile:625) [1.16.5.jar:?]
	at djz.<init>(SourceFile:409) [1.16.5.jar:?]
	at net.minecraft.client.main.Main.main(SourceFile:177) [1.16.5.jar:?]
[17:01:05] [Render thread/INFO]: Setting user: xkn
[17:01:06] [Render thread/INFO]: Backend library: LWJGL version 3.2.2 build 10
[17:01:12] [Render thread/INFO]: Narrator library for x64 successfully loaded
[17:01:12] [Render thread/INFO]: Reloading ResourceManager: Default
[17:01:14] [Realms Notification Availability checker #1/INFO]: Could not authorize you against Realms server: Invalid session id
[17:01:22] [Render thread/INFO]: OpenAL initialized.
[17:01:22] [Render thread/INFO]: Sound engine started
[17:01:23] [Render thread/INFO]: Created: 1024x1024x4 minecraft:textures/atlas/blocks.png-atlas
[17:01:23] [Render thread/INFO]: Created: 256x128x4 minecraft:textures/atlas/signs.png-atlas
[17:01:23] [Render thread/INFO]: Created: 1024x512x4 minecraft:textures/atlas/banner_patterns.png-atlas
[17:01:23] [Render thread/INFO]: Created: 1024x512x4 minecraft:textures/atlas/shield_patterns.png-atlas
[17:01:23] [Render thread/INFO]: Created: 256x256x4 minecraft:textures/atlas/chest.png-atlas
[17:01:23] [Render thread/INFO]: Created: 512x256x4 minecraft:textures/atlas/beds.png-atlas
[17:01:23] [Render thread/INFO]: Created: 512x256x4 minecraft:textures/atlas/shulker_boxes.png-atlas
[17:01:25] [Render thread/INFO]: Created: 256x256x0 minecraft:textures/atlas/particles.png-atlas
[17:01:25] [Render thread/INFO]: Created: 256x256x0 minecraft:textures/atlas/paintings.png-atlas
[17:01:25] [Render thread/INFO]: Created: 256x128x0 minecraft:textures/atlas/mob_effects.png-atlas
[17:01:34] [Render thread/INFO]: Connecting to 192.168.3.199, 25565
[17:01:41] [Render thread/INFO]: Environment: authHost='https://authserver.mojang.com', accountsHost='https://api.mojang.com', sessionHost='https://sessionserver.mojang.com', servicesHost='https://api.minecraftservices.com', name='PROD'
[17:01:43] [Render thread/INFO]: [CHAT] Welcome xkn
[17:01:43] [Render thread/INFO]: [CHAT] xkn joined the game
[17:01:44] [Render thread/INFO]: Loaded 0 advancements
[17:01:44] [Render thread/INFO]: [CHAT] please goto home x=-30 y=-6 z=-40 for 15s to fly
[17:01:44] [Render thread/INFO]: [CHAT] x:-2y:0z:-2
[17:01:44] [Render thread/INFO]: [CHAT] please goto home x=-30 y=-6 z=-40 for 15s to fly
[17:01:44] [Render thread/INFO]: [CHAT] x:-2y:0z:-2
[17:01:44] [Render thread/INFO]: [CHAT] please goto home x=-30 y=-6 z=-40 for 15s to fly
[17:01:44] [Render thread/INFO]: [CHAT] x:-2y:0z:-2
[17:01:44] [Render thread/INFO]: [CHAT] please goto home x=-30 y=-6 z=-40 for 15s to fly
[17:01:44] [Render thread/INFO]: [CHAT] x:-2y:0z:-2
[17:01:44] [Render thread/INFO]: [CHAT] please goto home x=-30 y=-6 z=-40 for 15s to fly
[17:01:44] [Render thread/INFO]: [CHAT] x:-2y:0z:-2
[17:01:44] [Render thread/INFO]: [CHAT] please goto home x=-30 y=-6 z=-40 for 15s to fly
[17:01:44] [Render thread/INFO]: [CHAT] x:-2y:0z:-2
[17:01:44] [Render thread/INFO]: [CHAT] please goto home x=-30 y=-6 z=-40 for 15s to fly
[17:01:44] [Render thread/INFO]: [CHAT] x:-2y:0z:-2
[17:01:44] [Render thread/INFO]: [CHAT] please goto home x=-30 y=-6 z=-40 for 15s to fly
[17:01:44] [Render thread/INFO]: [CHAT] x:-2y:0z:-2
[17:01:44] [Render thread/INFO]: [CHAT] please goto home x=-30 y=-6 z=-40 for 15s to fly
[17:01:44] [Render thread/INFO]: [CHAT] x:-2y:0z:-2
[17:01:44] [Render thread/INFO]: [CHAT] please goto home x=-30 y=-6 z=-40 for 15s to fly
[17:01:44] [Render thread/INFO]: [CHAT] x:-2y:0z:-2
[17:01:44] [Render thread/INFO]: [CHAT] please goto home x=-30 y=-6 z=-40 for 15s to fly
[17:01:44] [Render thread/INFO]: [CHAT] x:-2y:0z:-2
[17:01:46] [Render thread/INFO]: [CHAT] please goto home x=-30 y=-6 z=-40 for 15s to fly
[17:01:46] [Render thread/INFO]: [CHAT] x:-2y:0z:-2
[17:01:46] [Render thread/INFO]: [CHAT] please goto home x=-30 y=-6 z=-40 for 15s to fly
[17:01:46] [Render thread/INFO]: [CHAT] x:-2y:0z:-2
[17:01:46] [Render thread/INFO]: [CHAT] please goto home x=-30 y=-6 z=-40 for 15s to fly
[17:01:46] [Render thread/INFO]: [CHAT] x:-2y:0z:-2
[17:01:46] [Render thread/INFO]: [CHAT] please goto home x=-30 y=-6 z=-40 for 15s to fly
[17:01:46] [Render thread/INFO]: [CHAT] x:-2y:0z:-2
[17:01:47] [Render thread/INFO]: [CHAT] please goto home x=-30 y=-6 z=-40 for 15s to fly
[17:01:47] [Render thread/INFO]: [CHAT] x:-2y:0z:-2
[17:01:47] [Render thread/INFO]: [CHAT] please goto home x=-30 y=-6 z=-40 for 15s to fly
[17:01:47] [Render thread/INFO]: [CHAT] x:-2y:0z:-2
[17:01:48] [Render thread/INFO]: [CHAT] please goto home x=-30 y=-6 z=-40 for 15s to fly
[17:01:48] [Render thread/INFO]: [CHAT] x:-2y:0z:-2
[17:01:48] [Render thread/INFO]: [CHAT] please goto home x=-30 y=-6 z=-40 for 15s to fly
[17:01:48] [Render thread/INFO]: [CHAT] x:-2y:0z:-2
[17:01:49] [Render thread/INFO]: [CHAT] please goto home x=-30 y=-6 z=-40 for 15s to fly
[17:01:49] [Render thread/INFO]: [CHAT] x:-2y:0z:-2
[17:01:50] [Render thread/INFO]: [CHAT] please goto home x=-30 y=-6 z=-40 for 15s to fly
[17:01:50] [Render thread/INFO]: [CHAT] x:-2y:0z:-2
[17:01:50] [Render thread/INFO]: [CHAT] please goto home x=-30 y=-6 z=-40 for 15s to fly
[17:01:50] [Render thread/INFO]: [CHAT] x:-2y:0z:-2
[17:01:51] [Render thread/INFO]: [CHAT] please goto home x=-30 y=-6 z=-40 for 15s to fly
[17:01:51] [Render thread/INFO]: [CHAT] x:-2y:0z:-2
[17:01:51] [Render thread/INFO]: [CHAT] please goto home x=-30 y=-6 z=-40 for 15s to fly
[17:01:51] [Render thread/INFO]: [CHAT] x:-2y:0z:-2
[17:01:52] [Render thread/INFO]: [CHAT] please goto home x=-30 y=-6 z=-40 for 15s to fly
[17:01:52] [Render thread/INFO]: [CHAT] x:-2y:0z:-2
[17:01:52] [Render thread/INFO]: [CHAT] please goto home x=-30 y=-6 z=-40 for 15s to fly
[17:01:53] [Render thread/INFO]: [CHAT] x:-2y:0z:-2
[17:01:53] [Render thread/INFO]: [CHAT] please goto home x=-30 y=-6 z=-40 for 15s to fly
[17:01:53] [Render thread/INFO]: [CHAT] x:-2y:0z:-2
[17:01:54] [Render thread/INFO]: [CHAT] please goto home x=-30 y=-6 z=-40 for 15s to fly
[17:01:54] [Render thread/INFO]: [CHAT] x:-2y:0z:-2
[17:01:54] [Render thread/INFO]: [CHAT] please goto home x=-30 y=-6 z=-40 for 15s to fly
[17:01:54] [Render thread/INFO]: [CHAT] x:-2y:0z:-2
[17:01:55] [Render thread/INFO]: [CHAT] please goto home x=-30 y=-6 z=-40 for 15s to fly
[17:01:55] [Render thread/INFO]: [CHAT] x:-2y:0z:-2
[17:01:56] [Render thread/INFO]: [CHAT] please goto home x=-30 y=-6 z=-40 for 15s to fly
[17:01:56] [Render thread/INFO]: [CHAT] x:-2y:0z:-2
[17:01:56] [Render thread/INFO]: [CHAT] please goto home x=-30 y=-6 z=-40 for 15s to fly
[17:01:56] [Render thread/INFO]: [CHAT] x:-2y:0z:-2
[17:01:57] [Render thread/INFO]: [CHAT] please goto home x=-30 y=-6 z=-40 for 15s to fly
[17:01:57] [Render thread/INFO]: [CHAT] x:-2y:0z:-2
[17:01:57] [Render thread/INFO]: [CHAT] please goto home x=-30 y=-6 z=-40 for 15s to fly
[17:01:57] [Render thread/INFO]: [CHAT] x:-2y:0z:-2
[17:01:58] [Render thread/INFO]: [CHAT] please goto home x=-30 y=-6 z=-40 for 15s to fly
[17:01:58] [Render thread/INFO]: [CHAT] x:-2y:0z:-2
[17:01:58] [Render thread/INFO]: [CHAT] please goto home x=-30 y=-6 z=-40 for 15s to fly
[17:01:58] [Render thread/INFO]: [CHAT] x:-2y:0z:-2
[17:01:59] [Render thread/INFO]: [CHAT] please goto home x=-30 y=-6 z=-40 for 15s to fly
[17:01:59] [Render thread/INFO]: [CHAT] x:-2y:0z:-2
[17:02:00] [Render thread/INFO]: [CHAT] please goto home x=-30 y=-6 z=-40 for 15s to fly
[17:02:00] [Render thread/INFO]: [CHAT] x:-2y:0z:-2
[17:02:00] [Render thread/INFO]: [CHAT] please goto home x=-30 y=-6 z=-40 for 15s to fly
[17:02:00] [Render thread/INFO]: [CHAT] x:-2y:0z:-2
[17:02:00] [Render thread/INFO]: [CHAT] Welcome JM
[17:02:00] [Render thread/INFO]: [CHAT] JM joined the game
[17:02:01] [Render thread/INFO]: [CHAT] please goto home x=-30 y=-6 z=-40 for 15s to fly
[17:02:01] [Render thread/INFO]: [CHAT] x:-2y:0z:-2
[17:02:01] [Render thread/INFO]: [CHAT] please goto home x=-30 y=-6 z=-40 for 15s to fly
[17:02:02] [Render thread/INFO]: [CHAT] x:-2y:0z:-2
[17:02:02] [Render thread/INFO]: [CHAT] please goto home x=-30 y=-6 z=-40 for 15s to fly
[17:02:02] [Render thread/INFO]: [CHAT] x:-2y:0z:-2
[17:02:03] [Render thread/INFO]: [CHAT] please goto home x=-30 y=-6 z=-40 for 15s to fly
[17:02:03] [Render thread/INFO]: [CHAT] x:-2y:0z:-2
[17:02:03] [Render thread/INFO]: [CHAT] please goto home x=-30 y=-6 z=-40 for 15s to fly
[17:02:03] [Render thread/INFO]: [CHAT] x:-2y:0z:-2
[17:02:04] [Render thread/INFO]: [CHAT] please goto home x=-30 y=-6 z=-40 for 15s to fly
[17:02:04] [Render thread/INFO]: [CHAT] x:-2y:0z:-2
[17:02:04] [Render thread/INFO]: [CHAT] please goto home x=-30 y=-6 z=-40 for 15s to fly
[17:02:04] [Render thread/INFO]: [CHAT] x:-2y:0z:-2
[17:02:05] [Render thread/INFO]: [CHAT] please goto home x=-30 y=-6 z=-40 for 15s to fly
[17:02:05] [Render thread/INFO]: [CHAT] x:-2y:0z:-2
[17:02:05] [Render thread/INFO]: [CHAT] please goto home x=-30 y=-6 z=-40 for 15s to fly
[17:02:06] [Render thread/INFO]: [CHAT] x:-2y:0z:-2
[17:02:06] [Render thread/INFO]: [CHAT] please goto home x=-30 y=-6 z=-40 for 15s to fly
[17:02:06] [Render thread/INFO]: [CHAT] x:-2y:0z:-2
[17:02:07] [Render thread/INFO]: [CHAT] please goto home x=-30 y=-6 z=-40 for 15s to fly
[17:02:07] [Render thread/INFO]: [CHAT] x:-2y:0z:-2
[17:02:07] [Render thread/INFO]: [CHAT] please goto home x=-30 y=-6 z=-40 for 15s to fly
[17:02:07] [Render thread/INFO]: [CHAT] x:-2y:0z:-2
[17:02:08] [Render thread/INFO]: [CHAT] please goto home x=-30 y=-6 z=-40 for 15s to fly
[17:02:08] [Render thread/INFO]: [CHAT] x:-2y:0z:-2
[17:02:08] [Render thread/INFO]: [CHAT] please goto home x=-30 y=-6 z=-40 for 15s to fly
[17:02:09] [Render thread/INFO]: [CHAT] x:-2y:0z:-2
[17:02:09] [Render thread/INFO]: [CHAT] please goto home x=-30 y=-6 z=-40 for 15s to fly
[17:02:09] [Render thread/INFO]: [CHAT] x:-2y:0z:-2
[17:02:10] [Render thread/INFO]: [CHAT] please goto home x=-30 y=-6 z=-40 for 15s to fly
[17:02:10] [Render thread/INFO]: [CHAT] x:-2y:0z:-2
[17:02:10] [Render thread/INFO]: [CHAT] please goto home x=-30 y=-6 z=-40 for 15s to fly
[17:02:10] [Render thread/INFO]: [CHAT] x:-2y:0z:-2
[17:02:11] [Render thread/INFO]: [CHAT] please goto home x=-30 y=-6 z=-40 for 15s to fly
[17:02:11] [Render thread/INFO]: [CHAT] x:-2y:0z:-2
[17:02:11] [Render thread/INFO]: [CHAT] please goto home x=-30 y=-6 z=-40 for 15s to fly
[17:02:11] [Render thread/INFO]: [CHAT] x:-2y:0z:-2
[17:02:12] [Render thread/INFO]: [CHAT] please goto home x=-30 y=-6 z=-40 for 15s to fly
[17:02:12] [Render thread/INFO]: [CHAT] x:-2y:0z:-2
[17:02:13] [Render thread/INFO]: [CHAT] please goto home x=-30 y=-6 z=-40 for 15s to fly
[17:02:13] [Render thread/INFO]: [CHAT] x:-2y:0z:-2
[17:02:13] [Render thread/INFO]: [CHAT] please goto home x=-30 y=-6 z=-40 for 15s to fly
[17:02:13] [Render thread/INFO]: [CHAT] x:-2y:0z:-2
[17:02:14] [Render thread/INFO]: [CHAT] please goto home x=-30 y=-6 z=-40 for 15s to fly
[17:02:14] [Render thread/INFO]: [CHAT] x:-2y:0z:-2
[17:02:14] [Render thread/INFO]: [CHAT] please goto home x=-30 y=-6 z=-40 for 15s to fly
[17:02:15] [Render thread/INFO]: [CHAT] x:-2y:0z:-2
[17:02:15] [Render thread/INFO]: [CHAT] please goto home x=-30 y=-6 z=-40 for 15s to fly
[17:02:15] [Render thread/INFO]: [CHAT] x:-2y:0z:-2
[17:02:16] [Render thread/INFO]: [CHAT] please goto home x=-30 y=-6 z=-40 for 15s to fly
[17:02:16] [Render thread/INFO]: [CHAT] x:-2y:0z:-2
[17:02:16] [Render thread/INFO]: [CHAT] please goto home x=-30 y=-6 z=-40 for 15s to fly
[17:02:16] [Render thread/INFO]: [CHAT] x:-2y:0z:-2
[17:02:17] [Render thread/INFO]: [CHAT] please goto home x=-30 y=-6 z=-40 for 15s to fly
[17:02:17] [Render thread/INFO]: [CHAT] x:-2y:0z:-2
[17:02:18] [Render thread/INFO]: [CHAT] please goto home x=-30 y=-6 z=-40 for 15s to fly
[17:02:18] [Render thread/INFO]: [CHAT] x:-2y:0z:-2
[17:02:18] [Render thread/INFO]: [CHAT] please goto home x=-30 y=-6 z=-40 for 15s to fly
[17:02:18] [Render thread/INFO]: [CHAT] x:-2y:0z:-2
[17:02:19] [Render thread/INFO]: [CHAT] please goto home x=-30 y=-6 z=-40 for 15s to fly
[17:02:19] [Render thread/INFO]: [CHAT] x:-2y:0z:-2
[17:02:19] [Render thread/INFO]: [CHAT] please goto home x=-30 y=-6 z=-40 for 15s to fly
[17:02:20] [Render thread/INFO]: [CHAT] x:-2y:0z:-2
[17:02:20] [Render thread/INFO]: [CHAT] please goto home x=-30 y=-6 z=-40 for 15s to fly
[17:02:20] [Render thread/INFO]: [CHAT] x:-2y:0z:-2
[17:02:21] [Render thread/INFO]: [CHAT] please goto home x=-30 y=-6 z=-40 for 15s to fly
[17:02:21] [Render thread/INFO]: [CHAT] x:-2y:0z:-2
[17:02:21] [Render thread/INFO]: [CHAT] please goto home x=-30 y=-6 z=-40 for 15s to fly
[17:02:21] [Render thread/INFO]: [CHAT] x:-2y:0z:-2
[17:02:22] [Render thread/INFO]: [CHAT] please goto home x=-30 y=-6 z=-40 for 15s to fly
[17:02:22] [Render thread/INFO]: [CHAT] x:-2y:0z:-2
[17:02:22] [Render thread/INFO]: [CHAT] please goto home x=-30 y=-6 z=-40 for 15s to fly
[17:02:23] [Render thread/INFO]: [CHAT] x:-2y:0z:-2
[17:02:23] [Render thread/INFO]: [CHAT] please goto home x=-30 y=-6 z=-40 for 15s to fly
[17:02:23] [Render thread/INFO]: [CHAT] x:-2y:0z:-2
[17:02:24] [Render thread/INFO]: [CHAT] please goto home x=-30 y=-6 z=-40 for 15s to fly
[17:02:24] [Render thread/INFO]: [CHAT] x:-2y:0z:-2
[17:02:24] [Render thread/INFO]: [CHAT] please goto home x=-30 y=-6 z=-40 for 15s to fly
[17:02:24] [Render thread/INFO]: [CHAT] x:-2y:0z:-2
[17:02:25] [Render thread/INFO]: [CHAT] please goto home x=-30 y=-6 z=-40 for 15s to fly
[17:02:25] [Render thread/INFO]: [CHAT] x:-2y:0z:-2
[17:02:25] [Render thread/INFO]: [CHAT] please goto home x=-30 y=-6 z=-40 for 15s to fly
[17:02:25] [Render thread/INFO]: [CHAT] x:-2y:0z:-2
[17:02:26] [Render thread/INFO]: [CHAT] please goto home x=-30 y=-6 z=-40 for 15s to fly
[17:02:26] [Render thread/INFO]: [CHAT] x:-2y:0z:-2
[17:02:27] [Render thread/INFO]: [CHAT] please goto home x=-30 y=-6 z=-40 for 15s to fly
[17:02:27] [Render thread/INFO]: [CHAT] x:-2y:0z:-2
[17:02:27] [Render thread/INFO]: [CHAT] please goto home x=-30 y=-6 z=-40 for 15s to fly
[17:02:27] [Render thread/INFO]: [CHAT] x:-2y:0z:-2
[17:02:28] [Render thread/INFO]: [CHAT] please goto home x=-30 y=-6 z=-40 for 15s to fly
[17:02:28] [Render thread/INFO]: [CHAT] x:-2y:0z:-2
[17:02:28] [Render thread/INFO]: [CHAT] JM从高处摔了下来
[17:02:29] [Render thread/INFO]: [CHAT] please goto home x=-30 y=-6 z=-40 for 15s to fly
[17:02:29] [Render thread/INFO]: [CHAT] x:-2y:0z:-2
[17:02:29] [Render thread/INFO]: [CHAT] please goto home x=-30 y=-6 z=-40 for 15s to fly
[17:02:29] [Render thread/INFO]: [CHAT] x:-2y:0z:-2
[17:02:30] [Render thread/INFO]: [CHAT] please goto home x=-30 y=-6 z=-40 for 15s to fly
[17:02:30] [Render thread/INFO]: [CHAT] x:-2y:0z:-2
[17:02:30] [Render thread/INFO]: [CHAT] please goto home x=-30 y=-6 z=-40 for 15s to fly
[17:02:30] [Render thread/INFO]: [CHAT] x:-2y:0z:-2
[17:02:31] [Render thread/INFO]: [CHAT] please goto home x=-30 y=-6 z=-40 for 15s to fly
[17:02:31] [Render thread/INFO]: [CHAT] x:-2y:0z:-2
[17:02:32] [Render thread/INFO]: [CHAT] please goto home x=-30 y=-6 z=-40 for 15s to fly
[17:02:32] [Render thread/INFO]: [CHAT] x:-2y:0z:-2
[17:02:32] [Render thread/INFO]: [CHAT] please goto home x=-30 y=-6 z=-40 for 15s to fly
[17:02:32] [Render thread/INFO]: [CHAT] x:-2y:0z:-2
[17:02:33] [Render thread/INFO]: [CHAT] please goto home x=-30 y=-6 z=-40 for 15s to fly
[17:02:33] [Render thread/INFO]: [CHAT] x:-2y:0z:-2
[17:02:33] [Render thread/INFO]: [CHAT] please goto home x=-30 y=-6 z=-40 for 15s to fly
[17:02:33] [Render thread/INFO]: [CHAT] x:-2y:0z:-2
[17:02:34] [Render thread/INFO]: [CHAT] please goto home x=-30 y=-6 z=-40 for 15s to fly
[17:02:34] [Render thread/INFO]: [CHAT] x:-2y:0z:-2
[17:02:34] [Render thread/INFO]: [CHAT] please goto home x=-30 y=-6 z=-40 for 15s to fly
[17:02:34] [Render thread/INFO]: [CHAT] x:-2y:0z:-2
[17:02:35] [Render thread/INFO]: [CHAT] please goto home x=-30 y=-6 z=-40 for 15s to fly
[17:02:35] [Render thread/INFO]: [CHAT] x:-2y:0z:-2
[17:02:36] [Render thread/INFO]: [CHAT] please goto home x=-30 y=-6 z=-40 for 15s to fly
[17:02:36] [Render thread/INFO]: [CHAT] x:-2y:0z:-2
[17:02:36] [Render thread/INFO]: [CHAT] please goto home x=-30 y=-6 z=-40 for 15s to fly
[17:02:36] [Render thread/INFO]: [CHAT] x:-2y:0z:-2
[17:02:37] [Render thread/INFO]: [CHAT] please goto home x=-30 y=-6 z=-40 for 15s to fly
[17:02:37] [Render thread/INFO]: [CHAT] x:-2y:0z:-2
[17:02:37] [Render thread/INFO]: [CHAT] please goto home x=-30 y=-6 z=-40 for 15s to fly
[17:02:37] [Render thread/INFO]: [CHAT] x:-2y:0z:-2
[17:02:38] [Render thread/INFO]: [CHAT] please goto home x=-30 y=-6 z=-40 for 15s to fly
[17:02:38] [Render thread/INFO]: [CHAT] x:-2y:0z:-2
[17:02:39] [Render thread/INFO]: [CHAT] please goto home x=-30 y=-6 z=-40 for 15s to fly
[17:02:39] [Render thread/INFO]: [CHAT] x:-2y:0z:-2
[17:02:39] [Render thread/INFO]: [CHAT] please goto home x=-30 y=-6 z=-40 for 15s to fly
[17:02:39] [Render thread/INFO]: [CHAT] x:-2y:0z:-2
[17:02:40] [Render thread/INFO]: [CHAT] please goto home x=-30 y=-6 z=-40 for 15s to fly
[17:02:40] [Render thread/INFO]: [CHAT] x:-2y:0z:-2
[17:02:40] [Render thread/INFO]: [CHAT] please goto home x=-30 y=-6 z=-40 for 15s to fly
[17:02:40] [Render thread/INFO]: [CHAT] x:-2y:0z:-2
[17:02:41] [Render thread/INFO]: [CHAT] please goto home x=-30 y=-6 z=-40 for 15s to fly
[17:02:41] [Render thread/INFO]: [CHAT] x:-2y:0z:-2
[17:02:41] [Render thread/INFO]: [CHAT] please goto home x=-30 y=-6 z=-40 for 15s to fly
[17:02:41] [Render thread/INFO]: [CHAT] x:-2y:0z:-2
[17:02:42] [Render thread/INFO]: [CHAT] please goto home x=-30 y=-6 z=-40 for 15s to fly
[17:02:42] [Render thread/INFO]: [CHAT] x:-2y:0z:-2
[17:02:43] [Render thread/INFO]: [CHAT] please goto home x=-30 y=-6 z=-40 for 15s to fly
[17:02:43] [Render thread/INFO]: [CHAT] x:-2y:0z:-2
[17:02:43] [Render thread/INFO]: [CHAT] please goto home x=-30 y=-6 z=-40 for 15s to fly
[17:02:43] [Render thread/INFO]: [CHAT] x:-2y:0z:-2
[17:02:44] [Render thread/INFO]: [CHAT] please goto home x=-30 y=-6 z=-40 for 15s to fly
[17:02:44] [Render thread/INFO]: [CHAT] x:-2y:0z:-2
[17:02:44] [Render thread/INFO]: [CHAT] please goto home x=-30 y=-6 z=-40 for 15s to fly
[17:02:44] [Render thread/INFO]: [CHAT] x:-2y:0z:-2
[17:02:45] [Render thread/INFO]: [CHAT] please goto home x=-30 y=-6 z=-40 for 15s to fly
[17:02:45] [Render thread/INFO]: [CHAT] x:-2y:0z:-2
[17:02:45] [Render thread/INFO]: [CHAT] please goto home x=-30 y=-6 z=-40 for 15s to fly
[17:02:45] [Render thread/INFO]: [CHAT] x:-2y:0z:-2
[17:02:46] [Render thread/INFO]: [CHAT] please goto home x=-30 y=-6 z=-40 for 15s to fly
[17:02:46] [Render thread/INFO]: [CHAT] x:-2y:0z:-2
[17:02:46] [Render thread/INFO]: [CHAT] please goto home x=-30 y=-6 z=-40 for 15s to fly
[17:02:46] [Render thread/INFO]: [CHAT] x:-2y:0z:-2
[17:02:47] [Render thread/INFO]: [CHAT] please goto home x=-30 y=-6 z=-40 for 15s to fly
[17:02:47] [Render thread/INFO]: [CHAT] x:-2y:0z:-2
[17:02:48] [Render thread/INFO]: [CHAT] please goto home x=-30 y=-6 z=-40 for 15s to fly
[17:02:48] [Render thread/INFO]: [CHAT] x:-2y:0z:-2
[17:02:48] [Render thread/INFO]: [CHAT] please goto home x=-30 y=-6 z=-40 for 15s to fly
[17:02:48] [Render thread/INFO]: [CHAT] x:-2y:0z:-2
[17:02:49] [Render thread/INFO]: [CHAT] please goto home x=-30 y=-6 z=-40 for 15s to fly
[17:02:49] [Render thread/INFO]: [CHAT] x:-2y:0z:-2
[17:02:49] [Render thread/INFO]: [CHAT] please goto home x=-30 y=-6 z=-40 for 15s to fly
[17:02:49] [Render thread/INFO]: [CHAT] x:-2y:0z:-2
[17:02:50] [Render thread/INFO]: [CHAT] please goto home x=-30 y=-6 z=-40 for 15s to fly
[17:02:50] [Render thread/INFO]: [CHAT] x:-2y:0z:-2
[17:02:50] [Render thread/INFO]: [CHAT] please goto home x=-30 y=-6 z=-40 for 15s to fly
[17:02:50] [Render thread/INFO]: [CHAT] x:-2y:0z:-2
[17:02:51] [Render thread/INFO]: [CHAT] please goto home x=-30 y=-6 z=-40 for 15s to fly
[17:02:51] [Render thread/INFO]: [CHAT] x:-2y:0z:-2
[17:02:51] [Render thread/INFO]: [CHAT] please goto home x=-30 y=-6 z=-40 for 15s to fly
[17:02:51] [Render thread/INFO]: [CHAT] x:-2y:0z:-2
[17:02:52] [Render thread/INFO]: [CHAT] please goto home x=-30 y=-6 z=-40 for 15s to fly
[17:02:52] [Render thread/INFO]: [CHAT] x:-2y:0z:-2
[17:02:52] [Render thread/INFO]: [CHAT] please goto home x=-30 y=-6 z=-40 for 15s to fly
[17:02:53] [Render thread/INFO]: [CHAT] x:-2y:0z:-2
[17:02:53] [Render thread/INFO]: [CHAT] please goto home x=-30 y=-6 z=-40 for 15s to fly
[17:02:53] [Render thread/INFO]: [CHAT] x:-2y:0z:-2
[17:02:54] [Render thread/INFO]: [CHAT] please goto home x=-30 y=-6 z=-40 for 15s to fly
[17:02:54] [Render thread/INFO]: [CHAT] x:-2y:0z:-2
[17:02:54] [Render thread/INFO]: [CHAT] please goto home x=-30 y=-6 z=-40 for 15s to fly
[17:02:54] [Render thread/INFO]: [CHAT] x:-2y:0z:-2
[17:02:55] [Render thread/INFO]: [CHAT] please goto home x=-30 y=-6 z=-40 for 15s to fly
[17:02:55] [Render thread/INFO]: [CHAT] x:-2y:0z:-2
[17:02:55] [Render thread/INFO]: [CHAT] please goto home x=-30 y=-6 z=-40 for 15s to fly
[17:02:55] [Render thread/INFO]: [CHAT] x:-2y:0z:-2
[17:02:56] [Render thread/INFO]: [CHAT] please goto home x=-30 y=-6 z=-40 for 15s to fly
[17:02:56] [Render thread/INFO]: [CHAT] x:-2y:0z:-2
[17:02:56] [Render thread/INFO]: [CHAT] please goto home x=-30 y=-6 z=-40 for 15s to fly
[17:02:56] [Render thread/INFO]: [CHAT] x:-2y:0z:-2
[17:02:57] [Render thread/INFO]: [CHAT] please goto home x=-30 y=-6 z=-40 for 15s to fly
[17:02:57] [Render thread/INFO]: [CHAT] x:-2y:0z:-2
[17:02:57] [Render thread/INFO]: [CHAT] please goto home x=-30 y=-6 z=-40 for 15s to fly
[17:02:57] [Render thread/INFO]: [CHAT] x:-2y:0z:-2
[17:02:58] [Render thread/INFO]: [CHAT] please goto home x=-30 y=-6 z=-40 for 15s to fly
[17:02:58] [Render thread/INFO]: [CHAT] x:-2y:0z:-2
[17:02:59] [Render thread/INFO]: [CHAT] please goto home x=-30 y=-6 z=-40 for 15s to fly
[17:02:59] [Render thread/INFO]: [CHAT] x:-2y:0z:-2
[17:02:59] [Render thread/INFO]: [CHAT] please goto home x=-30 y=-6 z=-40 for 15s to fly
[17:02:59] [Render thread/INFO]: [CHAT] x:-2y:0z:-2
[17:03:00] [Render thread/INFO]: [CHAT] please goto home x=-30 y=-6 z=-40 for 15s to fly
[17:03:00] [Render thread/INFO]: [CHAT] x:-2y:0z:-2
[17:03:00] [Render thread/INFO]: [CHAT] please goto home x=-30 y=-6 z=-40 for 15s to fly
[17:03:00] [Render thread/INFO]: [CHAT] x:-2y:0z:-2
[17:03:01] [Render thread/INFO]: [CHAT] please goto home x=-30 y=-6 z=-40 for 15s to fly
[17:03:01] [Render thread/INFO]: [CHAT] x:-2y:0z:-2
[17:03:01] [Render thread/INFO]: [CHAT] please goto home x=-30 y=-6 z=-40 for 15s to fly
[17:03:01] [Render thread/INFO]: [CHAT] x:-2y:0z:-2
[17:03:02] [Render thread/INFO]: [CHAT] please goto home x=-30 y=-6 z=-40 for 15s to fly
[17:03:02] [Render thread/INFO]: [CHAT] x:-2y:0z:-2
[17:03:02] [Render thread/INFO]: [CHAT] please goto home x=-30 y=-6 z=-40 for 15s to fly
[17:03:02] [Render thread/INFO]: [CHAT] x:-2y:0z:-2
[17:03:03] [Render thread/INFO]: [CHAT] please goto home x=-30 y=-6 z=-40 for 15s to fly
[17:03:03] [Render thread/INFO]: [CHAT] x:-2y:0z:-2
[17:03:03] [Render thread/INFO]: [CHAT] please goto home x=-30 y=-6 z=-40 for 15s to fly
[17:03:04] [Render thread/INFO]: [CHAT] x:-2y:0z:-2
[17:03:04] [Render thread/INFO]: [CHAT] please goto home x=-30 y=-6 z=-40 for 15s to fly
[17:03:04] [Render thread/INFO]: [CHAT] x:-2y:0z:-2
[17:03:05] [Render thread/INFO]: [CHAT] please goto home x=-30 y=-6 z=-40 for 15s to fly
[17:03:05] [Render thread/INFO]: [CHAT] x:-2y:0z:-2
[17:03:05] [Render thread/INFO]: [CHAT] please goto home x=-30 y=-6 z=-40 for 15s to fly
[17:03:05] [Render thread/INFO]: [CHAT] x:-2y:0z:-2
[17:03:06] [Render thread/INFO]: [CHAT] please goto home x=-30 y=-6 z=-40 for 15s to fly
[17:03:06] [Render thread/INFO]: [CHAT] x:-2y:0z:-2
[17:03:06] [Render thread/INFO]: [CHAT] please goto home x=-30 y=-6 z=-40 for 15s to fly
[17:03:06] [Render thread/INFO]: [CHAT] x:-2y:0z:-2
[17:03:07] [Render thread/INFO]: [CHAT] please goto home x=-30 y=-6 z=-40 for 15s to fly
[17:03:07] [Render thread/INFO]: [CHAT] x:-2y:0z:-2
[17:03:07] [Render thread/INFO]: [CHAT] please goto home x=-30 y=-6 z=-40 for 15s to fly
[17:03:07] [Render thread/INFO]: [CHAT] x:-2y:0z:-2
[17:03:08] [Render thread/INFO]: [CHAT] please goto home x=-30 y=-6 z=-40 for 15s to fly
[17:03:08] [Render thread/INFO]: [CHAT] x:-2y:0z:-2
[17:03:08] [Render thread/INFO]: [CHAT] please goto home x=-30 y=-6 z=-40 for 15s to fly
[17:03:08] [Render thread/INFO]: [CHAT] x:-2y:0z:-2
[17:03:09] [Render thread/INFO]: [CHAT] please goto home x=-30 y=-6 z=-40 for 15s to fly
[17:03:09] [Render thread/INFO]: [CHAT] x:-2y:0z:-2
[17:03:10] [Render thread/INFO]: [CHAT] please goto home x=-30 y=-6 z=-40 for 15s to fly
[17:03:10] [Render thread/INFO]: [CHAT] x:-2y:0z:-2
[17:03:10] [Render thread/INFO]: [CHAT] please goto home x=-30 y=-6 z=-40 for 15s to fly
[17:03:10] [Render thread/INFO]: [CHAT] x:-2y:0z:-2
[17:03:11] [Render thread/INFO]: [CHAT] please goto home x=-30 y=-6 z=-40 for 15s to fly
[17:03:11] [Render thread/INFO]: [CHAT] x:-2y:0z:-2
[17:03:11] [Render thread/INFO]: [CHAT] please goto home x=-30 y=-6 z=-40 for 15s to fly
[17:03:11] [Render thread/INFO]: [CHAT] x:-2y:0z:-2
[17:03:12] [Render thread/INFO]: [CHAT] please goto home x=-30 y=-6 z=-40 for 15s to fly
[17:03:12] [Render thread/INFO]: [CHAT] x:-2y:0z:-2
[17:03:12] [Render thread/INFO]: [CHAT] please goto home x=-30 y=-6 z=-40 for 15s to fly
[17:03:12] [Render thread/INFO]: [CHAT] x:-2y:0z:-2
[17:03:13] [Render thread/INFO]: [CHAT] please goto home x=-30 y=-6 z=-40 for 15s to fly
[17:03:13] [Render thread/INFO]: [CHAT] x:-2y:0z:-2
[17:03:13] [Render thread/INFO]: [CHAT] please goto home x=-30 y=-6 z=-40 for 15s to fly
[17:03:14] [Render thread/INFO]: [CHAT] x:-2y:0z:-2
[17:03:14] [Render thread/INFO]: [CHAT] please goto home x=-30 y=-6 z=-40 for 15s to fly
[17:03:14] [Render thread/INFO]: [CHAT] x:-2y:0z:-2
[17:03:15] [Render thread/INFO]: [CHAT] please goto home x=-30 y=-6 z=-40 for 15s to fly
[17:03:15] [Render thread/INFO]: [CHAT] x:-2y:0z:-2
[17:03:15] [Render thread/INFO]: [CHAT] please goto home x=-30 y=-6 z=-40 for 15s to fly
[17:03:15] [Render thread/INFO]: [CHAT] x:-2y:0z:-2
[17:03:16] [Render thread/INFO]: [CHAT] please goto home x=-30 y=-6 z=-40 for 15s to fly
[17:03:16] [Render thread/INFO]: [CHAT] x:-2y:0z:-2
[17:03:16] [Render thread/INFO]: [CHAT] please goto home x=-30 y=-6 z=-40 for 15s to fly
[17:03:16] [Render thread/INFO]: [CHAT] x:-2y:0z:-2
[17:03:17] [Render thread/INFO]: [CHAT] please goto home x=-30 y=-6 z=-40 for 15s to fly
[17:03:17] [Render thread/INFO]: [CHAT] x:-2y:0z:-2
[17:03:17] [Render thread/INFO]: [CHAT] please goto home x=-30 y=-6 z=-40 for 15s to fly
[17:03:17] [Render thread/INFO]: [CHAT] x:-2y:0z:-2
[17:03:18] [Render thread/INFO]: [CHAT] please goto home x=-30 y=-6 z=-40 for 15s to fly
[17:03:18] [Render thread/INFO]: [CHAT] x:-2y:0z:-2
[17:03:18] [Render thread/INFO]: [CHAT] please goto home x=-30 y=-6 z=-40 for 15s to fly
[17:03:19] [Render thread/INFO]: [CHAT] Welcome batago
[17:03:19] [Render thread/INFO]: [CHAT] batago joined the game
[17:03:19] [Render thread/INFO]: [CHAT] x:-2y:0z:-2
[17:03:19] [Render thread/INFO]: [CHAT] please goto home x=-30 y=-6 z=-40 for 15s to fly
[17:03:19] [Render thread/INFO]: [CHAT] x:-2y:0z:-2
[17:03:20] [Render thread/INFO]: [CHAT] please goto home x=-30 y=-6 z=-40 for 15s to fly
[17:03:20] [Render thread/INFO]: [CHAT] x:-2y:0z:-2
[17:03:20] [Render thread/INFO]: [CHAT] please goto home x=-30 y=-6 z=-40 for 15s to fly
[17:03:20] [Render thread/INFO]: [CHAT] x:-2y:0z:-2
[17:03:21] [Render thread/INFO]: [CHAT] please goto home x=-30 y=-6 z=-40 for 15s to fly
[17:03:21] [Render thread/INFO]: [CHAT] x:-2y:0z:-2
[17:03:21] [Render thread/INFO]: [CHAT] please goto home x=-30 y=-6 z=-40 for 15s to fly
[17:03:21] [Render thread/INFO]: [CHAT] x:-2y:0z:-2
[17:03:22] [Render thread/INFO]: [CHAT] please goto home x=-30 y=-6 z=-40 for 15s to fly
[17:03:22] [Render thread/INFO]: [CHAT] x:-2y:0z:-2
[17:03:22] [Render thread/INFO]: [CHAT] please goto home x=-30 y=-6 z=-40 for 15s to fly
[17:03:22] [Render thread/INFO]: [CHAT] x:-2y:0z:-2
[17:03:23] [Render thread/INFO]: [CHAT] please goto home x=-30 y=-6 z=-40 for 15s to fly
[17:03:23] [Render thread/INFO]: [CHAT] x:-2y:0z:-2
[17:03:24] [Render thread/INFO]: [CHAT] please goto home x=-30 y=-6 z=-40 for 15s to fly
[17:03:24] [Render thread/INFO]: [CHAT] x:-2y:0z:-2
[17:03:24] [Render thread/INFO]: [CHAT] please goto home x=-30 y=-6 z=-40 for 15s to fly
[17:03:24] [Render thread/INFO]: [CHAT] x:-2y:0z:-2
[17:03:25] [Render thread/INFO]: [CHAT] please goto home x=-30 y=-6 z=-40 for 15s to fly
[17:03:25] [Render thread/INFO]: [CHAT] x:-2y:0z:-2
[17:03:25] [Render thread/INFO]: [CHAT] please goto home x=-30 y=-6 z=-40 for 15s to fly
[17:03:25] [Render thread/INFO]: [CHAT] x:-2y:0z:-2
[17:03:26] [Render thread/INFO]: [CHAT] please goto home x=-30 y=-6 z=-40 for 15s to fly
[17:03:26] [Render thread/INFO]: [CHAT] x:-2y:0z:-2
[17:03:26] [Render thread/INFO]: [CHAT] please goto home x=-30 y=-6 z=-40 for 15s to fly
[17:03:26] [Render thread/INFO]: [CHAT] x:-2y:0z:-2
[17:03:27] [Render thread/INFO]: [CHAT] please goto home x=-30 y=-6 z=-40 for 15s to fly
[17:03:27] [Render thread/INFO]: [CHAT] x:-2y:0z:-2
[17:03:27] [Render thread/INFO]: [CHAT] please goto home x=-30 y=-6 z=-40 for 15s to fly
[17:03:27] [Render thread/INFO]: [CHAT] x:-2y:0z:-2
[17:03:28] [Render thread/INFO]: [CHAT] please goto home x=-30 y=-6 z=-40 for 15s to fly
[17:03:28] [Render thread/INFO]: [CHAT] x:-2y:0z:-2
[17:03:29] [Render thread/INFO]: [CHAT] please goto home x=-30 y=-6 z=-40 for 15s to fly
[17:03:29] [Render thread/INFO]: [CHAT] x:-2y:0z:-2
[17:03:29] [Render thread/INFO]: [CHAT] please goto home x=-30 y=-6 z=-40 for 15s to fly
[17:03:29] [Render thread/INFO]: [CHAT] x:-2y:0z:-2
[17:03:30] [Render thread/INFO]: [CHAT] please goto home x=-30 y=-6 z=-40 for 15s to fly
[17:03:30] [Render thread/INFO]: [CHAT] x:-2y:0z:-2
[17:03:30] [Render thread/INFO]: [CHAT] please goto home x=-30 y=-6 z=-40 for 15s to fly
[17:03:30] [Render thread/INFO]: [CHAT] x:-2y:0z:-2
[17:03:31] [Render thread/INFO]: [CHAT] please goto home x=-30 y=-6 z=-40 for 15s to fly
[17:03:31] [Render thread/INFO]: [CHAT] x:-2y:0z:-2
[17:03:31] [Render thread/INFO]: [CHAT] please goto home x=-30 y=-6 z=-40 for 15s to fly
[17:03:32] [Render thread/INFO]: [CHAT] x:-2y:0z:-2
[17:03:32] [Render thread/INFO]: [CHAT] please goto home x=-30 y=-6 z=-40 for 15s to fly
[17:03:32] [Render thread/INFO]: [CHAT] x:-2y:0z:-2
[17:03:33] [Render thread/INFO]: [CHAT] please goto home x=-30 y=-6 z=-40 for 15s to fly
[17:03:33] [Render thread/INFO]: [CHAT] x:-2y:0z:-2
[17:03:33] [Render thread/INFO]: [CHAT] please goto home x=-30 y=-6 z=-40 for 15s to fly
[17:03:33] [Render thread/INFO]: [CHAT] x:-2y:0z:-2
[17:03:34] [Render thread/INFO]: [CHAT] please goto home x=-30 y=-6 z=-40 for 15s to fly
[17:03:34] [Render thread/INFO]: [CHAT] x:-2y:0z:-2
[17:03:34] [Render thread/INFO]: [CHAT] please goto home x=-30 y=-6 z=-40 for 15s to fly
[17:03:34] [Render thread/INFO]: [CHAT] x:-2y:0z:-2
[17:03:35] [Render thread/INFO]: [CHAT] please goto home x=-30 y=-6 z=-40 for 15s to fly
[17:03:35] [Render thread/INFO]: [CHAT] x:-2y:0z:-2
[17:03:35] [Render thread/INFO]: [CHAT] please goto home x=-30 y=-6 z=-40 for 15s to fly
[17:03:35] [Render thread/INFO]: [CHAT] x:-2y:0z:-2
[17:03:36] [Render thread/INFO]: [CHAT] please goto home x=-30 y=-6 z=-40 for 15s to fly
[17:03:36] [Render thread/INFO]: [CHAT] x:-2y:0z:-2
[17:03:36] [Render thread/INFO]: [CHAT] please goto home x=-30 y=-6 z=-40 for 15s to fly
[17:03:36] [Render thread/INFO]: [CHAT] x:-2y:0z:-2
[17:03:37] [Render thread/INFO]: [CHAT] please goto home x=-30 y=-6 z=-40 for 15s to fly
[17:03:37] [Render thread/INFO]: [CHAT] x:-2y:0z:-2
[17:03:38] [Render thread/INFO]: [CHAT] please goto home x=-30 y=-6 z=-40 for 15s to fly
[17:03:38] [Render thread/INFO]: [CHAT] x:-2y:0z:-2
[17:03:38] [Render thread/INFO]: [CHAT] please goto home x=-30 y=-6 z=-40 for 15s to fly
[17:03:38] [Render thread/INFO]: [CHAT] x:-2y:0z:-2
[17:03:39] [Render thread/INFO]: [CHAT] please goto home x=-30 y=-6 z=-40 for 15s to fly
[17:03:39] [Render thread/INFO]: [CHAT] x:-2y:0z:-2
[17:03:39] [Render thread/INFO]: [CHAT] please goto home x=-30 y=-6 z=-40 for 15s to fly
[17:03:39] [Render thread/INFO]: [CHAT] x:-2y:0z:-2
[17:03:40] [Render thread/INFO]: [CHAT] please goto home x=-30 y=-6 z=-40 for 15s to fly
[17:03:40] [Render thread/INFO]: [CHAT] x:-2y:0z:-2
[17:03:40] [Render thread/INFO]: [CHAT] please goto home x=-30 y=-6 z=-40 for 15s to fly
[17:03:40] [Render thread/INFO]: [CHAT] x:-2y:0z:-2
[17:03:41] [Render thread/INFO]: [CHAT] please goto home x=-30 y=-6 z=-40 for 15s to fly
[17:03:41] [Render thread/INFO]: [CHAT] x:-2y:0z:-2
[17:03:41] [Render thread/INFO]: [CHAT] please goto home x=-30 y=-6 z=-40 for 15s to fly
[17:03:41] [Render thread/INFO]: [CHAT] x:-2y:0z:-2
[17:03:42] [Render thread/INFO]: [CHAT] please goto home x=-30 y=-6 z=-40 for 15s to fly
[17:03:42] [Render thread/INFO]: [CHAT] x:-2y:0z:-2
[17:03:42] [Render thread/INFO]: [CHAT] please goto home x=-30 y=-6 z=-40 for 15s to fly
[17:03:43] [Render thread/INFO]: [CHAT] x:-2y:0z:-2
[17:03:43] [Render thread/INFO]: [CHAT] please goto home x=-30 y=-6 z=-40 for 15s to fly
[17:03:43] [Render thread/INFO]: [CHAT] x:-2y:0z:-2
[17:03:44] [Render thread/INFO]: [CHAT] please goto home x=-30 y=-6 z=-40 for 15s to fly
[17:03:44] [Render thread/INFO]: [CHAT] x:-2y:0z:-2
[17:03:44] [Render thread/INFO]: [CHAT] please goto home x=-30 y=-6 z=-40 for 15s to fly
[17:03:44] [Render thread/INFO]: [CHAT] x:-2y:0z:-2
[17:03:45] [Render thread/INFO]: [CHAT] please goto home x=-30 y=-6 z=-40 for 15s to fly
[17:03:45] [Render thread/INFO]: [CHAT] x:-2y:0z:-2
[17:03:45] [Render thread/INFO]: [CHAT] please goto home x=-30 y=-6 z=-40 for 15s to fly
[17:03:45] [Render thread/INFO]: [CHAT] x:-2y:0z:-2
[17:03:46] [Render thread/INFO]: [CHAT] please goto home x=-30 y=-6 z=-40 for 15s to fly
[17:03:46] [Render thread/INFO]: [CHAT] x:-2y:0z:-2
[17:03:46] [Render thread/INFO]: [CHAT] please goto home x=-30 y=-6 z=-40 for 15s to fly
[17:03:46] [Render thread/INFO]: [CHAT] x:-2y:0z:-2
[17:03:47] [Render thread/INFO]: [CHAT] please goto home x=-30 y=-6 z=-40 for 15s to fly
[17:03:47] [Render thread/INFO]: [CHAT] x:-2y:0z:-2
[17:03:47] [Render thread/INFO]: [CHAT] please goto home x=-30 y=-6 z=-40 for 15s to fly
[17:03:47] [Render thread/INFO]: [CHAT] x:-2y:0z:-2
[17:03:48] [Render thread/INFO]: [CHAT] please goto home x=-30 y=-6 z=-40 for 15s to fly
[17:03:48] [Render thread/INFO]: [CHAT] x:-2y:0z:-2
[17:03:49] [Render thread/INFO]: [CHAT] please goto home x=-30 y=-6 z=-40 for 15s to fly
[17:03:49] [Render thread/INFO]: [CHAT] x:-2y:0z:-2
[17:03:49] [Render thread/INFO]: [CHAT] please goto home x=-30 y=-6 z=-40 for 15s to fly
[17:03:49] [Render thread/INFO]: [CHAT] x:-2y:0z:-2
[17:03:50] [Render thread/INFO]: [CHAT] please goto home x=-30 y=-6 z=-40 for 15s to fly
[17:03:50] [Render thread/INFO]: [CHAT] x:-2y:0z:-2
[17:03:50] [Render thread/INFO]: [CHAT] please goto home x=-30 y=-6 z=-40 for 15s to fly
[17:03:50] [Render thread/INFO]: [CHAT] x:-2y:0z:-2
[17:03:51] [Render thread/INFO]: [CHAT] please goto home x=-30 y=-6 z=-40 for 15s to fly
[17:03:51] [Render thread/INFO]: [CHAT] x:-2y:0z:-2
[17:03:51] [Render thread/INFO]: [CHAT] please goto home x=-30 y=-6 z=-40 for 15s to fly
[17:03:51] [Render thread/INFO]: [CHAT] x:-2y:0z:-2
[17:03:52] [Render thread/INFO]: [CHAT] please goto home x=-30 y=-6 z=-40 for 15s to fly
[17:03:52] [Render thread/INFO]: [CHAT] x:-2y:0z:-2
[17:03:52] [Render thread/INFO]: [CHAT] please goto home x=-30 y=-6 z=-40 for 15s to fly
[17:03:52] [Render thread/INFO]: [CHAT] x:-2y:0z:-2
[17:03:53] [Render thread/INFO]: [CHAT] please goto home x=-30 y=-6 z=-40 for 15s to fly
[17:03:53] [Render thread/INFO]: [CHAT] x:-2y:0z:-2
[17:03:53] [Render thread/INFO]: [CHAT] please goto home x=-30 y=-6 z=-40 for 15s to fly
[17:03:54] [Render thread/INFO]: [CHAT] x:-2y:0z:-2
[17:03:54] [Render thread/INFO]: [CHAT] please goto home x=-30 y=-6 z=-40 for 15s to fly
[17:03:54] [Render thread/INFO]: [CHAT] x:-2y:0z:-2
[17:03:55] [Render thread/INFO]: [CHAT] please goto home x=-30 y=-6 z=-40 for 15s to fly
[17:03:55] [Render thread/INFO]: [CHAT] x:-2y:0z:-2
[17:03:55] [Render thread/INFO]: [CHAT] please goto home x=-30 y=-6 z=-40 for 15s to fly
[17:03:55] [Render thread/INFO]: [CHAT] x:-2y:0z:-2
[17:03:56] [Render thread/INFO]: [CHAT] please goto home x=-30 y=-6 z=-40 for 15s to fly
[17:03:56] [Render thread/INFO]: [CHAT] x:-2y:0z:-2
[17:03:56] [Render thread/INFO]: [CHAT] please goto home x=-30 y=-6 z=-40 for 15s to fly
[17:03:56] [Render thread/INFO]: [CHAT] x:-2y:0z:-2
[17:03:57] [Render thread/INFO]: [CHAT] please goto home x=-30 y=-6 z=-40 for 15s to fly
[17:03:57] [Render thread/INFO]: [CHAT] x:-2y:0z:-2
[17:03:57] [Render thread/INFO]: [CHAT] please goto home x=-30 y=-6 z=-40 for 15s to fly
[17:03:57] [Render thread/INFO]: [CHAT] x:-2y:0z:-2
[17:03:58] [Render thread/INFO]: [CHAT] please goto home x=-30 y=-6 z=-40 for 15s to fly
[17:03:58] [Render thread/INFO]: [CHAT] x:-2y:0z:-2
[17:03:58] [Render thread/INFO]: [CHAT] please goto home x=-30 y=-6 z=-40 for 15s to fly
[17:03:58] [Render thread/INFO]: [CHAT] x:-2y:0z:-2
[17:03:59] [Render thread/INFO]: [CHAT] please goto home x=-30 y=-6 z=-40 for 15s to fly
[17:03:59] [Render thread/INFO]: [CHAT] x:-2y:0z:-2
[17:04:00] [Render thread/INFO]: [CHAT] please goto home x=-30 y=-6 z=-40 for 15s to fly
[17:04:00] [Render thread/INFO]: [CHAT] x:-2y:0z:-2
[17:04:00] [Render thread/INFO]: [CHAT] please goto home x=-30 y=-6 z=-40 for 15s to fly
[17:04:00] [Render thread/INFO]: [CHAT] x:-2y:0z:-2
[17:04:01] [Render thread/INFO]: [CHAT] please goto home x=-30 y=-6 z=-40 for 15s to fly
[17:04:01] [Render thread/INFO]: [CHAT] x:-2y:0z:-2
[17:04:01] [Render thread/INFO]: [CHAT] please goto home x=-30 y=-6 z=-40 for 15s to fly
[17:04:01] [Render thread/INFO]: [CHAT] x:-2y:0z:-2
[17:04:02] [Render thread/INFO]: [CHAT] please goto home x=-30 y=-6 z=-40 for 15s to fly
[17:04:02] [Render thread/INFO]: [CHAT] x:-2y:0z:-2
[17:04:02] [Render thread/INFO]: [CHAT] please goto home x=-30 y=-6 z=-40 for 15s to fly
[17:04:02] [Render thread/INFO]: [CHAT] x:-2y:0z:-2
[17:04:03] [Render thread/INFO]: [CHAT] please goto home x=-30 y=-6 z=-40 for 15s to fly
[17:04:03] [Render thread/INFO]: [CHAT] x:-2y:0z:-2
[17:04:03] [Render thread/INFO]: [CHAT] please goto home x=-30 y=-6 z=-40 for 15s to fly
[17:04:03] [Render thread/INFO]: [CHAT] x:-2y:0z:-2
[17:04:04] [Render thread/INFO]: [CHAT] please goto home x=-30 y=-6 z=-40 for 15s to fly
[17:04:04] [Render thread/INFO]: [CHAT] x:-2y:0z:-2
[17:04:04] [Render thread/INFO]: [CHAT] please goto home x=-30 y=-6 z=-40 for 15s to fly
[17:04:05] [Render thread/INFO]: [CHAT] x:-2y:0z:-2
[17:04:05] [Render thread/INFO]: [CHAT] please goto home x=-30 y=-6 z=-40 for 15s to fly
[17:04:05] [Render thread/INFO]: [CHAT] x:-2y:0z:-2
[17:04:06] [Render thread/INFO]: [CHAT] batago left the game
[17:04:06] [Render thread/INFO]: [CHAT] please goto home x=-30 y=-6 z=-40 for 15s to fly
[17:04:06] [Render thread/INFO]: [CHAT] x:-2y:0z:-2
[17:04:06] [Render thread/INFO]: [CHAT] please goto home x=-30 y=-6 z=-40 for 15s to fly
[17:04:06] [Render thread/INFO]: [CHAT] x:-2y:0z:-2
[17:04:07] [Render thread/INFO]: [CHAT] please goto home x=-30 y=-6 z=-40 for 15s to fly
[17:04:07] [Render thread/INFO]: [CHAT] x:-2y:0z:-2
[17:04:07] [Render thread/INFO]: [CHAT] please goto home x=-30 y=-6 z=-40 for 15s to fly
[17:04:07] [Render thread/INFO]: [CHAT] x:-2y:0z:-2
[17:04:08] [Render thread/INFO]: [CHAT] please goto home x=-30 y=-6 z=-40 for 15s to fly
[17:04:08] [Render thread/INFO]: [CHAT] x:-2y:0z:-2
[17:04:08] [Render thread/INFO]: [CHAT] please goto home x=-30 y=-6 z=-40 for 15s to fly
[17:04:08] [Render thread/INFO]: [CHAT] x:-2y:0z:-2
[17:04:09] [Render thread/INFO]: [CHAT] please goto home x=-30 y=-6 z=-40 for 15s to fly
[17:04:09] [Render thread/INFO]: [CHAT] x:-2y:0z:-2
[17:04:09] [Render thread/INFO]: [CHAT] please goto home x=-30 y=-6 z=-40 for 15s to fly
[17:04:09] [Render thread/INFO]: [CHAT] x:-2y:0z:-2
[17:04:10] [Render thread/INFO]: [CHAT] please goto home x=-30 y=-6 z=-40 for 15s to fly
[17:04:10] [Render thread/INFO]: [CHAT] x:-2y:0z:-2
[17:04:11] [Render thread/INFO]: [CHAT] please goto home x=-30 y=-6 z=-40 for 15s to fly
[17:04:11] [Render thread/INFO]: [CHAT] x:-2y:0z:-2
[17:04:11] [Render thread/INFO]: [CHAT] please goto home x=-30 y=-6 z=-40 for 15s to fly
[17:04:11] [Render thread/INFO]: [CHAT] x:-2y:0z:-2
[17:04:12] [Render thread/INFO]: [CHAT] JM从高处摔了下来
[17:04:12] [Render thread/INFO]: [CHAT] please goto home x=-30 y=-6 z=-40 for 15s to fly
[17:04:12] [Render thread/INFO]: [CHAT] x:-2y:0z:-2
[17:04:12] [Render thread/INFO]: [CHAT] please goto home x=-30 y=-6 z=-40 for 15s to fly
[17:04:12] [Render thread/INFO]: [CHAT] x:-2y:0z:-2
[17:04:13] [Render thread/INFO]: [CHAT] please goto home x=-30 y=-6 z=-40 for 15s to fly
[17:04:13] [Render thread/INFO]: [CHAT] x:-2y:0z:-2
[17:04:13] [Render thread/INFO]: [CHAT] please goto home x=-30 y=-6 z=-40 for 15s to fly
[17:04:13] [Render thread/INFO]: [CHAT] x:-2y:0z:-2
[17:04:14] [Render thread/INFO]: [CHAT] please goto home x=-30 y=-6 z=-40 for 15s to fly
[17:04:14] [Render thread/INFO]: [CHAT] x:-2y:0z:-2
[17:04:14] [Render thread/INFO]: [CHAT] please goto home x=-30 y=-6 z=-40 for 15s to fly
[17:04:14] [Render thread/INFO]: [CHAT] x:-2y:0z:-2
[17:04:15] [Render thread/INFO]: [CHAT] please goto home x=-30 y=-6 z=-40 for 15s to fly
[17:04:15] [Render thread/INFO]: [CHAT] x:-2y:0z:-2
[17:04:15] [Render thread/INFO]: [CHAT] please goto home x=-30 y=-6 z=-40 for 15s to fly
[17:04:15] [Render thread/INFO]: [CHAT] x:-2y:0z:-2
[17:04:16] [Render thread/INFO]: [CHAT] please goto home x=-30 y=-6 z=-40 for 15s to fly
[17:04:16] [Render thread/INFO]: [CHAT] x:-2y:0z:-2
[17:04:17] [Render thread/INFO]: [CHAT] please goto home x=-30 y=-6 z=-40 for 15s to fly
[17:04:17] [Render thread/INFO]: [CHAT] x:-2y:0z:-2
[17:04:17] [Render thread/INFO]: [CHAT] please goto home x=-30 y=-6 z=-40 for 15s to fly
[17:04:17] [Render thread/INFO]: [CHAT] x:-2y:0z:-2
[17:04:18] [Render thread/INFO]: [CHAT] please goto home x=-30 y=-6 z=-40 for 15s to fly
[17:04:18] [Render thread/INFO]: [CHAT] x:-2y:0z:-2
[17:04:18] [Render thread/INFO]: [CHAT] please goto home x=-30 y=-6 z=-40 for 15s to fly
[17:04:18] [Render thread/INFO]: [CHAT] x:-2y:0z:-2
[17:04:19] [Render thread/INFO]: [CHAT] please goto home x=-30 y=-6 z=-40 for 15s to fly
[17:04:19] [Render thread/INFO]: [CHAT] x:-2y:0z:-2
[17:04:19] [Render thread/INFO]: [CHAT] please goto home x=-30 y=-6 z=-40 for 15s to fly
[17:04:19] [Render thread/INFO]: [CHAT] x:-2y:0z:-2
[17:04:20] [Render thread/INFO]: [CHAT] please goto home x=-30 y=-6 z=-40 for 15s to fly
[17:04:20] [Render thread/INFO]: [CHAT] x:-2y:0z:-2
[17:04:20] [Render thread/INFO]: [CHAT] please goto home x=-30 y=-6 z=-40 for 15s to fly
[17:04:20] [Render thread/INFO]: [CHAT] x:-2y:0z:-2
[17:04:21] [Render thread/INFO]: [CHAT] please goto home x=-30 y=-6 z=-40 for 15s to fly
[17:04:21] [Render thread/INFO]: [CHAT] x:-2y:0z:-2
[17:04:22] [Render thread/INFO]: [CHAT] please goto home x=-30 y=-6 z=-40 for 15s to fly
[17:04:22] [Render thread/INFO]: [CHAT] x:-2y:0z:-2
[17:04:22] [Render thread/INFO]: [CHAT] please goto home x=-30 y=-6 z=-40 for 15s to fly
[17:04:22] [Render thread/INFO]: [CHAT] x:-2y:0z:-2
[17:04:23] [Render thread/INFO]: [CHAT] please goto home x=-30 y=-6 z=-40 for 15s to fly
[17:04:23] [Render thread/INFO]: [CHAT] JM left the game
[17:04:23] [Render thread/INFO]: [CHAT] x:-2y:0z:-2
[17:04:23] [Render thread/INFO]: [CHAT] please goto home x=-30 y=-6 z=-40 for 15s to fly
[17:04:23] [Render thread/INFO]: [CHAT] x:-2y:0z:-2
[17:04:24] [Render thread/INFO]: [CHAT] please goto home x=-30 y=-6 z=-40 for 15s to fly
[17:04:24] [Render thread/INFO]: [CHAT] x:-2y:0z:-2
[17:04:24] [Render thread/INFO]: [CHAT] please goto home x=-30 y=-6 z=-40 for 15s to fly
[17:04:24] [Render thread/INFO]: [CHAT] x:-2y:0z:-2
[17:04:25] [Render thread/INFO]: [CHAT] please goto home x=-30 y=-6 z=-40 for 15s to fly
[17:04:25] [Render thread/INFO]: [CHAT] x:-2y:0z:-2
[17:04:25] [Render thread/INFO]: [CHAT] please goto home x=-30 y=-6 z=-40 for 15s to fly
[17:04:25] [Render thread/INFO]: [CHAT] x:-2y:0z:-2
[17:04:26] [Render thread/INFO]: [CHAT] please goto home x=-30 y=-6 z=-40 for 15s to fly
[17:04:26] [Render thread/INFO]: [CHAT] x:-2y:0z:-2
[17:04:26] [Render thread/INFO]: [CHAT] please goto home x=-30 y=-6 z=-40 for 15s to fly
[17:04:27] [Render thread/INFO]: [CHAT] x:-2y:0z:-2
[17:04:27] [Render thread/INFO]: [CHAT] please goto home x=-30 y=-6 z=-40 for 15s to fly
[17:04:27] [Render thread/INFO]: [CHAT] x:-2y:0z:-2
[17:04:28] [Render thread/INFO]: [CHAT] please goto home x=-30 y=-6 z=-40 for 15s to fly
[17:04:28] [Render thread/INFO]: [CHAT] x:-2y:0z:-2
[17:04:28] [Render thread/INFO]: [CHAT] please goto home x=-30 y=-6 z=-40 for 15s to fly
[17:04:28] [Render thread/INFO]: [CHAT] x:-2y:0z:-2
[17:04:29] [Render thread/INFO]: [CHAT] Welcome JM
[17:04:29] [Render thread/INFO]: [CHAT] JM joined the game
[17:04:29] [Render thread/INFO]: [CHAT] please goto home x=-30 y=-6 z=-40 for 15s to fly
[17:04:29] [Render thread/INFO]: [CHAT] x:-2y:0z:-2
[17:04:29] [Render thread/INFO]: [CHAT] please goto home x=-30 y=-6 z=-40 for 15s to fly
[17:04:29] [Render thread/INFO]: [CHAT] x:-2y:0z:-2
[17:04:30] [Render thread/INFO]: [CHAT] please goto home x=-30 y=-6 z=-40 for 15s to fly
[17:04:30] [Render thread/INFO]: [CHAT] x:-2y:0z:-2
[17:04:30] [Render thread/INFO]: [CHAT] please goto home x=-30 y=-6 z=-40 for 15s to fly
[17:04:30] [Render thread/INFO]: [CHAT] x:-2y:0z:-2
[17:04:31] [Render thread/INFO]: [CHAT] please goto home x=-30 y=-6 z=-40 for 15s to fly
[17:04:31] [Render thread/INFO]: [CHAT] x:-2y:0z:-2
[17:04:31] [Render thread/INFO]: [CHAT] please goto home x=-30 y=-6 z=-40 for 15s to fly
[17:04:31] [Render thread/INFO]: [CHAT] x:-2y:0z:-2
[17:04:32] [Render thread/INFO]: [CHAT] please goto home x=-30 y=-6 z=-40 for 15s to fly
[17:04:32] [Render thread/INFO]: [CHAT] x:-2y:0z:-2
[17:04:33] [Render thread/INFO]: [CHAT] please goto home x=-30 y=-6 z=-40 for 15s to fly
[17:04:33] [Render thread/INFO]: [CHAT] x:-2y:0z:-2
[17:04:33] [Render thread/INFO]: [CHAT] JM left the game
[17:04:33] [Render thread/INFO]: [CHAT] please goto home x=-30 y=-6 z=-40 for 15s to fly
[17:04:33] [Render thread/INFO]: [CHAT] x:-2y:0z:-2
[17:04:34] [Render thread/INFO]: [CHAT] please goto home x=-30 y=-6 z=-40 for 15s to fly
[17:04:34] [Render thread/INFO]: [CHAT] x:-2y:0z:-2
[17:04:34] [Render thread/INFO]: [CHAT] please goto home x=-30 y=-6 z=-40 for 15s to fly
[17:04:34] [Render thread/INFO]: [CHAT] x:-2y:0z:-2
[17:04:35] [Render thread/INFO]: [CHAT] please goto home x=-30 y=-6 z=-40 for 15s to fly
[17:04:35] [Render thread/INFO]: [CHAT] x:-2y:0z:-2
[17:04:35] [Render thread/INFO]: [CHAT] please goto home x=-30 y=-6 z=-40 for 15s to fly
[17:04:35] [Render thread/INFO]: [CHAT] x:-2y:0z:-2
[17:04:36] [Render thread/INFO]: [CHAT] please goto home x=-30 y=-6 z=-40 for 15s to fly
[17:04:36] [Render thread/INFO]: [CHAT] x:-2y:0z:-2
[17:04:36] [Render thread/INFO]: [CHAT] please goto home x=-30 y=-6 z=-40 for 15s to fly
[17:04:36] [Render thread/INFO]: [CHAT] x:-2y:0z:-2
[17:04:37] [Render thread/INFO]: [CHAT] please goto home x=-30 y=-6 z=-40 for 15s to fly
[17:04:37] [Render thread/INFO]: [CHAT] x:-2y:0z:-2
[17:04:37] [Render thread/INFO]: [CHAT] please goto home x=-30 y=-6 z=-40 for 15s to fly
[17:04:38] [Render thread/INFO]: [CHAT] x:-2y:0z:-2
[17:04:38] [Render thread/INFO]: [CHAT] please goto home x=-30 y=-6 z=-40 for 15s to fly
[17:04:38] [Render thread/INFO]: [CHAT] x:-2y:0z:-2
[17:04:39] [Render thread/INFO]: [CHAT] please goto home x=-30 y=-6 z=-40 for 15s to fly
[17:04:39] [Render thread/INFO]: [CHAT] x:-2y:0z:-2
[17:04:39] [Render thread/INFO]: [CHAT] please goto home x=-30 y=-6 z=-40 for 15s to fly
[17:04:39] [Render thread/INFO]: [CHAT] x:-2y:0z:-2
[17:04:40] [Render thread/INFO]: [CHAT] please goto home x=-30 y=-6 z=-40 for 15s to fly
[17:04:40] [Render thread/INFO]: [CHAT] x:-2y:0z:-2
[17:04:40] [Render thread/INFO]: [CHAT] please goto home x=-30 y=-6 z=-40 for 15s to fly
[17:04:40] [Render thread/INFO]: [CHAT] x:-2y:0z:-2
[17:04:41] [Render thread/INFO]: [CHAT] Welcome JM
[17:04:41] [Render thread/INFO]: [CHAT] JM joined the game
[17:04:41] [Render thread/INFO]: [CHAT] please goto home x=-30 y=-6 z=-40 for 15s to fly
[17:04:41] [Render thread/INFO]: [CHAT] x:-2y:0z:-2
[17:04:41] [Render thread/INFO]: [CHAT] please goto home x=-30 y=-6 z=-40 for 15s to fly
[17:04:41] [Render thread/INFO]: [CHAT] x:-2y:0z:-2
[17:04:42] [Render thread/INFO]: [CHAT] please goto home x=-30 y=-6 z=-40 for 15s to fly
[17:04:42] [Render thread/INFO]: [CHAT] x:-2y:0z:-2
[17:04:42] [Render thread/INFO]: [CHAT] please goto home x=-30 y=-6 z=-40 for 15s to fly
[17:04:42] [Render thread/INFO]: [CHAT] x:-2y:0z:-2
[17:04:43] [Render thread/INFO]: [CHAT] please goto home x=-30 y=-6 z=-40 for 15s to fly
[17:04:43] [Render thread/INFO]: [CHAT] x:-2y:0z:-2
[17:04:44] [Render thread/INFO]: [CHAT] please goto home x=-30 y=-6 z=-40 for 15s to fly
[17:04:44] [Render thread/INFO]: [CHAT] x:-2y:0z:-2
[17:04:44] [Render thread/INFO]: [CHAT] please goto home x=-30 y=-6 z=-40 for 15s to fly
[17:04:44] [Render thread/INFO]: [CHAT] x:-2y:0z:-2
[17:04:45] [Render thread/INFO]: [CHAT] please goto home x=-30 y=-6 z=-40 for 15s to fly
[17:04:45] [Render thread/INFO]: [CHAT] x:-2y:0z:-2
[17:04:45] [Render thread/INFO]: [CHAT] please goto home x=-30 y=-6 z=-40 for 15s to fly
[17:04:45] [Render thread/INFO]: [CHAT] x:-2y:0z:-2
[17:04:46] [Render thread/INFO]: [CHAT] please goto home x=-30 y=-6 z=-40 for 15s to fly
[17:04:46] [Render thread/INFO]: [CHAT] x:-2y:0z:-2
[17:04:46] [Render thread/INFO]: [CHAT] please goto home x=-30 y=-6 z=-40 for 15s to fly
[17:04:46] [Render thread/INFO]: [CHAT] x:-2y:0z:-2
[17:04:47] [Render thread/INFO]: [CHAT] please goto home x=-30 y=-6 z=-40 for 15s to fly
[17:04:47] [Render thread/INFO]: [CHAT] x:-2y:0z:-2
[17:04:47] [Render thread/INFO]: [CHAT] JM left the game
[17:04:47] [Render thread/INFO]: [CHAT] please goto home x=-30 y=-6 z=-40 for 15s to fly
[17:04:47] [Render thread/INFO]: [CHAT] x:-2y:0z:-2
[17:04:48] [Render thread/INFO]: [CHAT] please goto home x=-30 y=-6 z=-40 for 15s to fly
[17:04:48] [Render thread/INFO]: [CHAT] x:-2y:0z:-2
[17:04:48] [Render thread/INFO]: [CHAT] please goto home x=-30 y=-6 z=-40 for 15s to fly
[17:04:49] [Render thread/INFO]: [CHAT] x:-2y:0z:-2
[17:04:49] [Render thread/INFO]: [CHAT] please goto home x=-30 y=-6 z=-40 for 15s to fly
[17:04:49] [Render thread/INFO]: [CHAT] x:-2y:0z:-2
[17:04:50] [Render thread/INFO]: [CHAT] please goto home x=-30 y=-6 z=-40 for 15s to fly
[17:04:50] [Render thread/INFO]: [CHAT] x:-2y:0z:-2
[17:04:50] [Render thread/INFO]: [CHAT] please goto home x=-30 y=-6 z=-40 for 15s to fly
[17:04:50] [Render thread/INFO]: [CHAT] x:-2y:0z:-2
[17:04:51] [Render thread/INFO]: [CHAT] please goto home x=-30 y=-6 z=-40 for 15s to fly
[17:04:51] [Render thread/INFO]: [CHAT] x:-2y:0z:-2
[17:04:51] [Render thread/INFO]: [CHAT] please goto home x=-30 y=-6 z=-40 for 15s to fly
[17:04:51] [Render thread/INFO]: [CHAT] x:-2y:0z:-2
[17:04:52] [Render thread/INFO]: [CHAT] please goto home x=-30 y=-6 z=-40 for 15s to fly
[17:04:52] [Render thread/INFO]: [CHAT] x:-2y:0z:-2
[17:06:24] [Render thread/INFO]: Stopping!
