[20:00:49] [Render thread/INFO]: Environment: authHost='https://authserver.mojang.com', accountsHost='https://api.mojang.com', sessionHost='https://sessionserver.mojang.com', servicesHost='https://api.minecraftservices.com', name='PROD'
[20:00:54] [Render thread/ERROR]: Failed to verify authentication
com.mojang.authlib.exceptions.AuthenticationException: com.mojang.authlib.exceptions.MinecraftClientException: Failed to read from https://api.minecraftservices.com/privileges due to Connect timed out
	at com.mojang.authlib.exceptions.MinecraftClientException.toAuthenticationException(MinecraftClientException.java:28) ~[authlib-2.3.31.jar:?]
	at com.mojang.authlib.yggdrasil.YggdrasilSocialInteractionsService.checkPrivileges(YggdrasilSocialInteractionsService.java:116) ~[authlib-2.3.31.jar:?]
	at com.mojang.authlib.yggdrasil.YggdrasilSocialInteractionsService.<init>(YggdrasilSocialInteractionsService.java:42) ~[authlib-2.3.31.jar:?]
	at com.mojang.authlib.yggdrasil.YggdrasilAuthenticationService.createSocialInteractionsService(YggdrasilAuthenticationService.java:151) ~[authlib-2.3.31.jar:?]
	at dvp.a(SourceFile:670) [1.17.1.jar:?]
	at dvp.<init>(SourceFile:429) [1.17.1.jar:?]
	at net.minecraft.client.main.Main.main(SourceFile:179) [1.17.1.jar:?]
Caused by: com.mojang.authlib.exceptions.MinecraftClientException: Failed to read from https://api.minecraftservices.com/privileges due to Connect timed out
	at com.mojang.authlib.minecraft.client.MinecraftClient.readInputStream(MinecraftClient.java:85) ~[authlib-2.3.31.jar:?]
	at com.mojang.authlib.minecraft.client.MinecraftClient.get(MinecraftClient.java:47) ~[authlib-2.3.31.jar:?]
	at com.mojang.authlib.yggdrasil.YggdrasilSocialInteractionsService.checkPrivileges(YggdrasilSocialInteractionsService.java:104) ~[authlib-2.3.31.jar:?]
	... 5 more
Caused by: java.net.SocketTimeoutException: Connect timed out
	at sun.nio.ch.NioSocketImpl.timedFinishConnect(NioSocketImpl.java:546) ~[?:?]
	at sun.nio.ch.NioSocketImpl.connect(NioSocketImpl.java:597) ~[?:?]
	at java.net.SocksSocketImpl.connect(SocksSocketImpl.java:333) ~[?:?]
	at java.net.Socket.connect(Socket.java:645) ~[?:?]
	at sun.security.ssl.SSLSocketImpl.connect(SSLSocketImpl.java:300) ~[?:?]
	at sun.net.NetworkClient.doConnect(NetworkClient.java:177) ~[?:?]
	at sun.net.www.http.HttpClient.openServer(HttpClient.java:497) ~[?:?]
	at sun.net.www.http.HttpClient.openServer(HttpClient.java:600) ~[?:?]
	at sun.net.www.protocol.https.HttpsClient.<init>(HttpsClient.java:265) ~[?:?]
	at sun.net.www.protocol.https.HttpsClient.New(HttpsClient.java:379) ~[?:?]
	at sun.net.www.protocol.https.AbstractDelegateHttpsURLConnection.getNewHttpClient(AbstractDelegateHttpsURLConnection.java:189) ~[?:?]
	at sun.net.www.protocol.http.HttpURLConnection.plainConnect0(HttpURLConnection.java:1277) ~[?:?]
	at sun.net.www.protocol.http.HttpURLConnection.plainConnect(HttpURLConnection.java:1120) ~[?:?]
	at sun.net.www.protocol.https.AbstractDelegateHttpsURLConnection.connect(AbstractDelegateHttpsURLConnection.java:175) ~[?:?]
	at sun.net.www.protocol.http.HttpURLConnection.getInputStream0(HttpURLConnection.java:1653) ~[?:?]
	at sun.net.www.protocol.http.HttpURLConnection.getInputStream(HttpURLConnection.java:1577) ~[?:?]
	at java.net.HttpURLConnection.getResponseCode(HttpURLConnection.java:527) ~[?:?]
	at sun.net.www.protocol.https.HttpsURLConnectionImpl.getResponseCode(HttpsURLConnectionImpl.java:308) ~[?:?]
	at com.mojang.authlib.minecraft.client.MinecraftClient.readInputStream(MinecraftClient.java:64) ~[authlib-2.3.31.jar:?]
	at com.mojang.authlib.minecraft.client.MinecraftClient.get(MinecraftClient.java:47) ~[authlib-2.3.31.jar:?]
	at com.mojang.authlib.yggdrasil.YggdrasilSocialInteractionsService.checkPrivileges(YggdrasilSocialInteractionsService.java:104) ~[authlib-2.3.31.jar:?]
	... 5 more
[20:00:54] [Render thread/INFO]: Setting user: batago
[20:00:54] [Render thread/INFO]: Backend library: LWJGL version 3.2.1 build 12
[20:00:58] [Render thread/INFO]: Reloading ResourceManager: Default
[20:01:00] [Realms Notification Availability checker #1/INFO]: Could not authorize you against Realms server: Invalid session id
[20:01:07] [Render thread/INFO]: OpenAL initialized.
[20:01:07] [Render thread/INFO]: Sound engine started
[20:01:09] [Render thread/INFO]: Created: 1024x1024x4 minecraft:textures/atlas/blocks.png-atlas
[20:01:09] [Render thread/INFO]: Created: 256x128x4 minecraft:textures/atlas/signs.png-atlas
[20:01:09] [Render thread/INFO]: Created: 1024x512x4 minecraft:textures/atlas/banner_patterns.png-atlas
[20:01:09] [Render thread/INFO]: Created: 1024x512x4 minecraft:textures/atlas/shield_patterns.png-atlas
[20:01:09] [Render thread/INFO]: Created: 256x256x4 minecraft:textures/atlas/chest.png-atlas
[20:01:09] [Render thread/INFO]: Created: 512x256x4 minecraft:textures/atlas/beds.png-atlas
[20:01:09] [Render thread/INFO]: Created: 512x256x4 minecraft:textures/atlas/shulker_boxes.png-atlas
[20:01:12] [Render thread/INFO]: Created: 256x256x0 minecraft:textures/atlas/particles.png-atlas
[20:01:12] [Render thread/INFO]: Created: 256x256x0 minecraft:textures/atlas/paintings.png-atlas
[20:01:12] [Render thread/INFO]: Created: 256x128x0 minecraft:textures/atlas/mob_effects.png-atlas
[20:01:44] [Render thread/INFO]: Connecting to localhost, 25565
[20:01:46] [Render thread/INFO]: Environment: authHost='https://authserver.mojang.com', accountsHost='https://api.mojang.com', sessionHost='https://sessionserver.mojang.com', servicesHost='https://api.minecraftservices.com', name='PROD'
[20:01:47] [Render thread/INFO]: [CHAT] Welcome batago
[20:01:47] [Render thread/INFO]: [CHAT] batago joined the game
[20:01:48] [Render thread/INFO]: Loaded 0 advancements
[20:02:40] [Render thread/INFO]: [CHAT] please go to home x=58 y=6 z=-103 for 15s to fly
[20:02:40] [Render thread/INFO]: [CHAT] x:7y:-3z:7
[20:02:41] [Render thread/INFO]: [CHAT] please go to home x=58 y=6 z=-103 for 15s to fly
[20:02:41] [Render thread/INFO]: [CHAT] x:7y:-3z:7
[20:02:41] [Render thread/INFO]: [CHAT] please go to home x=58 y=6 z=-103 for 15s to fly
[20:02:41] [Render thread/INFO]: [CHAT] x:7y:-3z:7
[20:02:42] [Render thread/INFO]: [CHAT] please go to home x=58 y=6 z=-103 for 15s to fly
[20:02:42] [Render thread/INFO]: [CHAT] x:7y:-3z:7
[20:02:42] [Render thread/INFO]: [CHAT] please go to home x=58 y=6 z=-103 for 15s to fly
[20:02:42] [Render thread/INFO]: [CHAT] x:7y:-3z:7
[20:02:43] [Render thread/INFO]: [CHAT] please go to home x=58 y=6 z=-103 for 15s to fly
[20:02:43] [Render thread/INFO]: [CHAT] x:7y:-3z:7
[20:02:44] [Render thread/INFO]: [CHAT] please go to home x=58 y=6 z=-103 for 15s to fly
[20:02:44] [Render thread/INFO]: [CHAT] x:7y:-3z:7
[20:02:44] [Render thread/INFO]: [CHAT] please go to home x=58 y=6 z=-103 for 15s to fly
[20:02:44] [Render thread/INFO]: [CHAT] x:7y:-3z:7
[20:02:45] [Render thread/INFO]: [CHAT] please go to home x=58 y=6 z=-103 for 15s to fly
[20:02:45] [Render thread/INFO]: [CHAT] x:7y:-3z:7
[20:02:45] [Render thread/INFO]: [CHAT] please go to home x=58 y=6 z=-103 for 15s to fly
[20:02:45] [Render thread/INFO]: [CHAT] x:7y:-3z:7
[20:02:46] [Render thread/INFO]: [CHAT] please go to home x=58 y=6 z=-103 for 15s to fly
[20:02:46] [Render thread/INFO]: [CHAT] x:7y:-3z:7
[20:02:46] [Render thread/INFO]: [CHAT] please go to home x=58 y=6 z=-103 for 15s to fly
[20:02:46] [Render thread/INFO]: [CHAT] x:7y:-3z:7
[20:02:47] [Render thread/INFO]: [CHAT] please go to home x=58 y=6 z=-103 for 15s to fly
[20:02:47] [Render thread/INFO]: [CHAT] x:7y:-3z:8
[20:02:47] [Render thread/INFO]: [CHAT] please go to home x=58 y=6 z=-103 for 15s to fly
[20:02:47] [Render thread/INFO]: [CHAT] x:7y:-3z:9
[20:02:48] [Render thread/INFO]: [CHAT] please go to home x=58 y=6 z=-103 for 15s to fly
[20:02:48] [Render thread/INFO]: [CHAT] x:7y:-3z:9
[20:02:48] [Render thread/INFO]: [CHAT] please go to home x=58 y=6 z=-103 for 15s to fly
[20:02:48] [Render thread/INFO]: [CHAT] x:8y:-4z:10
[20:02:49] [Render thread/INFO]: [CHAT] please go to home x=58 y=6 z=-103 for 15s to fly
[20:02:49] [Render thread/INFO]: [CHAT] x:8y:-1z:10
[20:02:50] [Render thread/INFO]: [CHAT] please go to home x=58 y=6 z=-103 for 15s to fly
[20:02:50] [Render thread/INFO]: [CHAT] x:8y:3z:10
[20:02:50] [Render thread/INFO]: [CHAT] please go to home x=58 y=6 z=-103 for 15s to fly
[20:02:50] [Render thread/INFO]: [CHAT] x:8y:3z:10
[20:02:51] [Render thread/INFO]: [CHAT] please go to home x=58 y=6 z=-103 for 15s to fly
[20:02:51] [Render thread/INFO]: [CHAT] x:9y:3z:13
[20:02:51] [Render thread/INFO]: [CHAT] please go to home x=58 y=6 z=-103 for 15s to fly
[20:02:51] [Render thread/INFO]: [CHAT] x:10y:3z:15
[20:02:52] [Render thread/INFO]: [CHAT] please go to home x=58 y=6 z=-103 for 15s to fly
[20:02:52] [Render thread/INFO]: [CHAT] x:11y:3z:16
[20:02:52] [Render thread/INFO]: [CHAT] please go to home x=58 y=6 z=-103 for 15s to fly
[20:02:52] [Render thread/INFO]: [CHAT] x:11y:3z:16
[20:02:53] [Render thread/INFO]: [CHAT] please go to home x=58 y=6 z=-103 for 15s to fly
[20:02:53] [Render thread/INFO]: [CHAT] x:11y:3z:16
[20:02:53] [Render thread/INFO]: [CHAT] please go to home x=58 y=6 z=-103 for 15s to fly
[20:02:53] [Render thread/INFO]: [CHAT] x:11y:3z:16
[20:02:54] [Render thread/INFO]: [CHAT] please go to home x=58 y=6 z=-103 for 15s to fly
[20:02:54] [Render thread/INFO]: [CHAT] x:11y:3z:16
[20:02:55] [Render thread/INFO]: [CHAT] please go to home x=58 y=6 z=-103 for 15s to fly
[20:02:55] [Render thread/INFO]: [CHAT] x:11y:3z:16
[20:02:55] [Render thread/INFO]: [CHAT] please go to home x=58 y=6 z=-103 for 15s to fly
[20:02:55] [Render thread/INFO]: [CHAT] x:11y:3z:16
[20:02:56] [Render thread/INFO]: [CHAT] please go to home x=58 y=6 z=-103 for 15s to fly
[20:02:56] [Render thread/INFO]: [CHAT] x:11y:3z:16
[20:02:56] [Render thread/INFO]: [CHAT] please go to home x=58 y=6 z=-103 for 15s to fly
[20:02:56] [Render thread/INFO]: [CHAT] x:9y:3z:15
[20:02:57] [Render thread/INFO]: [CHAT] please go to home x=58 y=6 z=-103 for 15s to fly
[20:02:57] [Render thread/INFO]: [CHAT] x:5y:3z:14
[20:02:57] [Render thread/INFO]: [CHAT] please go to home x=58 y=6 z=-103 for 15s to fly
[20:02:57] [Render thread/INFO]: [CHAT] x:0y:3z:11
[20:02:58] [Render thread/INFO]: [CHAT] please go to home x=58 y=6 z=-103 for 15s to fly
[20:02:58] [Render thread/INFO]: [CHAT] x:-3y:3z:10
[20:02:58] [Render thread/INFO]: [CHAT] please go to home x=58 y=6 z=-103 for 15s to fly
[20:02:58] [Render thread/INFO]: [CHAT] x:-4y:3z:10
[20:02:59] [Render thread/INFO]: [CHAT] please go to home x=58 y=6 z=-103 for 15s to fly
[20:02:59] [Render thread/INFO]: [CHAT] x:-4y:3z:10
[20:02:59] [Render thread/INFO]: [CHAT] please go to home x=58 y=6 z=-103 for 15s to fly
[20:02:59] [Render thread/INFO]: [CHAT] x:-4y:3z:10
[20:03:00] [Render thread/INFO]: [CHAT] please go to home x=58 y=6 z=-103 for 15s to fly
[20:03:00] [Render thread/INFO]: [CHAT] x:-4y:3z:10
[20:03:01] [Render thread/INFO]: [CHAT] please go to home x=58 y=6 z=-103 for 15s to fly
[20:03:01] [Render thread/INFO]: [CHAT] x:-4y:3z:10
[20:03:01] [Render thread/INFO]: [CHAT] please go to home x=58 y=6 z=-103 for 15s to fly
[20:03:01] [Render thread/INFO]: [CHAT] x:-4y:3z:10
[20:03:02] [Render thread/INFO]: [CHAT] please go to home x=58 y=6 z=-103 for 15s to fly
[20:03:02] [Render thread/INFO]: [CHAT] x:-3y:3z:8
[20:03:02] [Render thread/INFO]: [CHAT] please go to home x=58 y=6 z=-103 for 15s to fly
[20:03:02] [Render thread/INFO]: [CHAT] x:1y:3z:6
[20:03:03] [Render thread/INFO]: [CHAT] please go to home x=58 y=6 z=-103 for 15s to fly
[20:03:03] [Render thread/INFO]: [CHAT] x:5y:3z:3
[20:03:03] [Render thread/INFO]: [CHAT] please go to home x=58 y=6 z=-103 for 15s to fly
[20:03:03] [Render thread/INFO]: [CHAT] x:10y:3z:-1
[20:03:04] [Render thread/INFO]: [CHAT] please go to home x=58 y=6 z=-103 for 15s to fly
[20:03:04] [Render thread/INFO]: [CHAT] x:15y:3z:-4
[20:03:04] [Render thread/INFO]: [CHAT] please go to home x=58 y=6 z=-103 for 15s to fly
[20:03:04] [Render thread/INFO]: [CHAT] x:19y:3z:-7
[20:03:05] [Render thread/INFO]: [CHAT] please go to home x=58 y=6 z=-103 for 15s to fly
[20:03:05] [Render thread/INFO]: [CHAT] x:21y:3z:-9
[20:03:06] [Render thread/INFO]: [CHAT] please go to home x=58 y=6 z=-103 for 15s to fly
[20:03:06] [Render thread/INFO]: [CHAT] x:24y:3z:-11
[20:03:06] [Render thread/INFO]: [CHAT] please go to home x=58 y=6 z=-103 for 15s to fly
[20:03:06] [Render thread/INFO]: [CHAT] x:29y:3z:-14
[20:03:07] [Render thread/INFO]: [CHAT] please go to home x=58 y=6 z=-103 for 15s to fly
[20:03:07] [Render thread/INFO]: [CHAT] x:34y:3z:-18
[20:03:07] [Render thread/INFO]: [CHAT] please go to home x=58 y=6 z=-103 for 15s to fly
[20:03:07] [Render thread/INFO]: [CHAT] x:38y:5z:-21
[20:03:08] [Render thread/INFO]: [CHAT] please go to home x=58 y=6 z=-103 for 15s to fly
[20:03:08] [Render thread/INFO]: [CHAT] x:43y:7z:-25
[20:03:08] [Render thread/INFO]: [CHAT] please go to home x=58 y=6 z=-103 for 15s to fly
[20:03:08] [Render thread/INFO]: [CHAT] x:48y:8z:-28
[20:03:09] [Render thread/INFO]: [CHAT] please go to home x=58 y=6 z=-103 for 15s to fly
[20:03:09] [Render thread/INFO]: [CHAT] x:53y:9z:-32
[20:03:09] [Render thread/INFO]: [CHAT] please go to home x=58 y=6 z=-103 for 15s to fly
[20:03:09] [Render thread/INFO]: [CHAT] x:58y:9z:-35
[20:03:10] [Render thread/INFO]: [CHAT] please go to home x=58 y=6 z=-103 for 15s to fly
[20:03:10] [Render thread/INFO]: [CHAT] x:61y:9z:-37
[20:03:10] [Render thread/INFO]: [CHAT] please go to home x=58 y=6 z=-103 for 15s to fly
[20:03:10] [Render thread/INFO]: [CHAT] x:60y:9z:-37
[20:03:11] [Render thread/INFO]: [CHAT] please go to home x=58 y=6 z=-103 for 15s to fly
[20:03:11] [Render thread/INFO]: [CHAT] x:59y:9z:-37
[20:03:12] [Render thread/INFO]: [CHAT] please go to home x=58 y=6 z=-103 for 15s to fly
[20:03:12] [Render thread/INFO]: [CHAT] x:59y:9z:-36
[20:03:12] [Render thread/INFO]: [CHAT] please go to home x=58 y=6 z=-103 for 15s to fly
[20:03:12] [Render thread/INFO]: [CHAT] x:57y:9z:-35
[20:03:13] [Render thread/INFO]: [CHAT] please go to home x=58 y=6 z=-103 for 15s to fly
[20:03:13] [Render thread/INFO]: [CHAT] x:57y:9z:-35
[20:03:13] [Render thread/INFO]: [CHAT] please go to home x=58 y=6 z=-103 for 15s to fly
[20:03:13] [Render thread/INFO]: [CHAT] x:57y:9z:-35
[20:03:14] [Render thread/INFO]: [CHAT] please go to home x=58 y=6 z=-103 for 15s to fly
[20:03:14] [Render thread/INFO]: [CHAT] x:57y:9z:-35
[20:03:14] [Render thread/INFO]: [CHAT] please go to home x=58 y=6 z=-103 for 15s to fly
[20:03:14] [Render thread/INFO]: [CHAT] x:56y:9z:-34
[20:03:15] [Render thread/INFO]: [CHAT] please go to home x=58 y=6 z=-103 for 15s to fly
[20:03:15] [Render thread/INFO]: [CHAT] x:56y:9z:-34
[20:03:15] [Render thread/INFO]: [CHAT] please go to home x=58 y=6 z=-103 for 15s to fly
[20:03:15] [Render thread/INFO]: [CHAT] x:56y:9z:-34
[20:03:16] [Render thread/INFO]: [CHAT] please go to home x=58 y=6 z=-103 for 15s to fly
[20:03:16] [Render thread/INFO]: [CHAT] x:57y:9z:-35
[20:03:17] [Render thread/INFO]: [CHAT] please go to home x=58 y=6 z=-103 for 15s to fly
[20:03:17] [Render thread/INFO]: [CHAT] x:57y:9z:-35
[20:03:17] [Render thread/INFO]: [CHAT] please go to home x=58 y=6 z=-103 for 15s to fly
[20:03:17] [Render thread/INFO]: [CHAT] x:57y:9z:-35
[20:03:18] [Render thread/INFO]: [CHAT] please go to home x=58 y=6 z=-103 for 15s to fly
[20:03:18] [Render thread/INFO]: [CHAT] x:58y:9z:-36
[20:03:18] [Render thread/INFO]: [CHAT] please go to home x=58 y=6 z=-103 for 15s to fly
[20:03:18] [Render thread/INFO]: [CHAT] x:58y:9z:-36
[20:03:19] [Render thread/INFO]: [CHAT] please go to home x=58 y=6 z=-103 for 15s to fly
[20:03:19] [Render thread/INFO]: [CHAT] x:58y:9z:-36
[20:03:19] [Render thread/INFO]: [CHAT] please go to home x=58 y=6 z=-103 for 15s to fly
[20:03:19] [Render thread/INFO]: [CHAT] x:58y:9z:-36
[20:03:20] [Render thread/INFO]: [CHAT] please go to home x=58 y=6 z=-103 for 15s to fly
[20:03:20] [Render thread/INFO]: [CHAT] x:58y:9z:-36
[20:03:20] [Render thread/INFO]: [CHAT] please go to home x=58 y=6 z=-103 for 15s to fly
[20:03:20] [Render thread/INFO]: [CHAT] x:58y:9z:-36
[20:03:21] [Render thread/INFO]: [CHAT] please go to home x=58 y=6 z=-103 for 15s to fly
[20:03:21] [Render thread/INFO]: [CHAT] x:58y:9z:-36
[20:03:21] [Render thread/INFO]: [CHAT] please go to home x=58 y=6 z=-103 for 15s to fly
[20:03:21] [Render thread/INFO]: [CHAT] x:58y:9z:-36
[20:03:22] [Render thread/INFO]: [CHAT] please go to home x=58 y=6 z=-103 for 15s to fly
[20:03:22] [Render thread/INFO]: [CHAT] x:58y:9z:-36
[20:03:23] [Render thread/INFO]: [CHAT] please go to home x=58 y=6 z=-103 for 15s to fly
[20:03:23] [Render thread/INFO]: [CHAT] x:58y:9z:-36
[20:03:23] [Render thread/INFO]: [CHAT] please go to home x=58 y=6 z=-103 for 15s to fly
[20:03:23] [Render thread/INFO]: [CHAT] x:58y:8z:-36
[20:03:24] [Render thread/INFO]: [CHAT] please go to home x=58 y=6 z=-103 for 15s to fly
[20:03:24] [Render thread/INFO]: [CHAT] x:58y:6z:-36
[20:03:24] [Render thread/INFO]: [CHAT] please go to home x=58 y=6 z=-103 for 15s to fly
[20:03:24] [Render thread/INFO]: [CHAT] x:58y:6z:-36
[20:03:25] [Render thread/INFO]: [CHAT] please go to home x=58 y=6 z=-103 for 15s to fly
[20:03:25] [Render thread/INFO]: [CHAT] x:58y:6z:-36
[20:03:25] [Render thread/INFO]: [CHAT] please go to home x=58 y=6 z=-103 for 15s to fly
[20:03:25] [Render thread/INFO]: [CHAT] x:58y:6z:-36
[20:03:26] [Render thread/INFO]: [CHAT] please go to home x=58 y=6 z=-103 for 15s to fly
[20:03:26] [Render thread/INFO]: [CHAT] x:58y:6z:-36
[20:03:26] [Render thread/INFO]: [CHAT] please go to home x=58 y=6 z=-103 for 15s to fly
[20:03:26] [Render thread/INFO]: [CHAT] x:58y:6z:-36
[20:03:27] [Render thread/INFO]: [CHAT] please go to home x=58 y=6 z=-103 for 15s to fly
[20:03:27] [Render thread/INFO]: [CHAT] x:58y:6z:-36
[20:03:28] [Render thread/INFO]: [CHAT] please go to home x=58 y=6 z=-103 for 15s to fly
[20:03:28] [Render thread/INFO]: [CHAT] x:58y:6z:-36
[20:03:28] [Render thread/INFO]: [CHAT] please go to home x=58 y=6 z=-103 for 15s to fly
[20:03:28] [Render thread/INFO]: [CHAT] x:58y:6z:-36
[20:03:29] [Render thread/INFO]: [CHAT] please go to home x=58 y=6 z=-103 for 15s to fly
[20:03:29] [Render thread/INFO]: [CHAT] x:58y:6z:-36
[20:03:29] [Render thread/INFO]: [CHAT] please go to home x=58 y=6 z=-103 for 15s to fly
[20:03:29] [Render thread/INFO]: [CHAT] x:58y:6z:-36
[20:03:30] [Render thread/INFO]: [CHAT] please go to home x=58 y=6 z=-103 for 15s to fly
[20:03:30] [Render thread/INFO]: [CHAT] x:58y:6z:-36
[20:03:30] [Render thread/INFO]: [CHAT] please go to home x=58 y=6 z=-103 for 15s to fly
[20:03:30] [Render thread/INFO]: [CHAT] x:61y:6z:-37
[20:03:31] [Render thread/INFO]: [CHAT] please go to home x=58 y=6 z=-103 for 15s to fly
[20:03:31] [Render thread/INFO]: [CHAT] x:63y:6z:-37
[20:03:31] [Render thread/INFO]: [CHAT] please go to home x=58 y=6 z=-103 for 15s to fly
[20:03:31] [Render thread/INFO]: [CHAT] x:63y:6z:-37
[20:03:32] [Render thread/INFO]: [CHAT] please go to home x=58 y=6 z=-103 for 15s to fly
[20:03:32] [Render thread/INFO]: [CHAT] x:63y:6z:-37
[20:03:32] [Render thread/INFO]: [CHAT] please go to home x=58 y=6 z=-103 for 15s to fly
[20:03:32] [Render thread/INFO]: [CHAT] x:63y:6z:-37
[20:03:33] [Render thread/INFO]: [CHAT] please go to home x=58 y=6 z=-103 for 15s to fly
[20:03:33] [Render thread/INFO]: [CHAT] x:63y:6z:-37
[20:03:34] [Render thread/INFO]: [CHAT] please go to home x=58 y=6 z=-103 for 15s to fly
[20:03:34] [Render thread/INFO]: [CHAT] x:63y:6z:-37
[20:03:34] [Render thread/INFO]: [CHAT] please go to home x=58 y=6 z=-103 for 15s to fly
[20:03:34] [Render thread/INFO]: [CHAT] x:63y:6z:-37
[20:03:35] [Render thread/INFO]: [CHAT] please go to home x=58 y=6 z=-103 for 15s to fly
[20:03:35] [Render thread/INFO]: [CHAT] x:63y:6z:-37
[20:03:35] [Render thread/INFO]: [CHAT] please go to home x=58 y=6 z=-103 for 15s to fly
[20:03:35] [Render thread/INFO]: [CHAT] x:63y:6z:-37
[20:03:36] [Render thread/INFO]: [CHAT] please go to home x=58 y=6 z=-103 for 15s to fly
[20:03:36] [Render thread/INFO]: [CHAT] x:63y:6z:-37
[20:03:36] [Render thread/INFO]: [CHAT] please go to home x=58 y=6 z=-103 for 15s to fly
[20:03:36] [Render thread/INFO]: [CHAT] x:62y:6z:-37
[20:03:37] [Render thread/INFO]: [CHAT] please go to home x=58 y=6 z=-103 for 15s to fly
[20:03:37] [Render thread/INFO]: [CHAT] x:64y:6z:-37
[20:03:37] [Render thread/INFO]: [CHAT] please go to home x=58 y=6 z=-103 for 15s to fly
[20:03:37] [Render thread/INFO]: [CHAT] x:66y:10z:-37
[20:03:38] [Render thread/INFO]: [CHAT] please go to home x=58 y=6 z=-103 for 15s to fly
[20:03:38] [Render thread/INFO]: [CHAT] x:69y:11z:-38
[20:03:39] [Render thread/INFO]: [CHAT] please go to home x=58 y=6 z=-103 for 15s to fly
[20:03:39] [Render thread/INFO]: [CHAT] x:71y:12z:-38
[20:03:39] [Render thread/INFO]: [CHAT] please go to home x=58 y=6 z=-103 for 15s to fly
[20:03:39] [Render thread/INFO]: [CHAT] x:75y:12z:-39
[20:03:40] [Render thread/INFO]: [CHAT] please go to home x=58 y=6 z=-103 for 15s to fly
[20:03:40] [Render thread/INFO]: [CHAT] x:75y:12z:-39
[20:03:40] [Render thread/INFO]: [CHAT] please go to home x=58 y=6 z=-103 for 15s to fly
[20:03:40] [Render thread/INFO]: [CHAT] x:78y:14z:-39
[20:03:41] [Render thread/INFO]: [CHAT] please go to home x=58 y=6 z=-103 for 15s to fly
[20:03:41] [Render thread/INFO]: [CHAT] x:84y:14z:-40
[20:03:41] [Render thread/INFO]: [CHAT] please go to home x=58 y=6 z=-103 for 15s to fly
[20:03:41] [Render thread/INFO]: [CHAT] x:89y:17z:-40
[20:03:42] [Render thread/INFO]: [CHAT] please go to home x=58 y=6 z=-103 for 15s to fly
[20:03:42] [Render thread/INFO]: [CHAT] x:95y:20z:-41
[20:03:42] [Render thread/INFO]: [CHAT] please go to home x=58 y=6 z=-103 for 15s to fly
[20:03:42] [Render thread/INFO]: [CHAT] x:101y:21z:-42
[20:03:43] [Render thread/INFO]: [CHAT] please go to home x=58 y=6 z=-103 for 15s to fly
[20:03:43] [Render thread/INFO]: [CHAT] x:107y:25z:-42
[20:03:43] [Render thread/INFO]: [CHAT] please go to home x=58 y=6 z=-103 for 15s to fly
[20:03:43] [Render thread/INFO]: [CHAT] x:113y:29z:-43
[20:03:44] [Render thread/INFO]: [CHAT] please go to home x=58 y=6 z=-103 for 15s to fly
[20:03:44] [Render thread/INFO]: [CHAT] x:119y:29z:-43
[20:03:45] [Render thread/INFO]: [CHAT] please go to home x=58 y=6 z=-103 for 15s to fly
[20:03:45] [Render thread/INFO]: [CHAT] x:125y:29z:-43
[20:03:45] [Render thread/INFO]: [CHAT] please go to home x=58 y=6 z=-103 for 15s to fly
[20:03:45] [Render thread/INFO]: [CHAT] x:131y:29z:-43
[20:03:46] [Render thread/INFO]: [CHAT] please go to home x=58 y=6 z=-103 for 15s to fly
[20:03:46] [Render thread/INFO]: [CHAT] x:137y:30z:-44
[20:03:46] [Render thread/INFO]: [CHAT] please go to home x=58 y=6 z=-103 for 15s to fly
[20:03:46] [Render thread/INFO]: [CHAT] x:142y:30z:-44
[20:03:47] [Render thread/INFO]: [CHAT] please go to home x=58 y=6 z=-103 for 15s to fly
[20:03:47] [Render thread/INFO]: [CHAT] x:145y:34z:-44
[20:03:47] [Render thread/INFO]: [CHAT] please go to home x=58 y=6 z=-103 for 15s to fly
[20:03:47] [Render thread/INFO]: [CHAT] x:149y:37z:-44
[20:03:48] [Render thread/INFO]: [CHAT] please go to home x=58 y=6 z=-103 for 15s to fly
[20:03:48] [Render thread/INFO]: [CHAT] x:153y:38z:-44
[20:03:48] [Render thread/INFO]: [CHAT] please go to home x=58 y=6 z=-103 for 15s to fly
[20:03:48] [Render thread/INFO]: [CHAT] x:156y:38z:-45
[20:03:49] [Render thread/INFO]: [CHAT] please go to home x=58 y=6 z=-103 for 15s to fly
[20:03:49] [Render thread/INFO]: [CHAT] x:161y:38z:-45
[20:03:50] [Render thread/INFO]: [CHAT] please go to home x=58 y=6 z=-103 for 15s to fly
[20:03:50] [Render thread/INFO]: [CHAT] x:167y:38z:-45
[20:03:50] [Render thread/INFO]: [CHAT] please go to home x=58 y=6 z=-103 for 15s to fly
[20:03:50] [Render thread/INFO]: [CHAT] x:173y:38z:-45
[20:03:51] [Render thread/INFO]: [CHAT] please go to home x=58 y=6 z=-103 for 15s to fly
[20:03:51] [Render thread/INFO]: [CHAT] x:179y:38z:-45
[20:03:51] [Render thread/INFO]: [CHAT] please go to home x=58 y=6 z=-103 for 15s to fly
[20:03:51] [Render thread/INFO]: [CHAT] x:185y:38z:-46
[20:03:52] [Render thread/INFO]: [CHAT] please go to home x=58 y=6 z=-103 for 15s to fly
[20:03:52] [Render thread/INFO]: [CHAT] x:191y:38z:-46
[20:03:52] [Render thread/INFO]: [CHAT] please go to home x=58 y=6 z=-103 for 15s to fly
[20:03:52] [Render thread/INFO]: [CHAT] x:197y:38z:-46
[20:03:53] [Render thread/INFO]: [CHAT] please go to home x=58 y=6 z=-103 for 15s to fly
[20:03:53] [Render thread/INFO]: [CHAT] x:203y:39z:-46
[20:03:53] [Render thread/INFO]: [CHAT] please go to home x=58 y=6 z=-103 for 15s to fly
[20:03:53] [Render thread/INFO]: [CHAT] x:209y:41z:-47
[20:03:54] [Render thread/INFO]: [CHAT] please go to home x=58 y=6 z=-103 for 15s to fly
[20:03:54] [Render thread/INFO]: [CHAT] x:211y:43z:-47
[20:03:54] [Render thread/INFO]: [CHAT] please go to home x=58 y=6 z=-103 for 15s to fly
[20:03:54] [Render thread/INFO]: [CHAT] x:215y:43z:-48
[20:03:55] [Render thread/INFO]: [CHAT] please go to home x=58 y=6 z=-103 for 15s to fly
[20:03:55] [Render thread/INFO]: [CHAT] x:220y:43z:-48
[20:03:56] [Render thread/INFO]: [CHAT] please go to home x=58 y=6 z=-103 for 15s to fly
[20:03:56] [Render thread/INFO]: [CHAT] x:226y:45z:-48
[20:03:56] [Render thread/INFO]: [CHAT] please go to home x=58 y=6 z=-103 for 15s to fly
[20:03:56] [Render thread/INFO]: [CHAT] x:232y:46z:-49
[20:03:57] [Render thread/INFO]: [CHAT] please go to home x=58 y=6 z=-103 for 15s to fly
[20:03:57] [Render thread/INFO]: [CHAT] x:238y:46z:-49
[20:03:57] [Render thread/INFO]: [CHAT] please go to home x=58 y=6 z=-103 for 15s to fly
[20:03:57] [Render thread/INFO]: [CHAT] x:244y:46z:-49
[20:03:58] [Render thread/INFO]: [CHAT] please go to home x=58 y=6 z=-103 for 15s to fly
[20:03:58] [Render thread/INFO]: [CHAT] x:250y:46z:-49
[20:03:58] [Render thread/INFO]: [CHAT] please go to home x=58 y=6 z=-103 for 15s to fly
[20:03:58] [Render thread/INFO]: [CHAT] x:256y:46z:-49
[20:03:59] [Render thread/INFO]: [CHAT] please go to home x=58 y=6 z=-103 for 15s to fly
[20:03:59] [Render thread/INFO]: [CHAT] x:262y:49z:-48
[20:03:59] [Render thread/INFO]: [CHAT] please go to home x=58 y=6 z=-103 for 15s to fly
[20:03:59] [Render thread/INFO]: [CHAT] x:263y:49z:-48
[20:04:00] [Render thread/INFO]: [CHAT] please go to home x=58 y=6 z=-103 for 15s to fly
[20:04:00] [Render thread/INFO]: [CHAT] x:264y:51z:-47
[20:04:01] [Render thread/INFO]: [CHAT] please go to home x=58 y=6 z=-103 for 15s to fly
[20:04:01] [Render thread/INFO]: [CHAT] x:268y:52z:-46
[20:04:01] [Render thread/INFO]: [CHAT] please go to home x=58 y=6 z=-103 for 15s to fly
[20:04:01] [Render thread/INFO]: [CHAT] x:273y:52z:-45
[20:04:02] [Render thread/INFO]: [CHAT] please go to home x=58 y=6 z=-103 for 15s to fly
[20:04:02] [Render thread/INFO]: [CHAT] x:276y:52z:-45
[20:04:02] [Render thread/INFO]: [CHAT] please go to home x=58 y=6 z=-103 for 15s to fly
[20:04:02] [Render thread/INFO]: [CHAT] x:277y:52z:-44
[20:04:03] [Render thread/INFO]: [CHAT] please go to home x=58 y=6 z=-103 for 15s to fly
[20:04:03] [Render thread/INFO]: [CHAT] x:276y:52z:-43
[20:04:03] [Render thread/INFO]: [CHAT] please go to home x=58 y=6 z=-103 for 15s to fly
[20:04:03] [Render thread/INFO]: [CHAT] x:272y:52z:-40
[20:04:04] [Render thread/INFO]: [CHAT] please go to home x=58 y=6 z=-103 for 15s to fly
[20:04:04] [Render thread/INFO]: [CHAT] x:267y:52z:-38
[20:04:04] [Render thread/INFO]: [CHAT] please go to home x=58 y=6 z=-103 for 15s to fly
[20:04:04] [Render thread/INFO]: [CHAT] x:262y:49z:-37
[20:04:05] [Render thread/INFO]: [CHAT] please go to home x=58 y=6 z=-103 for 15s to fly
[20:04:05] [Render thread/INFO]: [CHAT] x:256y:46z:-36
[20:04:05] [Render thread/INFO]: [CHAT] please go to home x=58 y=6 z=-103 for 15s to fly
[20:04:05] [Render thread/INFO]: [CHAT] x:251y:46z:-37
[20:04:06] [Render thread/INFO]: [CHAT] please go to home x=58 y=6 z=-103 for 15s to fly
[20:04:06] [Render thread/INFO]: [CHAT] x:247y:46z:-40
[20:04:07] [Render thread/INFO]: [CHAT] please go to home x=58 y=6 z=-103 for 15s to fly
[20:04:07] [Render thread/INFO]: [CHAT] x:244y:46z:-45
[20:04:07] [Render thread/INFO]: [CHAT] please go to home x=58 y=6 z=-103 for 15s to fly
[20:04:07] [Render thread/INFO]: [CHAT] x:243y:46z:-50
[20:04:08] [Render thread/INFO]: [CHAT] please go to home x=58 y=6 z=-103 for 15s to fly
[20:04:08] [Render thread/INFO]: [CHAT] x:244y:46z:-56
[20:04:08] [Render thread/INFO]: [CHAT] please go to home x=58 y=6 z=-103 for 15s to fly
[20:04:08] [Render thread/INFO]: [CHAT] x:245y:46z:-61
[20:04:09] [Render thread/INFO]: [CHAT] please go to home x=58 y=6 z=-103 for 15s to fly
[20:04:09] [Render thread/INFO]: [CHAT] x:247y:46z:-67
[20:04:09] [Render thread/INFO]: [CHAT] please go to home x=58 y=6 z=-103 for 15s to fly
[20:04:09] [Render thread/INFO]: [CHAT] x:249y:46z:-73
[20:04:10] [Render thread/INFO]: [CHAT] please go to home x=58 y=6 z=-103 for 15s to fly
[20:04:10] [Render thread/INFO]: [CHAT] x:250y:46z:-79
[20:04:10] [Render thread/INFO]: [CHAT] please go to home x=58 y=6 z=-103 for 15s to fly
[20:04:10] [Render thread/INFO]: [CHAT] x:251y:46z:-85
[20:04:11] [Render thread/INFO]: [CHAT] please go to home x=58 y=6 z=-103 for 15s to fly
[20:04:11] [Render thread/INFO]: [CHAT] x:252y:46z:-90
[20:04:12] [Render thread/INFO]: [CHAT] please go to home x=58 y=6 z=-103 for 15s to fly
[20:04:12] [Render thread/INFO]: [CHAT] x:253y:46z:-96
[20:04:12] [Render thread/INFO]: [CHAT] please go to home x=58 y=6 z=-103 for 15s to fly
[20:04:12] [Render thread/INFO]: [CHAT] x:253y:46z:-102
[20:04:13] [Render thread/INFO]: [CHAT] please go to home x=58 y=6 z=-103 for 15s to fly
[20:04:13] [Render thread/INFO]: [CHAT] x:254y:44z:-108
[20:04:13] [Render thread/INFO]: [CHAT] please go to home x=58 y=6 z=-103 for 15s to fly
[20:04:13] [Render thread/INFO]: [CHAT] x:254y:40z:-111
[20:04:14] [Render thread/INFO]: [CHAT] please go to home x=58 y=6 z=-103 for 15s to fly
[20:04:14] [Render thread/INFO]: [CHAT] x:254y:36z:-112
[20:04:14] [Render thread/INFO]: [CHAT] please go to home x=58 y=6 z=-103 for 15s to fly
[20:04:14] [Render thread/INFO]: [CHAT] x:254y:33z:-112
[20:04:15] [Render thread/INFO]: [CHAT] please go to home x=58 y=6 z=-103 for 15s to fly
[20:04:15] [Render thread/INFO]: [CHAT] x:254y:33z:-109
[20:04:15] [Render thread/INFO]: [CHAT] please go to home x=58 y=6 z=-103 for 15s to fly
[20:04:15] [Render thread/INFO]: [CHAT] x:254y:33z:-107
[20:04:16] [Render thread/INFO]: [CHAT] please go to home x=58 y=6 z=-103 for 15s to fly
[20:04:16] [Render thread/INFO]: [CHAT] x:254y:33z:-107
[20:04:16] [Render thread/INFO]: [CHAT] please go to home x=58 y=6 z=-103 for 15s to fly
[20:04:16] [Render thread/INFO]: [CHAT] x:254y:33z:-106
[20:04:17] [Render thread/INFO]: [CHAT] please go to home x=58 y=6 z=-103 for 15s to fly
[20:04:17] [Render thread/INFO]: [CHAT] x:254y:33z:-106
[20:04:18] [Render thread/INFO]: [CHAT] please go to home x=58 y=6 z=-103 for 15s to fly
[20:04:18] [Render thread/INFO]: [CHAT] x:254y:33z:-105
[20:04:18] [Render thread/INFO]: [CHAT] please go to home x=58 y=6 z=-103 for 15s to fly
[20:04:18] [Render thread/INFO]: [CHAT] x:254y:33z:-103
[20:04:19] [Render thread/INFO]: [CHAT] please go to home x=58 y=6 z=-103 for 15s to fly
[20:04:19] [Render thread/INFO]: [CHAT] x:253y:33z:-102
[20:04:19] [Render thread/INFO]: [CHAT] please go to home x=58 y=6 z=-103 for 15s to fly
[20:04:19] [Render thread/INFO]: [CHAT] x:253y:33z:-101
[20:04:20] [Render thread/INFO]: [CHAT] please go to home x=58 y=6 z=-103 for 15s to fly
[20:04:20] [Render thread/INFO]: [CHAT] x:253y:33z:-100
[20:04:20] [Render thread/INFO]: [CHAT] please go to home x=58 y=6 z=-103 for 15s to fly
[20:04:20] [Render thread/INFO]: [CHAT] x:253y:33z:-100
[20:04:21] [Render thread/INFO]: [CHAT] please go to home x=58 y=6 z=-103 for 15s to fly
[20:04:21] [Render thread/INFO]: [CHAT] x:253y:33z:-100
[20:04:21] [Render thread/INFO]: [CHAT] please go to home x=58 y=6 z=-103 for 15s to fly
[20:04:21] [Render thread/INFO]: [CHAT] x:254y:33z:-101
[20:04:22] [Render thread/INFO]: [CHAT] please go to home x=58 y=6 z=-103 for 15s to fly
[20:04:22] [Render thread/INFO]: [CHAT] x:253y:33z:-102
[20:04:23] [Render thread/INFO]: [CHAT] please go to home x=58 y=6 z=-103 for 15s to fly
[20:04:23] [Render thread/INFO]: [CHAT] x:250y:33z:-104
[20:04:23] [Render thread/INFO]: [CHAT] please go to home x=58 y=6 z=-103 for 15s to fly
[20:04:23] [Render thread/INFO]: [CHAT] x:248y:33z:-105
[20:04:24] [Render thread/INFO]: [CHAT] please go to home x=58 y=6 z=-103 for 15s to fly
[20:04:24] [Render thread/INFO]: [CHAT] x:247y:37z:-105
[20:04:24] [Render thread/INFO]: [CHAT] please go to home x=58 y=6 z=-103 for 15s to fly
[20:04:24] [Render thread/INFO]: [CHAT] x:246y:40z:-106
[20:04:25] [Render thread/INFO]: [CHAT] please go to home x=58 y=6 z=-103 for 15s to fly
[20:04:25] [Render thread/INFO]: [CHAT] x:242y:42z:-107
[20:04:25] [Render thread/INFO]: [CHAT] please go to home x=58 y=6 z=-103 for 15s to fly
[20:04:25] [Render thread/INFO]: [CHAT] x:237y:43z:-109
[20:04:26] [Render thread/INFO]: [CHAT] please go to home x=58 y=6 z=-103 for 15s to fly
[20:04:26] [Render thread/INFO]: [CHAT] x:232y:43z:-111
[20:04:26] [Render thread/INFO]: [CHAT] please go to home x=58 y=6 z=-103 for 15s to fly
[20:04:26] [Render thread/INFO]: [CHAT] x:226y:43z:-113
[20:04:27] [Render thread/INFO]: [CHAT] please go to home x=58 y=6 z=-103 for 15s to fly
[20:04:27] [Render thread/INFO]: [CHAT] x:220y:43z:-114
[20:04:27] [Render thread/INFO]: [CHAT] please go to home x=58 y=6 z=-103 for 15s to fly
[20:04:27] [Render thread/INFO]: [CHAT] x:214y:43z:-115
[20:04:28] [Render thread/INFO]: [CHAT] please go to home x=58 y=6 z=-103 for 15s to fly
[20:04:28] [Render thread/INFO]: [CHAT] x:208y:43z:-116
[20:04:29] [Render thread/INFO]: [CHAT] please go to home x=58 y=6 z=-103 for 15s to fly
[20:04:29] [Render thread/INFO]: [CHAT] x:202y:43z:-116
[20:04:29] [Render thread/INFO]: [CHAT] please go to home x=58 y=6 z=-103 for 15s to fly
[20:04:29] [Render thread/INFO]: [CHAT] x:196y:43z:-116
[20:04:30] [Render thread/INFO]: [CHAT] please go to home x=58 y=6 z=-103 for 15s to fly
[20:04:30] [Render thread/INFO]: [CHAT] x:190y:43z:-117
[20:04:30] [Render thread/INFO]: [CHAT] please go to home x=58 y=6 z=-103 for 15s to fly
[20:04:30] [Render thread/INFO]: [CHAT] x:185y:45z:-117
[20:04:31] [Render thread/INFO]: [CHAT] please go to home x=58 y=6 z=-103 for 15s to fly
[20:04:31] [Render thread/INFO]: [CHAT] x:179y:46z:-117
[20:04:31] [Render thread/INFO]: [CHAT] please go to home x=58 y=6 z=-103 for 15s to fly
[20:04:31] [Render thread/INFO]: [CHAT] x:173y:46z:-119
[20:04:32] [Render thread/INFO]: [CHAT] please go to home x=58 y=6 z=-103 for 15s to fly
[20:04:32] [Render thread/INFO]: [CHAT] x:167y:50z:-119
[20:04:32] [Render thread/INFO]: [CHAT] please go to home x=58 y=6 z=-103 for 15s to fly
[20:04:32] [Render thread/INFO]: [CHAT] x:161y:50z:-120
[20:04:33] [Render thread/INFO]: [CHAT] please go to home x=58 y=6 z=-103 for 15s to fly
[20:04:33] [Render thread/INFO]: [CHAT] x:161y:51z:-120
[20:04:34] [Render thread/INFO]: [CHAT] please go to home x=58 y=6 z=-103 for 15s to fly
[20:04:34] [Render thread/INFO]: [CHAT] x:158y:52z:-121
[20:04:34] [Render thread/INFO]: [CHAT] please go to home x=58 y=6 z=-103 for 15s to fly
[20:04:34] [Render thread/INFO]: [CHAT] x:153y:52z:-121
[20:04:35] [Render thread/INFO]: [CHAT] please go to home x=58 y=6 z=-103 for 15s to fly
[20:04:35] [Render thread/INFO]: [CHAT] x:148y:52z:-121
[20:04:35] [Render thread/INFO]: [CHAT] please go to home x=58 y=6 z=-103 for 15s to fly
[20:04:35] [Render thread/INFO]: [CHAT] x:142y:52z:-122
[20:04:36] [Render thread/INFO]: [CHAT] please go to home x=58 y=6 z=-103 for 15s to fly
[20:04:36] [Render thread/INFO]: [CHAT] x:136y:48z:-122
[20:04:36] [Render thread/INFO]: [CHAT] please go to home x=58 y=6 z=-103 for 15s to fly
[20:04:36] [Render thread/INFO]: [CHAT] x:130y:44z:-123
[20:04:37] [Render thread/INFO]: [CHAT] please go to home x=58 y=6 z=-103 for 15s to fly
[20:04:37] [Render thread/INFO]: [CHAT] x:125y:40z:-123
[20:04:37] [Render thread/INFO]: [CHAT] please go to home x=58 y=6 z=-103 for 15s to fly
[20:04:37] [Render thread/INFO]: [CHAT] x:122y:36z:-123
[20:04:38] [Render thread/INFO]: [CHAT] please go to home x=58 y=6 z=-103 for 15s to fly
[20:04:38] [Render thread/INFO]: [CHAT] x:118y:31z:-124
[20:04:38] [Render thread/INFO]: [CHAT] please go to home x=58 y=6 z=-103 for 15s to fly
[20:04:38] [Render thread/INFO]: [CHAT] x:112y:27z:-124
[20:04:39] [Render thread/INFO]: [CHAT] please go to home x=58 y=6 z=-103 for 15s to fly
[20:04:39] [Render thread/INFO]: [CHAT] x:106y:23z:-124
[20:04:40] [Render thread/INFO]: [CHAT] please go to home x=58 y=6 z=-103 for 15s to fly
[20:04:40] [Render thread/INFO]: [CHAT] x:101y:19z:-125
[20:04:40] [Render thread/INFO]: [CHAT] please go to home x=58 y=6 z=-103 for 15s to fly
[20:04:40] [Render thread/INFO]: [CHAT] x:95y:18z:-125
[20:04:41] [Render thread/INFO]: [CHAT] please go to home x=58 y=6 z=-103 for 15s to fly
[20:04:41] [Render thread/INFO]: [CHAT] x:89y:14z:-126
[20:04:41] [Render thread/INFO]: [CHAT] please go to home x=58 y=6 z=-103 for 15s to fly
[20:04:41] [Render thread/INFO]: [CHAT] x:84y:12z:-126
[20:04:42] [Render thread/INFO]: [CHAT] please go to home x=58 y=6 z=-103 for 15s to fly
[20:04:42] [Render thread/INFO]: [CHAT] x:81y:12z:-126
[20:04:42] [Render thread/INFO]: [CHAT] please go to home x=58 y=6 z=-103 for 15s to fly
[20:04:42] [Render thread/INFO]: [CHAT] x:78y:11z:-126
[20:04:43] [Render thread/INFO]: [CHAT] please go to home x=58 y=6 z=-103 for 15s to fly
[20:04:43] [Render thread/INFO]: [CHAT] x:72y:11z:-127
[20:04:43] [Render thread/INFO]: [CHAT] please go to home x=58 y=6 z=-103 for 15s to fly
[20:04:43] [Render thread/INFO]: [CHAT] x:67y:11z:-127
[20:04:44] [Render thread/INFO]: [CHAT] please go to home x=58 y=6 z=-103 for 15s to fly
[20:04:44] [Render thread/INFO]: [CHAT] x:61y:11z:-128
[20:04:44] [Render thread/INFO]: [CHAT] please go to home x=58 y=6 z=-103 for 15s to fly
[20:04:44] [Render thread/INFO]: [CHAT] x:55y:11z:-128
[20:04:45] [Render thread/INFO]: [CHAT] please go to home x=58 y=6 z=-103 for 15s to fly
[20:04:45] [Render thread/INFO]: [CHAT] x:50y:11z:-128
[20:04:46] [Render thread/INFO]: [CHAT] please go to home x=58 y=6 z=-103 for 15s to fly
[20:04:46] [Render thread/INFO]: [CHAT] x:44y:11z:-129
[20:04:46] [Render thread/INFO]: [CHAT] please go to home x=58 y=6 z=-103 for 15s to fly
[20:04:46] [Render thread/INFO]: [CHAT] x:42y:11z:-129
[20:04:47] [Render thread/INFO]: [CHAT] please go to home x=58 y=6 z=-103 for 15s to fly
[20:04:47] [Render thread/INFO]: [CHAT] x:45y:11z:-129
[20:04:47] [Render thread/INFO]: [CHAT] please go to home x=58 y=6 z=-103 for 15s to fly
[20:04:47] [Render thread/INFO]: [CHAT] x:50y:11z:-128
[20:04:48] [Render thread/INFO]: [CHAT] please go to home x=58 y=6 z=-103 for 15s to fly
[20:04:48] [Render thread/INFO]: [CHAT] x:56y:11z:-128
[20:04:48] [Render thread/INFO]: [CHAT] please go to home x=58 y=6 z=-103 for 15s to fly
[20:04:48] [Render thread/INFO]: [CHAT] x:58y:11z:-128
[20:04:49] [Render thread/INFO]: [CHAT] please go to home x=58 y=6 z=-103 for 15s to fly
[20:04:49] [Render thread/INFO]: [CHAT] x:59y:11z:-128
[20:04:49] [Render thread/INFO]: [CHAT] please go to home x=58 y=6 z=-103 for 15s to fly
[20:04:49] [Render thread/INFO]: [CHAT] x:60y:11z:-128
[20:04:50] [Render thread/INFO]: [CHAT] please go to home x=58 y=6 z=-103 for 15s to fly
[20:04:50] [Render thread/INFO]: [CHAT] x:59y:11z:-129
[20:04:51] [Render thread/INFO]: [CHAT] please go to home x=58 y=6 z=-103 for 15s to fly
[20:04:51] [Render thread/INFO]: [CHAT] x:58y:11z:-131
[20:04:51] [Render thread/INFO]: [CHAT] please go to home x=58 y=6 z=-103 for 15s to fly
[20:04:51] [Render thread/INFO]: [CHAT] x:58y:11z:-133
[20:04:52] [Render thread/INFO]: [CHAT] please go to home x=58 y=6 z=-103 for 15s to fly
[20:04:52] [Render thread/INFO]: [CHAT] x:55y:11z:-136
[20:04:52] [Render thread/INFO]: [CHAT] please go to home x=58 y=6 z=-103 for 15s to fly
[20:04:52] [Render thread/INFO]: [CHAT] x:53y:10z:-138
[20:04:53] [Render thread/INFO]: [CHAT] please go to home x=58 y=6 z=-103 for 15s to fly
[20:04:53] [Render thread/INFO]: [CHAT] x:53y:8z:-138
[20:04:53] [Render thread/INFO]: [CHAT] please go to home x=58 y=6 z=-103 for 15s to fly
[20:04:53] [Render thread/INFO]: [CHAT] x:50y:8z:-140
[20:04:54] [Render thread/INFO]: [CHAT] please go to home x=58 y=6 z=-103 for 15s to fly
[20:04:54] [Render thread/INFO]: [CHAT] x:47y:8z:-142
[20:04:54] [Render thread/INFO]: [CHAT] please go to home x=58 y=6 z=-103 for 15s to fly
[20:04:54] [Render thread/INFO]: [CHAT] x:45y:8z:-143
[20:04:55] [Render thread/INFO]: [CHAT] please go to home x=58 y=6 z=-103 for 15s to fly
[20:04:55] [Render thread/INFO]: [CHAT] x:44y:8z:-143
[20:04:55] [Render thread/INFO]: [CHAT] please go to home x=58 y=6 z=-103 for 15s to fly
[20:04:55] [Render thread/INFO]: [CHAT] x:47y:8z:-144
[20:04:56] [Render thread/INFO]: [CHAT] please go to home x=58 y=6 z=-103 for 15s to fly
[20:04:56] [Render thread/INFO]: [CHAT] x:51y:8z:-144
[20:04:57] [Render thread/INFO]: [CHAT] please go to home x=58 y=6 z=-103 for 15s to fly
[20:04:57] [Render thread/INFO]: [CHAT] x:53y:8z:-145
[20:04:57] [Render thread/INFO]: [CHAT] please go to home x=58 y=6 z=-103 for 15s to fly
[20:04:57] [Render thread/INFO]: [CHAT] x:53y:8z:-143
[20:04:58] [Render thread/INFO]: [CHAT] please go to home x=58 y=6 z=-103 for 15s to fly
[20:04:58] [Render thread/INFO]: [CHAT] x:55y:8z:-141
[20:04:58] [Render thread/INFO]: [CHAT] please go to home x=58 y=6 z=-103 for 15s to fly
[20:04:58] [Render thread/INFO]: [CHAT] x:58y:8z:-140
[20:04:59] [Render thread/INFO]: [CHAT] please go to home x=58 y=6 z=-103 for 15s to fly
[20:04:59] [Render thread/INFO]: [CHAT] x:59y:8z:-140
[20:04:59] [Render thread/INFO]: [CHAT] please go to home x=58 y=6 z=-103 for 15s to fly
[20:04:59] [Render thread/INFO]: [CHAT] x:60y:8z:-140
[20:05:00] [Render thread/INFO]: [CHAT] please go to home x=58 y=6 z=-103 for 15s to fly
[20:05:00] [Render thread/INFO]: [CHAT] x:61y:8z:-142
[20:05:00] [Render thread/INFO]: [CHAT] please go to home x=58 y=6 z=-103 for 15s to fly
[20:05:00] [Render thread/INFO]: [CHAT] x:62y:8z:-144
[20:05:01] [Render thread/INFO]: [CHAT] please go to home x=58 y=6 z=-103 for 15s to fly
[20:05:01] [Render thread/INFO]: [CHAT] x:62y:8z:-144
[20:05:02] [Render thread/INFO]: [CHAT] please go to home x=58 y=6 z=-103 for 15s to fly
[20:05:02] [Render thread/INFO]: [CHAT] x:61y:8z:-141
[20:05:02] [Render thread/INFO]: [CHAT] please go to home x=58 y=6 z=-103 for 15s to fly
[20:05:02] [Render thread/INFO]: [CHAT] x:59y:8z:-137
[20:05:03] [Render thread/INFO]: [CHAT] please go to home x=58 y=6 z=-103 for 15s to fly
[20:05:03] [Render thread/INFO]: [CHAT] x:57y:8z:-134
[20:05:03] [Render thread/INFO]: [CHAT] please go to home x=58 y=6 z=-103 for 15s to fly
[20:05:03] [Render thread/INFO]: [CHAT] x:56y:8z:-133
[20:05:04] [Render thread/INFO]: [CHAT] please go to home x=58 y=6 z=-103 for 15s to fly
[20:05:04] [Render thread/INFO]: [CHAT] x:55y:8z:-131
[20:05:04] [Render thread/INFO]: [CHAT] please go to home x=58 y=6 z=-103 for 15s to fly
[20:05:04] [Render thread/INFO]: [CHAT] x:51y:8z:-128
[20:05:05] [Render thread/INFO]: [CHAT] please go to home x=58 y=6 z=-103 for 15s to fly
[20:05:05] [Render thread/INFO]: [CHAT] x:47y:8z:-124
[20:05:05] [Render thread/INFO]: [CHAT] please go to home x=58 y=6 z=-103 for 15s to fly
[20:05:05] [Render thread/INFO]: [CHAT] x:43y:8z:-121
[20:05:06] [Render thread/INFO]: [CHAT] please go to home x=58 y=6 z=-103 for 15s to fly
[20:05:06] [Render thread/INFO]: [CHAT] x:39y:8z:-118
[20:05:06] [Render thread/INFO]: [CHAT] please go to home x=58 y=6 z=-103 for 15s to fly
[20:05:06] [Render thread/INFO]: [CHAT] x:38y:8z:-117
[20:05:07] [Render thread/INFO]: [CHAT] please go to home x=58 y=6 z=-103 for 15s to fly
[20:05:07] [Render thread/INFO]: [CHAT] x:36y:8z:-116
[20:05:08] [Render thread/INFO]: [CHAT] please go to home x=58 y=6 z=-103 for 15s to fly
[20:05:08] [Render thread/INFO]: [CHAT] x:31y:8z:-114
[20:05:08] [Render thread/INFO]: [CHAT] please go to home x=58 y=6 z=-103 for 15s to fly
[20:05:08] [Render thread/INFO]: [CHAT] x:27y:8z:-112
[20:05:09] [Render thread/INFO]: [CHAT] please go to home x=58 y=6 z=-103 for 15s to fly
[20:05:09] [Render thread/INFO]: [CHAT] x:25y:8z:-111
[20:05:09] [Render thread/INFO]: [CHAT] please go to home x=58 y=6 z=-103 for 15s to fly
[20:05:09] [Render thread/INFO]: [CHAT] x:21y:8z:-111
[20:05:10] [Render thread/INFO]: [CHAT] please go to home x=58 y=6 z=-103 for 15s to fly
[20:05:10] [Render thread/INFO]: [CHAT] x:18y:8z:-110
[20:05:10] [Render thread/INFO]: [CHAT] please go to home x=58 y=6 z=-103 for 15s to fly
[20:05:10] [Render thread/INFO]: [CHAT] x:16y:8z:-110
[20:05:11] [Render thread/INFO]: [CHAT] please go to home x=58 y=6 z=-103 for 15s to fly
[20:05:11] [Render thread/INFO]: [CHAT] x:14y:8z:-110
[20:05:11] [Render thread/INFO]: [CHAT] please go to home x=58 y=6 z=-103 for 15s to fly
[20:05:11] [Render thread/INFO]: [CHAT] x:10y:8z:-109
[20:05:12] [Render thread/INFO]: [CHAT] please go to home x=58 y=6 z=-103 for 15s to fly
[20:05:12] [Render thread/INFO]: [CHAT] x:7y:8z:-109
[20:05:13] [Render thread/INFO]: [CHAT] please go to home x=58 y=6 z=-103 for 15s to fly
[20:05:13] [Render thread/INFO]: [CHAT] x:7y:8z:-109
[20:05:13] [Render thread/INFO]: [CHAT] please go to home x=58 y=6 z=-103 for 15s to fly
[20:05:13] [Render thread/INFO]: [CHAT] x:8y:8z:-109
[20:05:14] [Render thread/INFO]: [CHAT] please go to home x=58 y=6 z=-103 for 15s to fly
[20:05:14] [Render thread/INFO]: [CHAT] x:12y:8z:-109
[20:05:14] [Render thread/INFO]: [CHAT] please go to home x=58 y=6 z=-103 for 15s to fly
[20:05:14] [Render thread/INFO]: [CHAT] x:17y:8z:-109
[20:05:15] [Render thread/INFO]: [CHAT] please go to home x=58 y=6 z=-103 for 15s to fly
[20:05:15] [Render thread/INFO]: [CHAT] x:23y:8z:-109
[20:05:15] [Render thread/INFO]: [CHAT] please go to home x=58 y=6 z=-103 for 15s to fly
[20:05:15] [Render thread/INFO]: [CHAT] x:29y:8z:-109
[20:05:16] [Render thread/INFO]: [CHAT] please go to home x=58 y=6 z=-103 for 15s to fly
[20:05:16] [Render thread/INFO]: [CHAT] x:35y:8z:-109
[20:05:16] [Render thread/INFO]: [CHAT] please go to home x=58 y=6 z=-103 for 15s to fly
[20:05:16] [Render thread/INFO]: [CHAT] x:41y:8z:-109
[20:05:17] [Render thread/INFO]: [CHAT] please go to home x=58 y=6 z=-103 for 15s to fly
[20:05:17] [Render thread/INFO]: [CHAT] x:43y:8z:-109
[20:05:17] [Render thread/INFO]: [CHAT] please go to home x=58 y=6 z=-103 for 15s to fly
[20:05:17] [Render thread/INFO]: [CHAT] x:43y:8z:-109
[20:05:18] [Render thread/INFO]: [CHAT] please go to home x=58 y=6 z=-103 for 15s to fly
[20:05:18] [Render thread/INFO]: [CHAT] x:43y:9z:-109
[20:05:19] [Render thread/INFO]: [CHAT] please go to home x=58 y=6 z=-103 for 15s to fly
[20:05:19] [Render thread/INFO]: [CHAT] x:44y:12z:-109
[20:05:19] [Render thread/INFO]: [CHAT] please go to home x=58 y=6 z=-103 for 15s to fly
[20:05:19] [Render thread/INFO]: [CHAT] x:46y:12z:-109
[20:05:20] [Render thread/INFO]: [CHAT] please go to home x=58 y=6 z=-103 for 15s to fly
[20:05:20] [Render thread/INFO]: [CHAT] x:46y:12z:-109
[20:05:20] [Render thread/INFO]: [CHAT] please go to home x=58 y=6 z=-103 for 15s to fly
[20:05:20] [Render thread/INFO]: [CHAT] x:46y:12z:-109
[20:05:21] [Render thread/INFO]: [CHAT] please go to home x=58 y=6 z=-103 for 15s to fly
[20:05:21] [Render thread/INFO]: [CHAT] x:46y:15z:-109
[20:05:21] [Render thread/INFO]: [CHAT] please go to home x=58 y=6 z=-103 for 15s to fly
[20:05:21] [Render thread/INFO]: [CHAT] x:46y:19z:-109
[20:05:22] [Render thread/INFO]: [CHAT] please go to home x=58 y=6 z=-103 for 15s to fly
[20:05:22] [Render thread/INFO]: [CHAT] x:46y:19z:-109
[20:05:22] [Render thread/INFO]: [CHAT] please go to home x=58 y=6 z=-103 for 15s to fly
[20:05:22] [Render thread/INFO]: [CHAT] x:49y:19z:-108
[20:05:23] [Render thread/INFO]: [CHAT] please go to home x=58 y=6 z=-103 for 15s to fly
[20:05:23] [Render thread/INFO]: [CHAT] x:54y:19z:-108
[20:05:24] [Render thread/INFO]: [CHAT] please go to home x=58 y=6 z=-103 for 15s to fly
[20:05:24] [Render thread/INFO]: [CHAT] x:58y:19z:-107
[20:05:24] [Render thread/INFO]: [CHAT] please go to home x=58 y=6 z=-103 for 15s to fly
[20:05:24] [Render thread/INFO]: [CHAT] x:63y:19z:-106
[20:05:25] [Render thread/INFO]: [CHAT] please go to home x=58 y=6 z=-103 for 15s to fly
[20:05:25] [Render thread/INFO]: [CHAT] x:64y:19z:-107
[20:05:25] [Render thread/INFO]: [CHAT] please go to home x=58 y=6 z=-103 for 15s to fly
[20:05:25] [Render thread/INFO]: [CHAT] x:65y:19z:-108
[20:05:26] [Render thread/INFO]: [CHAT] please go to home x=58 y=6 z=-103 for 15s to fly
[20:05:26] [Render thread/INFO]: [CHAT] x:64y:19z:-106
[20:05:26] [Render thread/INFO]: [CHAT] please go to home x=58 y=6 z=-103 for 15s to fly
[20:05:26] [Render thread/INFO]: [CHAT] x:64y:22z:-104
[20:05:27] [Render thread/INFO]: [CHAT] please go to home x=58 y=6 z=-103 for 15s to fly
[20:05:27] [Render thread/INFO]: [CHAT] x:63y:23z:-102
[20:05:27] [Render thread/INFO]: [CHAT] please go to home x=58 y=6 z=-103 for 15s to fly
[20:05:27] [Render thread/INFO]: [CHAT] x:63y:23z:-101
[20:05:28] [Render thread/INFO]: [CHAT] please go to home x=58 y=6 z=-103 for 15s to fly
[20:05:28] [Render thread/INFO]: [CHAT] x:63y:23z:-101
[20:05:28] [Render thread/INFO]: [CHAT] please go to home x=58 y=6 z=-103 for 15s to fly
[20:05:28] [Render thread/INFO]: [CHAT] x:63y:23z:-101
[20:05:29] [Render thread/INFO]: [CHAT] please go to home x=58 y=6 z=-103 for 15s to fly
[20:05:29] [Render thread/INFO]: [CHAT] x:63y:23z:-101
[20:05:30] [Render thread/INFO]: [CHAT] please go to home x=58 y=6 z=-103 for 15s to fly
[20:05:30] [Render thread/INFO]: [CHAT] x:63y:24z:-101
[20:05:30] [Render thread/INFO]: [CHAT] please go to home x=58 y=6 z=-103 for 15s to fly
[20:05:30] [Render thread/INFO]: [CHAT] x:63y:25z:-101
[20:05:31] [Render thread/INFO]: [CHAT] please go to home x=58 y=6 z=-103 for 15s to fly
[20:05:31] [Render thread/INFO]: [CHAT] x:63y:23z:-101
[20:05:31] [Render thread/INFO]: [CHAT] please go to home x=58 y=6 z=-103 for 15s to fly
[20:05:31] [Render thread/INFO]: [CHAT] x:63y:23z:-101
[20:05:32] [Render thread/INFO]: [CHAT] please go to home x=58 y=6 z=-103 for 15s to fly
[20:05:32] [Render thread/INFO]: [CHAT] x:63y:23z:-101
[20:05:32] [Render thread/INFO]: [CHAT] please go to home x=58 y=6 z=-103 for 15s to fly
[20:05:32] [Render thread/INFO]: [CHAT] x:63y:22z:-103
[20:05:33] [Render thread/INFO]: [CHAT] please go to home x=58 y=6 z=-103 for 15s to fly
[20:05:33] [Render thread/INFO]: [CHAT] x:63y:21z:-103
[20:05:33] [Render thread/INFO]: [CHAT] please go to home x=58 y=6 z=-103 for 15s to fly
[20:05:33] [Render thread/INFO]: [CHAT] x:63y:22z:-103
[20:05:34] [Render thread/INFO]: [CHAT] please go to home x=58 y=6 z=-103 for 15s to fly
[20:05:34] [Render thread/INFO]: [CHAT] x:63y:22z:-103
[20:05:35] [Render thread/INFO]: [CHAT] please go to home x=58 y=6 z=-103 for 15s to fly
[20:05:35] [Render thread/INFO]: [CHAT] x:63y:22z:-102
[20:05:35] [Render thread/INFO]: [CHAT] please go to home x=58 y=6 z=-103 for 15s to fly
[20:05:35] [Render thread/INFO]: [CHAT] x:63y:22z:-101
[20:05:36] [Render thread/INFO]: [CHAT] please go to home x=58 y=6 z=-103 for 15s to fly
[20:05:36] [Render thread/INFO]: [CHAT] x:63y:22z:-101
[20:05:36] [Render thread/INFO]: [CHAT] please go to home x=58 y=6 z=-103 for 15s to fly
[20:05:36] [Render thread/INFO]: [CHAT] x:63y:22z:-99
[20:05:37] [Render thread/INFO]: [CHAT] please go to home x=58 y=6 z=-103 for 15s to fly
[20:05:37] [Render thread/INFO]: [CHAT] x:63y:22z:-99
[20:05:37] [Render thread/INFO]: [CHAT] please go to home x=58 y=6 z=-103 for 15s to fly
[20:05:37] [Render thread/INFO]: [CHAT] x:63y:22z:-100
[20:05:38] [Render thread/INFO]: [CHAT] please go to home x=58 y=6 z=-103 for 15s to fly
[20:05:38] [Render thread/INFO]: [CHAT] x:63y:22z:-101
[20:05:38] [Render thread/INFO]: [CHAT] please go to home x=58 y=6 z=-103 for 15s to fly
[20:05:38] [Render thread/INFO]: [CHAT] x:63y:22z:-101
[20:05:39] [Render thread/INFO]: [CHAT] please go to home x=58 y=6 z=-103 for 15s to fly
[20:05:39] [Render thread/INFO]: [CHAT] x:63y:22z:-101
[20:05:39] [Render thread/INFO]: [CHAT] please go to home x=58 y=6 z=-103 for 15s to fly
[20:05:39] [Render thread/INFO]: [CHAT] x:63y:22z:-102
[20:05:40] [Render thread/INFO]: [CHAT] please go to home x=58 y=6 z=-103 for 15s to fly
[20:05:40] [Render thread/INFO]: [CHAT] x:63y:22z:-102
[20:05:41] [Render thread/INFO]: [CHAT] please go to home x=58 y=6 z=-103 for 15s to fly
[20:05:41] [Render thread/INFO]: [CHAT] x:63y:21z:-103
[20:05:41] [Render thread/INFO]: [CHAT] please go to home x=58 y=6 z=-103 for 15s to fly
[20:05:41] [Render thread/INFO]: [CHAT] x:63y:21z:-103
[20:05:42] [Render thread/INFO]: [CHAT] please go to home x=58 y=6 z=-103 for 15s to fly
[20:05:42] [Render thread/INFO]: [CHAT] x:63y:21z:-103
[20:05:42] [Render thread/INFO]: [CHAT] please go to home x=58 y=6 z=-103 for 15s to fly
[20:05:42] [Render thread/INFO]: [CHAT] x:63y:21z:-103
[20:05:43] [Render thread/INFO]: [CHAT] please go to home x=58 y=6 z=-103 for 15s to fly
[20:05:43] [Render thread/INFO]: [CHAT] x:62y:22z:-103
[20:05:43] [Render thread/INFO]: [CHAT] please go to home x=58 y=6 z=-103 for 15s to fly
[20:05:43] [Render thread/INFO]: [CHAT] x:61y:24z:-103
[20:05:45] [Render thread/INFO]: [CHAT] please go to home x=58 y=6 z=-103 for 15s to fly
[20:05:45] [Render thread/INFO]: [CHAT] x:54y:25z:-103
[20:05:46] [Render thread/INFO]: [CHAT] please go to home x=58 y=6 z=-103 for 15s to fly
[20:05:46] [Render thread/INFO]: [CHAT] x:53y:25z:-103
[20:05:47] [Render thread/INFO]: [CHAT] please go to home x=58 y=6 z=-103 for 15s to fly
[20:05:47] [Render thread/INFO]: [CHAT] x:52y:25z:-103
[20:05:47] [Render thread/INFO]: [CHAT] please go to home x=58 y=6 z=-103 for 15s to fly
[20:05:47] [Render thread/INFO]: [CHAT] x:50y:24z:-103
[20:05:48] [Render thread/INFO]: [CHAT] please go to home x=58 y=6 z=-103 for 15s to fly
[20:05:48] [Render thread/INFO]: [CHAT] x:49y:23z:-103
[20:05:48] [Render thread/INFO]: [CHAT] please go to home x=58 y=6 z=-103 for 15s to fly
[20:05:48] [Render thread/INFO]: [CHAT] x:49y:23z:-103
[20:05:49] [Render thread/INFO]: [CHAT] please go to home x=58 y=6 z=-103 for 15s to fly
[20:05:49] [Render thread/INFO]: [CHAT] x:49y:23z:-103
[20:05:49] [Render thread/INFO]: [CHAT] please go to home x=58 y=6 z=-103 for 15s to fly
[20:05:49] [Render thread/INFO]: [CHAT] x:49y:24z:-103
[20:05:50] [Render thread/INFO]: [CHAT] please go to home x=58 y=6 z=-103 for 15s to fly
[20:05:50] [Render thread/INFO]: [CHAT] x:50y:24z:-103
[20:05:50] [Render thread/INFO]: [CHAT] please go to home x=58 y=6 z=-103 for 15s to fly
[20:05:50] [Render thread/INFO]: [CHAT] x:50y:24z:-103
[20:05:51] [Render thread/INFO]: [CHAT] please go to home x=58 y=6 z=-103 for 15s to fly
[20:05:51] [Render thread/INFO]: [CHAT] x:50y:24z:-103
[20:05:51] [Render thread/INFO]: [CHAT] please go to home x=58 y=6 z=-103 for 15s to fly
[20:05:51] [Render thread/INFO]: [CHAT] x:51y:24z:-103
[20:05:52] [Render thread/INFO]: [CHAT] please go to home x=58 y=6 z=-103 for 15s to fly
[20:05:52] [Render thread/INFO]: [CHAT] x:51y:24z:-103
[20:05:53] [Render thread/INFO]: [CHAT] please go to home x=58 y=6 z=-103 for 15s to fly
[20:05:53] [Render thread/INFO]: [CHAT] x:51y:24z:-103
[20:05:53] [Render thread/INFO]: [CHAT] please go to home x=58 y=6 z=-103 for 15s to fly
[20:05:53] [Render thread/INFO]: [CHAT] x:51y:24z:-103
[20:05:54] [Render thread/INFO]: [CHAT] please go to home x=58 y=6 z=-103 for 15s to fly
[20:05:54] [Render thread/INFO]: [CHAT] x:52y:25z:-103
[20:05:54] [Render thread/INFO]: [CHAT] please go to home x=58 y=6 z=-103 for 15s to fly
[20:05:54] [Render thread/INFO]: [CHAT] x:53y:25z:-103
[20:05:55] [Render thread/INFO]: [CHAT] please go to home x=58 y=6 z=-103 for 15s to fly
[20:05:55] [Render thread/INFO]: [CHAT] x:54y:25z:-103
[20:05:55] [Render thread/INFO]: [CHAT] please go to home x=58 y=6 z=-103 for 15s to fly
[20:05:55] [Render thread/INFO]: [CHAT] x:55y:25z:-103
[20:05:56] [Render thread/INFO]: [CHAT] please go to home x=58 y=6 z=-103 for 15s to fly
[20:05:56] [Render thread/INFO]: [CHAT] x:56y:25z:-103
[20:05:56] [Render thread/INFO]: [CHAT] please go to home x=58 y=6 z=-103 for 15s to fly
[20:05:56] [Render thread/INFO]: [CHAT] x:56y:25z:-103
[20:05:57] [Render thread/INFO]: [CHAT] please go to home x=58 y=6 z=-103 for 15s to fly
[20:05:57] [Render thread/INFO]: [CHAT] x:57y:25z:-103
[20:05:58] [Render thread/INFO]: [CHAT] please go to home x=58 y=6 z=-103 for 15s to fly
[20:05:58] [Render thread/INFO]: [CHAT] x:57y:25z:-103
[20:05:58] [Render thread/INFO]: [CHAT] please go to home x=58 y=6 z=-103 for 15s to fly
[20:05:58] [Render thread/INFO]: [CHAT] x:57y:25z:-103
[20:05:59] [Render thread/INFO]: [CHAT] please go to home x=58 y=6 z=-103 for 15s to fly
[20:05:59] [Render thread/INFO]: [CHAT] x:58y:24z:-103
[20:05:59] [Render thread/INFO]: [CHAT] please go to home x=58 y=6 z=-103 for 15s to fly
[20:05:59] [Render thread/INFO]: [CHAT] x:58y:24z:-103
[20:06:00] [Render thread/INFO]: [CHAT] please go to home x=58 y=6 z=-103 for 15s to fly
[20:06:00] [Render thread/INFO]: [CHAT] x:58y:24z:-103
[20:06:00] [Render thread/INFO]: [CHAT] please go to home x=58 y=6 z=-103 for 15s to fly
[20:06:00] [Render thread/INFO]: [CHAT] x:58y:24z:-103
[20:06:01] [Render thread/INFO]: [CHAT] please go to home x=58 y=6 z=-103 for 15s to fly
[20:06:01] [Render thread/INFO]: [CHAT] x:58y:23z:-103
[20:06:01] [Render thread/INFO]: [CHAT] please go to home x=58 y=6 z=-103 for 15s to fly
[20:06:01] [Render thread/INFO]: [CHAT] x:58y:22z:-103
[20:06:02] [Render thread/INFO]: [CHAT] please go to home x=58 y=6 z=-103 for 15s to fly
[20:06:02] [Render thread/INFO]: [CHAT] x:58y:20z:-103
[20:06:02] [Render thread/INFO]: [CHAT] please go to home x=58 y=6 z=-103 for 15s to fly
[20:06:02] [Render thread/INFO]: [CHAT] x:58y:20z:-103
[20:06:03] [Render thread/INFO]: [CHAT] please go to home x=58 y=6 z=-103 for 15s to fly
[20:06:03] [Render thread/INFO]: [CHAT] x:58y:19z:-103
[20:06:04] [Render thread/INFO]: [CHAT] please go to home x=58 y=6 z=-103 for 15s to fly
[20:06:04] [Render thread/INFO]: [CHAT] x:58y:18z:-103
[20:06:04] [Render thread/INFO]: [CHAT] please go to home x=58 y=6 z=-103 for 15s to fly
[20:06:04] [Render thread/INFO]: [CHAT] x:58y:16z:-103
[20:06:05] [Render thread/INFO]: [CHAT] please go to home x=58 y=6 z=-103 for 15s to fly
[20:06:05] [Render thread/INFO]: [CHAT] x:58y:14z:-103
[20:06:05] [Render thread/INFO]: [CHAT] please go to home x=58 y=6 z=-103 for 15s to fly
[20:06:05] [Render thread/INFO]: [CHAT] x:58y:12z:-103
[20:06:06] [Render thread/INFO]: [CHAT] please go to home x=58 y=6 z=-103 for 15s to fly
[20:06:06] [Render thread/INFO]: [CHAT] x:58y:10z:-103
[20:06:06] [Render thread/INFO]: [CHAT] please go to home x=58 y=6 z=-103 for 15s to fly
[20:06:06] [Render thread/INFO]: [CHAT] x:58y:6z:-103
[20:06:06] [Render thread/INFO]: [CHAT] welcome home,count down30
[20:06:07] [Render thread/INFO]: [CHAT] please go to home x=58 y=6 z=-103 for 15s to fly
[20:06:07] [Render thread/INFO]: [CHAT] x:58y:5z:-103
[20:06:07] [Render thread/INFO]: [CHAT] please go to home x=58 y=6 z=-103 for 15s to fly
[20:06:07] [Render thread/INFO]: [CHAT] x:58y:5z:-103
[20:06:08] [Render thread/INFO]: [CHAT] please go to home x=58 y=6 z=-103 for 15s to fly
[20:06:08] [Render thread/INFO]: [CHAT] x:58y:5z:-103
[20:06:09] [Render thread/INFO]: [CHAT] please go to home x=58 y=6 z=-103 for 15s to fly
[20:06:09] [Render thread/INFO]: [CHAT] x:58y:5z:-103
[20:06:09] [Render thread/INFO]: [CHAT] please go to home x=58 y=6 z=-103 for 15s to fly
[20:06:09] [Render thread/INFO]: [CHAT] x:58y:6z:-104
[20:06:10] [Render thread/INFO]: [CHAT] please go to home x=58 y=6 z=-103 for 15s to fly
[20:06:10] [Render thread/INFO]: [CHAT] x:58y:6z:-104
[20:06:10] [Render thread/INFO]: [CHAT] please go to home x=58 y=6 z=-103 for 15s to fly
[20:06:10] [Render thread/INFO]: [CHAT] x:58y:6z:-104
[20:06:11] [Render thread/INFO]: [CHAT] please go to home x=58 y=6 z=-103 for 15s to fly
[20:06:11] [Render thread/INFO]: [CHAT] x:58y:6z:-104
[20:06:11] [Render thread/INFO]: [CHAT] please go to home x=58 y=6 z=-103 for 15s to fly
[20:06:11] [Render thread/INFO]: [CHAT] x:58y:5z:-103
[20:06:12] [Render thread/INFO]: [CHAT] please go to home x=58 y=6 z=-103 for 15s to fly
[20:06:12] [Render thread/INFO]: [CHAT] x:58y:6z:-103
[20:06:12] [Render thread/INFO]: [CHAT] welcome home,count down30
[20:06:12] [Render thread/INFO]: [CHAT] please go to home x=58 y=6 z=-103 for 15s to fly
[20:06:12] [Render thread/INFO]: [CHAT] x:58y:8z:-103
[20:06:13] [Render thread/INFO]: [CHAT] please go to home x=58 y=6 z=-103 for 15s to fly
[20:06:13] [Render thread/INFO]: [CHAT] x:58y:8z:-103
[20:06:13] [Render thread/INFO]: [CHAT] please go to home x=58 y=6 z=-103 for 15s to fly
[20:06:13] [Render thread/INFO]: [CHAT] x:58y:8z:-103
[20:06:14] [Render thread/INFO]: [CHAT] please go to home x=58 y=6 z=-103 for 15s to fly
[20:06:14] [Render thread/INFO]: [CHAT] x:58y:7z:-103
[20:06:15] [Render thread/INFO]: [CHAT] please go to home x=58 y=6 z=-103 for 15s to fly
[20:06:15] [Render thread/INFO]: [CHAT] x:58y:7z:-103
[20:06:15] [Render thread/INFO]: [CHAT] please go to home x=58 y=6 z=-103 for 15s to fly
[20:06:15] [Render thread/INFO]: [CHAT] x:58y:7z:-103
[20:06:16] [Render thread/INFO]: [CHAT] please go to home x=58 y=6 z=-103 for 15s to fly
[20:06:16] [Render thread/INFO]: [CHAT] x:58y:7z:-102
[20:06:16] [Render thread/INFO]: [CHAT] please go to home x=58 y=6 z=-103 for 15s to fly
[20:06:16] [Render thread/INFO]: [CHAT] x:58y:7z:-102
[20:06:17] [Render thread/INFO]: [CHAT] please go to home x=58 y=6 z=-103 for 15s to fly
[20:06:17] [Render thread/INFO]: [CHAT] x:58y:8z:-104
[20:06:17] [Render thread/INFO]: [CHAT] please go to home x=58 y=6 z=-103 for 15s to fly
[20:06:17] [Render thread/INFO]: [CHAT] x:58y:8z:-105
[20:06:18] [Render thread/INFO]: [CHAT] please go to home x=58 y=6 z=-103 for 15s to fly
[20:06:18] [Render thread/INFO]: [CHAT] x:58y:8z:-103
[20:06:18] [Render thread/INFO]: [CHAT] please go to home x=58 y=6 z=-103 for 15s to fly
[20:06:18] [Render thread/INFO]: [CHAT] x:58y:10z:-103
[20:06:19] [Render thread/INFO]: [CHAT] please go to home x=58 y=6 z=-103 for 15s to fly
[20:06:19] [Render thread/INFO]: [CHAT] x:58y:10z:-103
[20:06:20] [Render thread/INFO]: [CHAT] please go to home x=58 y=6 z=-103 for 15s to fly
[20:06:20] [Render thread/INFO]: [CHAT] x:58y:10z:-103
[20:06:20] [Render thread/INFO]: [CHAT] please go to home x=58 y=6 z=-103 for 15s to fly
[20:06:20] [Render thread/INFO]: [CHAT] x:58y:11z:-103
[20:06:21] [Render thread/INFO]: [CHAT] please go to home x=58 y=6 z=-103 for 15s to fly
[20:06:21] [Render thread/INFO]: [CHAT] x:58y:11z:-103
[20:06:21] [Render thread/INFO]: [CHAT] please go to home x=58 y=6 z=-103 for 15s to fly
[20:06:21] [Render thread/INFO]: [CHAT] x:58y:10z:-103
[20:06:22] [Render thread/INFO]: [CHAT] please go to home x=58 y=6 z=-103 for 15s to fly
[20:06:22] [Render thread/INFO]: [CHAT] x:58y:10z:-103
[20:06:22] [Render thread/INFO]: [CHAT] please go to home x=58 y=6 z=-103 for 15s to fly
[20:06:22] [Render thread/INFO]: [CHAT] x:58y:9z:-103
[20:06:23] [Render thread/INFO]: [CHAT] please go to home x=58 y=6 z=-103 for 15s to fly
[20:06:23] [Render thread/INFO]: [CHAT] x:58y:8z:-103
[20:06:23] [Render thread/INFO]: [CHAT] please go to home x=58 y=6 z=-103 for 15s to fly
[20:06:23] [Render thread/INFO]: [CHAT] x:58y:7z:-103
[20:06:24] [Render thread/INFO]: [CHAT] please go to home x=58 y=6 z=-103 for 15s to fly
[20:06:24] [Render thread/INFO]: [CHAT] x:58y:7z:-103
[20:06:24] [Render thread/INFO]: [CHAT] please go to home x=58 y=6 z=-103 for 15s to fly
[20:06:24] [Render thread/INFO]: [CHAT] x:58y:7z:-103
[20:06:25] [Render thread/INFO]: [CHAT] please go to home x=58 y=6 z=-103 for 15s to fly
[20:06:25] [Render thread/INFO]: [CHAT] x:58y:7z:-103
[20:06:26] [Render thread/INFO]: [CHAT] please go to home x=58 y=6 z=-103 for 15s to fly
[20:06:26] [Render thread/INFO]: [CHAT] x:58y:7z:-103
[20:06:26] [Render thread/INFO]: [CHAT] please go to home x=58 y=6 z=-103 for 15s to fly
[20:06:26] [Render thread/INFO]: [CHAT] x:58y:7z:-103
[20:06:27] [Render thread/INFO]: [CHAT] please go to home x=58 y=6 z=-103 for 15s to fly
[20:06:27] [Render thread/INFO]: [CHAT] x:58y:7z:-103
[20:06:27] [Render thread/INFO]: [CHAT] please go to home x=58 y=6 z=-103 for 15s to fly
[20:06:27] [Render thread/INFO]: [CHAT] x:58y:7z:-103
[20:06:28] [Render thread/INFO]: [CHAT] please go to home x=58 y=6 z=-103 for 15s to fly
[20:06:28] [Render thread/INFO]: [CHAT] x:58y:7z:-103
[20:06:28] [Render thread/INFO]: [CHAT] please go to home x=58 y=6 z=-103 for 15s to fly
[20:06:28] [Render thread/INFO]: [CHAT] x:58y:6z:-103
[20:06:28] [Render thread/INFO]: [CHAT] welcome home,count down30
[20:06:29] [Render thread/INFO]: [CHAT] please go to home x=58 y=6 z=-103 for 15s to fly
[20:06:29] [Render thread/INFO]: [CHAT] x:58y:6z:-103
[20:06:29] [Render thread/INFO]: [CHAT] welcome home,count down29
[20:06:29] [Render thread/INFO]: [CHAT] please go to home x=58 y=6 z=-103 for 15s to fly
[20:06:29] [Render thread/INFO]: [CHAT] x:58y:6z:-103
[20:06:29] [Render thread/INFO]: [CHAT] welcome home,count down28
[20:06:30] [Render thread/INFO]: [CHAT] please go to home x=58 y=6 z=-103 for 15s to fly
[20:06:30] [Render thread/INFO]: [CHAT] x:58y:6z:-103
[20:06:30] [Render thread/INFO]: [CHAT] welcome home,count down27
[20:06:31] [Render thread/INFO]: [CHAT] please go to home x=58 y=6 z=-103 for 15s to fly
[20:06:31] [Render thread/INFO]: [CHAT] x:58y:6z:-103
[20:06:31] [Render thread/INFO]: [CHAT] welcome home,count down26
[20:06:31] [Render thread/INFO]: [CHAT] please go to home x=58 y=6 z=-103 for 15s to fly
[20:06:31] [Render thread/INFO]: [CHAT] x:58y:6z:-103
[20:06:31] [Render thread/INFO]: [CHAT] welcome home,count down25
[20:06:32] [Render thread/INFO]: [CHAT] please go to home x=58 y=6 z=-103 for 15s to fly
[20:06:32] [Render thread/INFO]: [CHAT] x:58y:6z:-103
[20:06:32] [Render thread/INFO]: [CHAT] welcome home,count down24
[20:06:32] [Render thread/INFO]: [CHAT] please go to home x=58 y=6 z=-103 for 15s to fly
[20:06:32] [Render thread/INFO]: [CHAT] x:58y:6z:-103
[20:06:32] [Render thread/INFO]: [CHAT] welcome home,count down23
[20:06:33] [Render thread/INFO]: [CHAT] please go to home x=58 y=6 z=-103 for 15s to fly
[20:06:33] [Render thread/INFO]: [CHAT] x:58y:6z:-103
[20:06:33] [Render thread/INFO]: [CHAT] welcome home,count down22
[20:06:33] [Render thread/INFO]: [CHAT] please go to home x=58 y=6 z=-103 for 15s to fly
[20:06:33] [Render thread/INFO]: [CHAT] x:58y:6z:-103
[20:06:33] [Render thread/INFO]: [CHAT] welcome home,count down21
[20:06:34] [Render thread/INFO]: [CHAT] please go to home x=58 y=6 z=-103 for 15s to fly
[20:06:34] [Render thread/INFO]: [CHAT] x:58y:6z:-103
[20:06:34] [Render thread/INFO]: [CHAT] welcome home,count down20
[20:06:34] [Render thread/INFO]: [CHAT] please go to home x=58 y=6 z=-103 for 15s to fly
[20:06:34] [Render thread/INFO]: [CHAT] x:58y:6z:-103
[20:06:34] [Render thread/INFO]: [CHAT] welcome home,count down19
[20:06:35] [Render thread/INFO]: [CHAT] please go to home x=58 y=6 z=-103 for 15s to fly
[20:06:35] [Render thread/INFO]: [CHAT] x:58y:6z:-103
[20:06:35] [Render thread/INFO]: [CHAT] welcome home,count down18
[20:06:35] [Render thread/INFO]: [CHAT] please go to home x=58 y=6 z=-103 for 15s to fly
[20:06:35] [Render thread/INFO]: [CHAT] x:58y:6z:-103
[20:06:35] [Render thread/INFO]: [CHAT] welcome home,count down17
[20:06:36] [Render thread/INFO]: [CHAT] please go to home x=58 y=6 z=-103 for 15s to fly
[20:06:36] [Render thread/INFO]: [CHAT] x:58y:6z:-103
[20:06:36] [Render thread/INFO]: [CHAT] welcome home,count down16
[20:06:37] [Render thread/INFO]: [CHAT] please go to home x=58 y=6 z=-103 for 15s to fly
[20:06:37] [Render thread/INFO]: [CHAT] x:58y:6z:-103
[20:06:37] [Render thread/INFO]: [CHAT] welcome home,count down15
[20:06:37] [Render thread/INFO]: [CHAT] please go to home x=58 y=6 z=-103 for 15s to fly
[20:06:37] [Render thread/INFO]: [CHAT] x:58y:6z:-103
[20:06:37] [Render thread/INFO]: [CHAT] welcome home,count down14
[20:06:38] [Render thread/INFO]: [CHAT] please go to home x=58 y=6 z=-103 for 15s to fly
[20:06:38] [Render thread/INFO]: [CHAT] x:58y:6z:-103
[20:06:38] [Render thread/INFO]: [CHAT] welcome home,count down13
[20:06:38] [Render thread/INFO]: [CHAT] please go to home x=58 y=6 z=-103 for 15s to fly
[20:06:38] [Render thread/INFO]: [CHAT] x:58y:6z:-103
[20:06:38] [Render thread/INFO]: [CHAT] welcome home,count down12
[20:06:39] [Render thread/INFO]: [CHAT] please go to home x=58 y=6 z=-103 for 15s to fly
[20:06:39] [Render thread/INFO]: [CHAT] x:58y:6z:-103
[20:06:39] [Render thread/INFO]: [CHAT] welcome home,count down11
[20:06:39] [Render thread/INFO]: [CHAT] please go to home x=58 y=6 z=-103 for 15s to fly
[20:06:39] [Render thread/INFO]: [CHAT] x:58y:6z:-103
[20:06:39] [Render thread/INFO]: [CHAT] welcome home,count down10
[20:06:40] [Render thread/INFO]: [CHAT] please go to home x=58 y=6 z=-103 for 15s to fly
[20:06:40] [Render thread/INFO]: [CHAT] x:58y:6z:-103
[20:06:40] [Render thread/INFO]: [CHAT] welcome home,count down9
[20:06:40] [Render thread/INFO]: [CHAT] please go to home x=58 y=6 z=-103 for 15s to fly
[20:06:40] [Render thread/INFO]: [CHAT] x:58y:6z:-103
[20:06:40] [Render thread/INFO]: [CHAT] welcome home,count down8
[20:06:41] [Render thread/INFO]: [CHAT] please go to home x=58 y=6 z=-103 for 15s to fly
[20:06:41] [Render thread/INFO]: [CHAT] x:58y:6z:-103
[20:06:41] [Render thread/INFO]: [CHAT] welcome home,count down7
[20:06:42] [Render thread/INFO]: [CHAT] please go to home x=58 y=6 z=-103 for 15s to fly
[20:06:42] [Render thread/INFO]: [CHAT] x:58y:6z:-103
[20:06:42] [Render thread/INFO]: [CHAT] welcome home,count down6
[20:06:42] [Render thread/INFO]: [CHAT] please go to home x=58 y=6 z=-103 for 15s to fly
[20:06:42] [Render thread/INFO]: [CHAT] x:58y:6z:-103
[20:06:42] [Render thread/INFO]: [CHAT] welcome home,count down5
[20:06:43] [Render thread/INFO]: [CHAT] please go to home x=58 y=6 z=-103 for 15s to fly
[20:06:43] [Render thread/INFO]: [CHAT] x:58y:6z:-103
[20:06:43] [Render thread/INFO]: [CHAT] welcome home,count down4
[20:06:43] [Render thread/INFO]: [CHAT] please go to home x=58 y=6 z=-103 for 15s to fly
[20:06:43] [Render thread/INFO]: [CHAT] x:58y:6z:-103
[20:06:43] [Render thread/INFO]: [CHAT] welcome home,count down3
[20:06:44] [Render thread/INFO]: [CHAT] please go to home x=58 y=6 z=-103 for 15s to fly
[20:06:44] [Render thread/INFO]: [CHAT] x:58y:6z:-103
[20:06:44] [Render thread/INFO]: [CHAT] welcome home,count down2
[20:06:44] [Render thread/INFO]: [CHAT] please go to home x=58 y=6 z=-103 for 15s to fly
[20:06:44] [Render thread/INFO]: [CHAT] x:58y:6z:-103
[20:06:44] [Render thread/INFO]: [CHAT] welcome home,count down1
[20:06:45] [Render thread/INFO]: [CHAT] please go to home x=58 y=6 z=-103 for 15s to fly
[20:06:45] [Render thread/INFO]: [CHAT] x:58y:26z:-103
[20:06:45] [Render thread/INFO]: [CHAT] please go to home x=58 y=6 z=-103 for 15s to fly
[20:06:45] [Render thread/INFO]: [CHAT] x:58y:26z:-103
[20:06:46] [Render thread/INFO]: [CHAT] please go to home x=58 y=6 z=-103 for 15s to fly
[20:06:46] [Render thread/INFO]: [CHAT] x:58y:26z:-103
[20:06:46] [Render thread/INFO]: [CHAT] please go to home x=58 y=6 z=-103 for 15s to fly
[20:06:46] [Render thread/INFO]: [CHAT] x:58y:26z:-103
[20:06:47] [Render thread/INFO]: [CHAT] please go to home x=58 y=6 z=-103 for 15s to fly
[20:06:47] [Render thread/INFO]: [CHAT] x:58y:26z:-103
[20:06:48] [Render thread/INFO]: [CHAT] please go to home x=58 y=6 z=-103 for 15s to fly
[20:06:48] [Render thread/INFO]: [CHAT] x:58y:26z:-103
[20:06:48] [Render thread/INFO]: [CHAT] please go to home x=58 y=6 z=-103 for 15s to fly
[20:06:48] [Render thread/INFO]: [CHAT] x:58y:26z:-103
[20:06:49] [Render thread/INFO]: [CHAT] please go to home x=58 y=6 z=-103 for 15s to fly
[20:06:49] [Render thread/INFO]: [CHAT] x:58y:26z:-103
[20:06:49] [Render thread/INFO]: [CHAT] please go to home x=58 y=6 z=-103 for 15s to fly
[20:06:49] [Render thread/INFO]: [CHAT] x:58y:26z:-103
[20:06:50] [Render thread/INFO]: [CHAT] please go to home x=58 y=6 z=-103 for 15s to fly
[20:06:50] [Render thread/INFO]: [CHAT] x:58y:26z:-103
[20:06:50] [Render thread/INFO]: [CHAT] please go to home x=58 y=6 z=-103 for 15s to fly
[20:06:50] [Render thread/INFO]: [CHAT] x:58y:26z:-103
[20:06:51] [Render thread/INFO]: [CHAT] please go to home x=58 y=6 z=-103 for 15s to fly
[20:06:51] [Render thread/INFO]: [CHAT] x:58y:26z:-103
[20:06:55] [Render thread/INFO]: Stopping!
